<?xml version="1.0" encoding="UTF-8"?>
<!-- Generated by org.testng.reporters.JUnitXMLReporter -->
<testsuite ignored="3" hostname="pc9" failures="0" tests="2" name="Google Title" time="40.742" errors="0" timestamp="2024-01-05T13:12:22 IST">
  <testcase classname="testsuite.TestScript" name="Login" time="14.475"/>
  <testcase classname="testsuite.TestScript" name="TransferinPatient" time="23.93"/>
  <testcase classname="testsuite.TestScript" name="TransferinImprest" time="0.0">
    <ignored/>
  </testcase> <!-- TransferinImprest -->
  <testcase classname="testsuite.TestScript" name="stocktakeOpen" time="0.0">
    <ignored/>
  </testcase> <!-- stocktakeOpen -->
  <testcase classname="testsuite.TestScript" name="stocktakeclose" time="0.0">
    <ignored/>
  </testcase> <!-- stocktakeclose -->
</testsuite> <!-- Google Title -->
