<?xml version="1.0" encoding="UTF-8"?>
<!-- Generated by org.testng.reporters.JUnitXMLReporter -->
<testsuite ignored="0" hostname="pc9" failures="0" tests="18" name="Default test" time="728.319" errors="0" timestamp="2024-01-04T12:53:21 IST">
  <testcase classname="testsuite.TestScript" name="Login" time="15.341"/>
  <testcase classname="testsuite.TestScript" name="stocktakeOpen" time="187.235"/>
  <testcase classname="testsuite.TestScript" name="Transferin" time="22.642"/>
  <testcase classname="testsuite.TestScript" name="Transferin" time="22.415"/>
  <testcase classname="testsuite.TestScript" name="Transferin" time="22.345"/>
  <testcase classname="testsuite.TestScript" name="Transferin" time="22.329"/>
  <testcase classname="testsuite.TestScript" name="Transferin" time="22.406"/>
  <testcase classname="testsuite.TestScript" name="Transferin" time="22.357"/>
  <testcase classname="testsuite.TestScript" name="Transferin" time="22.335"/>
  <testcase classname="testsuite.TestScript" name="Transferin" time="22.505"/>
  <testcase classname="testsuite.TestScript" name="Transferin" time="22.294"/>
  <testcase classname="testsuite.TestScript" name="Transferin" time="22.413"/>
  <testcase classname="testsuite.TestScript" name="Transferin" time="22.48"/>
  <testcase classname="testsuite.TestScript" name="Transferin" time="22.283"/>
  <testcase classname="testsuite.TestScript" name="Transferin" time="22.438"/>
  <testcase classname="testsuite.TestScript" name="Transferin" time="22.335"/>
  <testcase classname="testsuite.TestScript" name="Transferin" time="22.362"/>
  <testcase classname="testsuite.TestScript" name="stocktakeclose" time="186.282"/>
</testsuite> <!-- Default test -->
