<?xml version="1.0" encoding="UTF-8"?>
<!-- Generated by org.testng.reporters.JUnitXMLReporter -->
<testsuite ignored="0" hostname="pc9" failures="0" tests="5" name="Default test" time="79.459" errors="0" timestamp="2024-01-02T18:08:02 IST">
  <testcase classname="testsuite.TestScript" name="Login" time="11.679"/>
  <testcase classname="testsuite.TestScript" name="stocktake" time="6.562"/>
  <testcase classname="testsuite.TestScript" name="Transferin" time="19.726"/>
  <testcase classname="testsuite.TestScript" name="Transferin" time="19.48"/>
  <testcase classname="testsuite.TestScript" name="Transferin" time="19.48"/>
</testsuite> <!-- Default test -->
