<?xml version="1.0" encoding="UTF-8"?>
<!-- Generated by org.testng.reporters.JUnitXMLReporter -->
<testsuite ignored="1" hostname="pc9" failures="0" tests="16" name="Default test" time="356.847" errors="0" timestamp="2024-01-04T12:14:19 IST">
  <testcase classname="testsuite.TestScript" name="Login" time="15.025"/>
  <testcase classname="testsuite.TestScript" name="Transferin" time="22.723"/>
  <testcase classname="testsuite.TestScript" name="Transferin" time="23.006"/>
  <testcase classname="testsuite.TestScript" name="Transferin" time="22.658"/>
  <testcase classname="testsuite.TestScript" name="Transferin" time="22.696"/>
  <testcase classname="testsuite.TestScript" name="Transferin" time="22.705"/>
  <testcase classname="testsuite.TestScript" name="Transferin" time="22.535"/>
  <testcase classname="testsuite.TestScript" name="Transferin" time="22.434"/>
  <testcase classname="testsuite.TestScript" name="Transferin" time="22.601"/>
  <testcase classname="testsuite.TestScript" name="Transferin" time="22.52"/>
  <testcase classname="testsuite.TestScript" name="Transferin" time="22.306"/>
  <testcase classname="testsuite.TestScript" name="Transferin" time="22.454"/>
  <testcase classname="testsuite.TestScript" name="Transferin" time="22.634"/>
  <testcase classname="testsuite.TestScript" name="Transferin" time="22.703"/>
  <testcase classname="testsuite.TestScript" name="Transferin" time="22.669"/>
  <testcase classname="testsuite.TestScript" name="Transferin" time="22.799"/>
  <testcase classname="testsuite.TestScript" name="stocktake" time="0.0">
    <ignored/>
  </testcase> <!-- stocktake -->
</testsuite> <!-- Default test -->
