<?xml version="1.0" encoding="UTF-8"?>
<!-- Generated by org.testng.reporters.JUnitXMLReporter -->
<testsuite ignored="2" hostname="pc9" failures="0" tests="2" name="Default test" time="247.214" errors="0" timestamp="2024-01-04T14:48:00 IST">
  <testcase classname="testsuite.TestScript" name="Login" time="12.846"/>
  <testcase classname="testsuite.TestScript" name="stocktakeOpen" time="232.258"/>
  <testcase classname="testsuite.TestScript" name="Transferin" time="0.0">
    <ignored/>
  </testcase> <!-- Transferin -->
  <testcase classname="testsuite.TestScript" name="stocktakeclose" time="0.0">
    <ignored/>
  </testcase> <!-- stocktakeclose -->
</testsuite> <!-- Default test -->
