<?xml version="1.0" encoding="UTF-8"?>
<!-- Generated by org.testng.reporters.JUnitXMLReporter -->
<testsuite ignored="0" hostname="pc9" failures="0" tests="7" name="Default test" time="148.501" errors="0" timestamp="2024-01-03T13:12:06 IST">
  <testcase classname="testsuite.TestScript" name="Login" time="11.945"/>
  <testcase classname="testsuite.TestScript" name="stocktake" time="6.537"/>
  <testcase classname="testsuite.TestScript" name="Transferin" time="25.51"/>
  <testcase classname="testsuite.TestScript" name="Transferin" time="25.552"/>
  <testcase classname="testsuite.TestScript" name="Transferin" time="25.407"/>
  <testcase classname="testsuite.TestScript" name="Transferin" time="25.562"/>
  <testcase classname="testsuite.TestScript" name="Transferin" time="25.527"/>
</testsuite> <!-- Default test -->
