<?xml version="1.0" encoding="UTF-8"?>
<!-- Generated by org.testng.reporters.JUnitXMLReporter -->
<testsuite ignored="7" hostname="pc9" failures="0" tests="2" name="Default test" time="35.024" errors="0" timestamp="2024-01-09T16:10:43 IST">
  <testcase classname="strongroom.Agedcare" name="Login" time="11.219"/>
  <testcase classname="strongroom.Agedcare" name="DestroyPatient" time="21.017"/>
  <testcase classname="strongroom.Agedcare" name="TransferinImprest" time="0.0">
    <ignored/>
  </testcase> <!-- TransferinImprest -->
  <testcase classname="strongroom.Agedcare" name="TransferoutImprest" time="0.0">
    <ignored/>
  </testcase> <!-- TransferoutImprest -->
  <testcase classname="strongroom.Agedcare" name="TransferoutPatient" time="0.0">
    <ignored/>
  </testcase> <!-- TransferoutPatient -->
  <testcase classname="strongroom.Agedcare" name="Destroyimprest" time="0.0">
    <ignored/>
  </testcase> <!-- Destroyimprest -->
  <testcase classname="strongroom.Agedcare" name="TransferinPatient" time="0.0">
    <ignored/>
  </testcase> <!-- TransferinPatient -->
  <testcase classname="strongroom.Agedcare" name="stocktakeOpen" time="0.0">
    <ignored/>
  </testcase> <!-- stocktakeOpen -->
  <testcase classname="strongroom.Agedcare" name="stocktakeclose" time="0.0">
    <ignored/>
  </testcase> <!-- stocktakeclose -->
</testsuite> <!-- Default test -->
