<?xml version="1.0" encoding="UTF-8"?>
<!-- Generated by org.testng.reporters.JUnitXMLReporter -->
<testsuite ignored="3" hostname="pc9" failures="0" tests="1" name="Default test" time="13.78" errors="0" timestamp="2024-01-04T18:26:07 IST">
  <testcase classname="testsuite.TestScript" name="Login" time="11.581"/>
  <testcase classname="testsuite.TestScript" name="Transferin" time="0.0">
    <ignored/>
  </testcase> <!-- Transferin -->
  <testcase classname="testsuite.TestScript" name="stocktakeOpen" time="0.0">
    <ignored/>
  </testcase> <!-- stocktakeOpen -->
  <testcase classname="testsuite.TestScript" name="stocktakeclose" time="0.0">
    <ignored/>
  </testcase> <!-- stocktakeclose -->
</testsuite> <!-- Default test -->
