<?xml version="1.0" encoding="UTF-8"?>
<!-- Generated by org.testng.reporters.JUnitXMLReporter -->
<testsuite ignored="0" hostname="pc9" failures="1" tests="2" name="Test" time="444.546" errors="0" timestamp="2023-12-27T13:12:03 IST">
  <testcase classname="launchbrowser.BalanceTest" name="topMethodTest" time="17.773"/>
  <testcase classname="launchbrowser.BalanceTest" name="runTest" time="425.395">
    <failure type="java.lang.IndexOutOfBoundsException" message="Index 15 out of bounds for length 15">
      <![CDATA[java.lang.IndexOutOfBoundsException: Index 15 out of bounds for length 15
at java.base/jdk.internal.util.Preconditions.outOfBounds(Preconditions.java:64)
at java.base/jdk.internal.util.Preconditions.outOfBoundsCheckIndex(Preconditions.java:70)
at java.base/jdk.internal.util.Preconditions.checkIndex(Preconditions.java:266)
at java.base/java.util.Objects.checkIndex(Objects.java:361)
at java.base/java.util.ArrayList.get(ArrayList.java:427)
at launchbrowser.BalanceTest.secondmthod(BalanceTest.java:239)
at launchbrowser.BalanceTest.run(BalanceTest.java:145)
at launchbrowser.BalanceTest.runTest(BalanceTest.java:66)
at java.base/java.util.ArrayList.forEach(ArrayList.java:1511)
... Removed 27 stack frames]]>
    </failure>
  </testcase> <!-- runTest -->
</testsuite> <!-- Test -->
