<?xml version="1.0" encoding="UTF-8"?>
<!-- Generated by org.testng.reporters.JUnitXMLReporter -->
<testsuite ignored="10" hostname="pc9" failures="0" tests="2" name="Aged care" time="23.981" errors="0" timestamp="2024-01-09T19:04:31 IST">
  <testcase classname="strongroom.Agedcare" name="Login" time="11.276"/>
  <testcase classname="strongroom.Agedcare" name="Adjustmentimprest" time="9.924"/>
  <testcase classname="strongroom.Agedcare" name="TransferinImprest" time="0.0">
    <ignored/>
  </testcase> <!-- TransferinImprest -->
  <testcase classname="strongroom.Agedcare" name="DestroyPatient" time="0.0">
    <ignored/>
  </testcase> <!-- DestroyPatient -->
  <testcase classname="strongroom.Agedcare" name="TransferoutImprest" time="0.0">
    <ignored/>
  </testcase> <!-- TransferoutImprest -->
  <testcase classname="strongroom.Agedcare" name="TransferoutPatient" time="0.0">
    <ignored/>
  </testcase> <!-- TransferoutPatient -->
  <testcase classname="strongroom.Agedcare" name="OutgoingPatient" time="0.0">
    <ignored/>
  </testcase> <!-- OutgoingPatient -->
  <testcase classname="strongroom.Agedcare" name="Destroyimprest" time="0.0">
    <ignored/>
  </testcase> <!-- Destroyimprest -->
  <testcase classname="strongroom.Agedcare" name="TransferinPatient" time="0.0">
    <ignored/>
  </testcase> <!-- TransferinPatient -->
  <testcase classname="strongroom.Agedcare" name="Outgoingimprest" time="0.0">
    <ignored/>
  </testcase> <!-- Outgoingimprest -->
  <testcase classname="strongroom.Agedcare" name="stocktakeOpen" time="0.0">
    <ignored/>
  </testcase> <!-- stocktakeOpen -->
  <testcase classname="strongroom.Agedcare" name="stocktakeclose" time="0.0">
    <ignored/>
  </testcase> <!-- stocktakeclose -->
</testsuite> <!-- Aged care -->
