<?xml version="1.0" encoding="UTF-8"?>
<!-- Generated by org.testng.reporters.JUnitXMLReporter -->
<testsuite ignored="3" hostname="pc9" failures="0" tests="16" name="Aged care" time="383.301" errors="0" timestamp="2024-01-05T16:43:23 IST">
  <testcase classname="testsuite.TestScript" name="Login" time="13.492"/>
  <testcase classname="testsuite.TestScript" name="TransferinPatient" time="24.532"/>
  <testcase classname="testsuite.TestScript" name="TransferinPatient" time="25.125"/>
  <testcase classname="testsuite.TestScript" name="TransferinPatient" time="24.164"/>
  <testcase classname="testsuite.TestScript" name="TransferinPatient" time="24.409"/>
  <testcase classname="testsuite.TestScript" name="TransferinPatient" time="24.954"/>
  <testcase classname="testsuite.TestScript" name="TransferinPatient" time="24.85"/>
  <testcase classname="testsuite.TestScript" name="TransferinPatient" time="24.37"/>
  <testcase classname="testsuite.TestScript" name="TransferinPatient" time="24.127"/>
  <testcase classname="testsuite.TestScript" name="TransferinPatient" time="24.196"/>
  <testcase classname="testsuite.TestScript" name="TransferinPatient" time="24.424"/>
  <testcase classname="testsuite.TestScript" name="TransferinPatient" time="24.455"/>
  <testcase classname="testsuite.TestScript" name="TransferinPatient" time="24.66"/>
  <testcase classname="testsuite.TestScript" name="TransferinPatient" time="24.346"/>
  <testcase classname="testsuite.TestScript" name="TransferinPatient" time="24.56"/>
  <testcase classname="testsuite.TestScript" name="TransferinPatient" time="24.153"/>
  <testcase classname="testsuite.TestScript" name="TransferinImprest" time="0.0">
    <ignored/>
  </testcase> <!-- TransferinImprest -->
  <testcase classname="testsuite.TestScript" name="stocktakeOpen" time="0.0">
    <ignored/>
  </testcase> <!-- stocktakeOpen -->
  <testcase classname="testsuite.TestScript" name="stocktakeclose" time="0.0">
    <ignored/>
  </testcase> <!-- stocktakeclose -->
</testsuite> <!-- Aged care -->
