<?xml version="1.0" encoding="UTF-8"?>
<!-- Generated by org.testng.reporters.JUnitXMLReporter -->
<testsuite ignored="4" hostname="pc9" failures="0" tests="3" name="Aged care" time="63.908" errors="0" timestamp="2024-01-08T10:52:40 IST">
  <testcase classname="strongroom.Agedcare" name="Login" time="12.595"/>
  <testcase classname="strongroom.Agedcare" name="TransferoutImprest" time="24.366"/>
  <testcase classname="strongroom.Agedcare" name="TransferoutImprest" time="24.569"/>
  <testcase classname="strongroom.Agedcare" name="TransferinImprest" time="0.0">
    <ignored/>
  </testcase> <!-- TransferinImprest -->
  <testcase classname="strongroom.Agedcare" name="TransferinPatient" time="0.0">
    <ignored/>
  </testcase> <!-- TransferinPatient -->
  <testcase classname="strongroom.Agedcare" name="stocktakeOpen" time="0.0">
    <ignored/>
  </testcase> <!-- stocktakeOpen -->
  <testcase classname="strongroom.Agedcare" name="stocktakeclose" time="0.0">
    <ignored/>
  </testcase> <!-- stocktakeclose -->
</testsuite> <!-- Aged care -->
