<?xml version="1.0" encoding="UTF-8"?>
<!-- Generated by org.testng.reporters.JUnitXMLReporter -->
<testsuite ignored="5" hostname="pc9" failures="6" tests="16" name="Aged care" time="251.814" errors="0" timestamp="2024-01-09T13:38:29 IST">
  <testcase classname="strongroom.Agedcare" name="Login" time="11.402"/>
  <testcase classname="strongroom.Agedcare" name="TransferoutPatient" time="26.056"/>
  <testcase classname="strongroom.Agedcare" name="TransferoutPatient" time="25.607"/>
  <testcase classname="strongroom.Agedcare" name="TransferoutPatient" time="25.597"/>
  <testcase classname="strongroom.Agedcare" name="TransferoutPatient" time="25.555"/>
  <testcase classname="strongroom.Agedcare" name="TransferoutPatient" time="25.645"/>
  <testcase classname="strongroom.Agedcare" name="TransferoutPatient" time="25.653"/>
  <testcase classname="strongroom.Agedcare" name="TransferoutPatient" time="25.62"/>
  <testcase classname="strongroom.Agedcare" name="TransferoutPatient" time="25.521"/>
  <testcase classname="strongroom.Agedcare" name="TransferoutPatient" time="25.514"/>
  <testcase classname="strongroom.Agedcare" name="TransferoutPatient" time="1.127">
    <failure type="org.openqa.selenium.ElementClickInterceptedException" message="element click intercepted: Element &amp;lt;button class=&amp;quot;actions-menu-item&amp;quot;&amp;gt;...&amp;lt;/button&amp;gt; is not clickable at point (112, 248). Other element would receive the click: &amp;lt;div class=&amp;quot;modal-wrapper&amp;quot;&amp;gt;...&amp;lt;/div&amp;gt;
  (Session info: chrome=119.0.6045.159)
Build info: version: &amp;apos;4.16.1&amp;apos;, revision: &amp;apos;9b4c83354e&amp;apos;
System info: os.name: &amp;apos;Linux&amp;apos;, os.arch: &amp;apos;amd64&amp;apos;, os.version: &amp;apos;5.15.0-91-generic&amp;apos;, java.version: &amp;apos;17.0.7&amp;apos;
Driver info: org.openqa.selenium.chrome.ChromeDriver
Command: [b94ec5db8b704004efe656b627ab80db, clickElement {id=2657A7C6EFE90E0A495F0441F79CCF71_element_45}]
Capabilities {acceptInsecureCerts: false, browserName: chrome, browserVersion: 119.0.6045.159, chrome: {chromedriverVersion: 119.0.6045.105 (38c72552c5e..., userDataDir: /tmp/.org.chromium.Chromium...}, fedcm:accounts: true, goog:chromeOptions: {debuggerAddress: localhost:35115}, networkConnectionEnabled: false, pageLoadStrategy: normal, platformName: linux, proxy: Proxy(), se:cdp: ws://localhost:35115/devtoo..., se:cdpVersion: 119.0.6045.159, setWindowRect: true, strictFileInteractability: false, timeouts: {implicit: 0, pageLoad: 300000, script: 30000}, unhandledPromptBehavior: dismiss and notify, webauthn:extension:credBlob: true, webauthn:extension:largeBlob: true, webauthn:extension:minPinLength: true, webauthn:extension:prf: true, webauthn:virtualAuthenticators: true}
Element: [[ChromeDriver: chrome on linux (b94ec5db8b704004efe656b627ab80db)] -&amp;gt; xpath: //button[normalize-space()=&amp;apos;Transfer Out&amp;apos;]]
Session ID: b94ec5db8b704004efe656b627ab80db">
      <![CDATA[org.openqa.selenium.ElementClickInterceptedException: element click intercepted: Element <button class="actions-menu-item">...</button> is not clickable at point (112, 248). Other element would receive the click: <div class="modal-wrapper">...</div>
  (Session info: chrome=119.0.6045.159)
Build info: version: '4.16.1', revision: '9b4c83354e'
System info: os.name: 'Linux', os.arch: 'amd64', os.version: '5.15.0-91-generic', java.version: '17.0.7'
Driver info: org.openqa.selenium.chrome.ChromeDriver
Command: [b94ec5db8b704004efe656b627ab80db, clickElement {id=2657A7C6EFE90E0A495F0441F79CCF71_element_45}]
Capabilities {acceptInsecureCerts: false, browserName: chrome, browserVersion: 119.0.6045.159, chrome: {chromedriverVersion: 119.0.6045.105 (38c72552c5e..., userDataDir: /tmp/.org.chromium.Chromium...}, fedcm:accounts: true, goog:chromeOptions: {debuggerAddress: localhost:35115}, networkConnectionEnabled: false, pageLoadStrategy: normal, platformName: linux, proxy: Proxy(), se:cdp: ws://localhost:35115/devtoo..., se:cdpVersion: 119.0.6045.159, setWindowRect: true, strictFileInteractability: false, timeouts: {implicit: 0, pageLoad: 300000, script: 30000}, unhandledPromptBehavior: dismiss and notify, webauthn:extension:credBlob: true, webauthn:extension:largeBlob: true, webauthn:extension:minPinLength: true, webauthn:extension:prf: true, webauthn:virtualAuthenticators: true}
Element: [[ChromeDriver: chrome on linux (b94ec5db8b704004efe656b627ab80db)] -> xpath: //button[normalize-space()='Transfer Out']]
Session ID: b94ec5db8b704004efe656b627ab80db
at org.openqa.selenium.remote.codec.w3c.W3CHttpResponseCodec.createException(W3CHttpResponseCodec.java:200)
at org.openqa.selenium.remote.codec.w3c.W3CHttpResponseCodec.decode(W3CHttpResponseCodec.java:133)
at org.openqa.selenium.remote.codec.w3c.W3CHttpResponseCodec.decode(W3CHttpResponseCodec.java:52)
at org.openqa.selenium.remote.HttpCommandExecutor.execute(HttpCommandExecutor.java:191)
at org.openqa.selenium.remote.service.DriverCommandExecutor.invokeExecute(DriverCommandExecutor.java:200)
at org.openqa.selenium.remote.service.DriverCommandExecutor.execute(DriverCommandExecutor.java:175)
at org.openqa.selenium.remote.RemoteWebDriver.execute(RemoteWebDriver.java:523)
at org.openqa.selenium.remote.RemoteWebElement.execute(RemoteWebElement.java:224)
at org.openqa.selenium.remote.RemoteWebElement.click(RemoteWebElement.java:77)
at objects.TransferoutPatientPage.transferout(TransferoutPatientPage.java:52)
at strongroom.Agedcare.TransferoutPatient(Agedcare.java:69)
at java.base/java.util.ArrayList.forEach(ArrayList.java:1511)
... Removed 32 stack frames]]>
    </failure>
  </testcase> <!-- TransferoutPatient -->
  <testcase classname="strongroom.Agedcare" name="TransferoutPatient" time="1.094">
    <failure type="org.openqa.selenium.ElementClickInterceptedException" message="element click intercepted: Element &amp;lt;button class=&amp;quot;actions-menu-item&amp;quot;&amp;gt;...&amp;lt;/button&amp;gt; is not clickable at point (112, 248). Other element would receive the click: &amp;lt;div class=&amp;quot;modal-wrapper&amp;quot;&amp;gt;...&amp;lt;/div&amp;gt;
  (Session info: chrome=119.0.6045.159)
Build info: version: &amp;apos;4.16.1&amp;apos;, revision: &amp;apos;9b4c83354e&amp;apos;
System info: os.name: &amp;apos;Linux&amp;apos;, os.arch: &amp;apos;amd64&amp;apos;, os.version: &amp;apos;5.15.0-91-generic&amp;apos;, java.version: &amp;apos;17.0.7&amp;apos;
Driver info: org.openqa.selenium.chrome.ChromeDriver
Command: [b94ec5db8b704004efe656b627ab80db, clickElement {id=2657A7C6EFE90E0A495F0441F79CCF71_element_45}]
Capabilities {acceptInsecureCerts: false, browserName: chrome, browserVersion: 119.0.6045.159, chrome: {chromedriverVersion: 119.0.6045.105 (38c72552c5e..., userDataDir: /tmp/.org.chromium.Chromium...}, fedcm:accounts: true, goog:chromeOptions: {debuggerAddress: localhost:35115}, networkConnectionEnabled: false, pageLoadStrategy: normal, platformName: linux, proxy: Proxy(), se:cdp: ws://localhost:35115/devtoo..., se:cdpVersion: 119.0.6045.159, setWindowRect: true, strictFileInteractability: false, timeouts: {implicit: 0, pageLoad: 300000, script: 30000}, unhandledPromptBehavior: dismiss and notify, webauthn:extension:credBlob: true, webauthn:extension:largeBlob: true, webauthn:extension:minPinLength: true, webauthn:extension:prf: true, webauthn:virtualAuthenticators: true}
Element: [[ChromeDriver: chrome on linux (b94ec5db8b704004efe656b627ab80db)] -&amp;gt; xpath: //button[normalize-space()=&amp;apos;Transfer Out&amp;apos;]]
Session ID: b94ec5db8b704004efe656b627ab80db">
      <![CDATA[org.openqa.selenium.ElementClickInterceptedException: element click intercepted: Element <button class="actions-menu-item">...</button> is not clickable at point (112, 248). Other element would receive the click: <div class="modal-wrapper">...</div>
  (Session info: chrome=119.0.6045.159)
Build info: version: '4.16.1', revision: '9b4c83354e'
System info: os.name: 'Linux', os.arch: 'amd64', os.version: '5.15.0-91-generic', java.version: '17.0.7'
Driver info: org.openqa.selenium.chrome.ChromeDriver
Command: [b94ec5db8b704004efe656b627ab80db, clickElement {id=2657A7C6EFE90E0A495F0441F79CCF71_element_45}]
Capabilities {acceptInsecureCerts: false, browserName: chrome, browserVersion: 119.0.6045.159, chrome: {chromedriverVersion: 119.0.6045.105 (38c72552c5e..., userDataDir: /tmp/.org.chromium.Chromium...}, fedcm:accounts: true, goog:chromeOptions: {debuggerAddress: localhost:35115}, networkConnectionEnabled: false, pageLoadStrategy: normal, platformName: linux, proxy: Proxy(), se:cdp: ws://localhost:35115/devtoo..., se:cdpVersion: 119.0.6045.159, setWindowRect: true, strictFileInteractability: false, timeouts: {implicit: 0, pageLoad: 300000, script: 30000}, unhandledPromptBehavior: dismiss and notify, webauthn:extension:credBlob: true, webauthn:extension:largeBlob: true, webauthn:extension:minPinLength: true, webauthn:extension:prf: true, webauthn:virtualAuthenticators: true}
Element: [[ChromeDriver: chrome on linux (b94ec5db8b704004efe656b627ab80db)] -> xpath: //button[normalize-space()='Transfer Out']]
Session ID: b94ec5db8b704004efe656b627ab80db
at org.openqa.selenium.remote.codec.w3c.W3CHttpResponseCodec.createException(W3CHttpResponseCodec.java:200)
at org.openqa.selenium.remote.codec.w3c.W3CHttpResponseCodec.decode(W3CHttpResponseCodec.java:133)
at org.openqa.selenium.remote.codec.w3c.W3CHttpResponseCodec.decode(W3CHttpResponseCodec.java:52)
at org.openqa.selenium.remote.HttpCommandExecutor.execute(HttpCommandExecutor.java:191)
at org.openqa.selenium.remote.service.DriverCommandExecutor.invokeExecute(DriverCommandExecutor.java:200)
at org.openqa.selenium.remote.service.DriverCommandExecutor.execute(DriverCommandExecutor.java:175)
at org.openqa.selenium.remote.RemoteWebDriver.execute(RemoteWebDriver.java:523)
at org.openqa.selenium.remote.RemoteWebElement.execute(RemoteWebElement.java:224)
at org.openqa.selenium.remote.RemoteWebElement.click(RemoteWebElement.java:77)
at objects.TransferoutPatientPage.transferout(TransferoutPatientPage.java:52)
at strongroom.Agedcare.TransferoutPatient(Agedcare.java:69)
at java.base/java.util.ArrayList.forEach(ArrayList.java:1511)
... Removed 32 stack frames]]>
    </failure>
  </testcase> <!-- TransferoutPatient -->
  <testcase classname="strongroom.Agedcare" name="TransferoutPatient" time="1.142">
    <failure type="org.openqa.selenium.ElementClickInterceptedException" message="element click intercepted: Element &amp;lt;button class=&amp;quot;actions-menu-item&amp;quot;&amp;gt;...&amp;lt;/button&amp;gt; is not clickable at point (112, 248). Other element would receive the click: &amp;lt;div class=&amp;quot;modal-wrapper&amp;quot;&amp;gt;...&amp;lt;/div&amp;gt;
  (Session info: chrome=119.0.6045.159)
Build info: version: &amp;apos;4.16.1&amp;apos;, revision: &amp;apos;9b4c83354e&amp;apos;
System info: os.name: &amp;apos;Linux&amp;apos;, os.arch: &amp;apos;amd64&amp;apos;, os.version: &amp;apos;5.15.0-91-generic&amp;apos;, java.version: &amp;apos;17.0.7&amp;apos;
Driver info: org.openqa.selenium.chrome.ChromeDriver
Command: [b94ec5db8b704004efe656b627ab80db, clickElement {id=2657A7C6EFE90E0A495F0441F79CCF71_element_45}]
Capabilities {acceptInsecureCerts: false, browserName: chrome, browserVersion: 119.0.6045.159, chrome: {chromedriverVersion: 119.0.6045.105 (38c72552c5e..., userDataDir: /tmp/.org.chromium.Chromium...}, fedcm:accounts: true, goog:chromeOptions: {debuggerAddress: localhost:35115}, networkConnectionEnabled: false, pageLoadStrategy: normal, platformName: linux, proxy: Proxy(), se:cdp: ws://localhost:35115/devtoo..., se:cdpVersion: 119.0.6045.159, setWindowRect: true, strictFileInteractability: false, timeouts: {implicit: 0, pageLoad: 300000, script: 30000}, unhandledPromptBehavior: dismiss and notify, webauthn:extension:credBlob: true, webauthn:extension:largeBlob: true, webauthn:extension:minPinLength: true, webauthn:extension:prf: true, webauthn:virtualAuthenticators: true}
Element: [[ChromeDriver: chrome on linux (b94ec5db8b704004efe656b627ab80db)] -&amp;gt; xpath: //button[normalize-space()=&amp;apos;Transfer Out&amp;apos;]]
Session ID: b94ec5db8b704004efe656b627ab80db">
      <![CDATA[org.openqa.selenium.ElementClickInterceptedException: element click intercepted: Element <button class="actions-menu-item">...</button> is not clickable at point (112, 248). Other element would receive the click: <div class="modal-wrapper">...</div>
  (Session info: chrome=119.0.6045.159)
Build info: version: '4.16.1', revision: '9b4c83354e'
System info: os.name: 'Linux', os.arch: 'amd64', os.version: '5.15.0-91-generic', java.version: '17.0.7'
Driver info: org.openqa.selenium.chrome.ChromeDriver
Command: [b94ec5db8b704004efe656b627ab80db, clickElement {id=2657A7C6EFE90E0A495F0441F79CCF71_element_45}]
Capabilities {acceptInsecureCerts: false, browserName: chrome, browserVersion: 119.0.6045.159, chrome: {chromedriverVersion: 119.0.6045.105 (38c72552c5e..., userDataDir: /tmp/.org.chromium.Chromium...}, fedcm:accounts: true, goog:chromeOptions: {debuggerAddress: localhost:35115}, networkConnectionEnabled: false, pageLoadStrategy: normal, platformName: linux, proxy: Proxy(), se:cdp: ws://localhost:35115/devtoo..., se:cdpVersion: 119.0.6045.159, setWindowRect: true, strictFileInteractability: false, timeouts: {implicit: 0, pageLoad: 300000, script: 30000}, unhandledPromptBehavior: dismiss and notify, webauthn:extension:credBlob: true, webauthn:extension:largeBlob: true, webauthn:extension:minPinLength: true, webauthn:extension:prf: true, webauthn:virtualAuthenticators: true}
Element: [[ChromeDriver: chrome on linux (b94ec5db8b704004efe656b627ab80db)] -> xpath: //button[normalize-space()='Transfer Out']]
Session ID: b94ec5db8b704004efe656b627ab80db
at org.openqa.selenium.remote.codec.w3c.W3CHttpResponseCodec.createException(W3CHttpResponseCodec.java:200)
at org.openqa.selenium.remote.codec.w3c.W3CHttpResponseCodec.decode(W3CHttpResponseCodec.java:133)
at org.openqa.selenium.remote.codec.w3c.W3CHttpResponseCodec.decode(W3CHttpResponseCodec.java:52)
at org.openqa.selenium.remote.HttpCommandExecutor.execute(HttpCommandExecutor.java:191)
at org.openqa.selenium.remote.service.DriverCommandExecutor.invokeExecute(DriverCommandExecutor.java:200)
at org.openqa.selenium.remote.service.DriverCommandExecutor.execute(DriverCommandExecutor.java:175)
at org.openqa.selenium.remote.RemoteWebDriver.execute(RemoteWebDriver.java:523)
at org.openqa.selenium.remote.RemoteWebElement.execute(RemoteWebElement.java:224)
at org.openqa.selenium.remote.RemoteWebElement.click(RemoteWebElement.java:77)
at objects.TransferoutPatientPage.transferout(TransferoutPatientPage.java:52)
at strongroom.Agedcare.TransferoutPatient(Agedcare.java:69)
at java.base/java.util.ArrayList.forEach(ArrayList.java:1511)
... Removed 32 stack frames]]>
    </failure>
  </testcase> <!-- TransferoutPatient -->
  <testcase classname="strongroom.Agedcare" name="TransferoutPatient" time="1.134">
    <failure type="org.openqa.selenium.ElementClickInterceptedException" message="element click intercepted: Element &amp;lt;button class=&amp;quot;actions-menu-item&amp;quot;&amp;gt;...&amp;lt;/button&amp;gt; is not clickable at point (112, 248). Other element would receive the click: &amp;lt;div class=&amp;quot;modal-wrapper&amp;quot;&amp;gt;...&amp;lt;/div&amp;gt;
  (Session info: chrome=119.0.6045.159)
Build info: version: &amp;apos;4.16.1&amp;apos;, revision: &amp;apos;9b4c83354e&amp;apos;
System info: os.name: &amp;apos;Linux&amp;apos;, os.arch: &amp;apos;amd64&amp;apos;, os.version: &amp;apos;5.15.0-91-generic&amp;apos;, java.version: &amp;apos;17.0.7&amp;apos;
Driver info: org.openqa.selenium.chrome.ChromeDriver
Command: [b94ec5db8b704004efe656b627ab80db, clickElement {id=2657A7C6EFE90E0A495F0441F79CCF71_element_45}]
Capabilities {acceptInsecureCerts: false, browserName: chrome, browserVersion: 119.0.6045.159, chrome: {chromedriverVersion: 119.0.6045.105 (38c72552c5e..., userDataDir: /tmp/.org.chromium.Chromium...}, fedcm:accounts: true, goog:chromeOptions: {debuggerAddress: localhost:35115}, networkConnectionEnabled: false, pageLoadStrategy: normal, platformName: linux, proxy: Proxy(), se:cdp: ws://localhost:35115/devtoo..., se:cdpVersion: 119.0.6045.159, setWindowRect: true, strictFileInteractability: false, timeouts: {implicit: 0, pageLoad: 300000, script: 30000}, unhandledPromptBehavior: dismiss and notify, webauthn:extension:credBlob: true, webauthn:extension:largeBlob: true, webauthn:extension:minPinLength: true, webauthn:extension:prf: true, webauthn:virtualAuthenticators: true}
Element: [[ChromeDriver: chrome on linux (b94ec5db8b704004efe656b627ab80db)] -&amp;gt; xpath: //button[normalize-space()=&amp;apos;Transfer Out&amp;apos;]]
Session ID: b94ec5db8b704004efe656b627ab80db">
      <![CDATA[org.openqa.selenium.ElementClickInterceptedException: element click intercepted: Element <button class="actions-menu-item">...</button> is not clickable at point (112, 248). Other element would receive the click: <div class="modal-wrapper">...</div>
  (Session info: chrome=119.0.6045.159)
Build info: version: '4.16.1', revision: '9b4c83354e'
System info: os.name: 'Linux', os.arch: 'amd64', os.version: '5.15.0-91-generic', java.version: '17.0.7'
Driver info: org.openqa.selenium.chrome.ChromeDriver
Command: [b94ec5db8b704004efe656b627ab80db, clickElement {id=2657A7C6EFE90E0A495F0441F79CCF71_element_45}]
Capabilities {acceptInsecureCerts: false, browserName: chrome, browserVersion: 119.0.6045.159, chrome: {chromedriverVersion: 119.0.6045.105 (38c72552c5e..., userDataDir: /tmp/.org.chromium.Chromium...}, fedcm:accounts: true, goog:chromeOptions: {debuggerAddress: localhost:35115}, networkConnectionEnabled: false, pageLoadStrategy: normal, platformName: linux, proxy: Proxy(), se:cdp: ws://localhost:35115/devtoo..., se:cdpVersion: 119.0.6045.159, setWindowRect: true, strictFileInteractability: false, timeouts: {implicit: 0, pageLoad: 300000, script: 30000}, unhandledPromptBehavior: dismiss and notify, webauthn:extension:credBlob: true, webauthn:extension:largeBlob: true, webauthn:extension:minPinLength: true, webauthn:extension:prf: true, webauthn:virtualAuthenticators: true}
Element: [[ChromeDriver: chrome on linux (b94ec5db8b704004efe656b627ab80db)] -> xpath: //button[normalize-space()='Transfer Out']]
Session ID: b94ec5db8b704004efe656b627ab80db
at org.openqa.selenium.remote.codec.w3c.W3CHttpResponseCodec.createException(W3CHttpResponseCodec.java:200)
at org.openqa.selenium.remote.codec.w3c.W3CHttpResponseCodec.decode(W3CHttpResponseCodec.java:133)
at org.openqa.selenium.remote.codec.w3c.W3CHttpResponseCodec.decode(W3CHttpResponseCodec.java:52)
at org.openqa.selenium.remote.HttpCommandExecutor.execute(HttpCommandExecutor.java:191)
at org.openqa.selenium.remote.service.DriverCommandExecutor.invokeExecute(DriverCommandExecutor.java:200)
at org.openqa.selenium.remote.service.DriverCommandExecutor.execute(DriverCommandExecutor.java:175)
at org.openqa.selenium.remote.RemoteWebDriver.execute(RemoteWebDriver.java:523)
at org.openqa.selenium.remote.RemoteWebElement.execute(RemoteWebElement.java:224)
at org.openqa.selenium.remote.RemoteWebElement.click(RemoteWebElement.java:77)
at objects.TransferoutPatientPage.transferout(TransferoutPatientPage.java:52)
at strongroom.Agedcare.TransferoutPatient(Agedcare.java:69)
at java.base/java.util.ArrayList.forEach(ArrayList.java:1511)
... Removed 32 stack frames]]>
    </failure>
  </testcase> <!-- TransferoutPatient -->
  <testcase classname="strongroom.Agedcare" name="TransferoutPatient" time="1.081">
    <failure type="org.openqa.selenium.ElementClickInterceptedException" message="element click intercepted: Element &amp;lt;button class=&amp;quot;actions-menu-item&amp;quot;&amp;gt;...&amp;lt;/button&amp;gt; is not clickable at point (112, 248). Other element would receive the click: &amp;lt;div class=&amp;quot;modal-wrapper&amp;quot;&amp;gt;...&amp;lt;/div&amp;gt;
  (Session info: chrome=119.0.6045.159)
Build info: version: &amp;apos;4.16.1&amp;apos;, revision: &amp;apos;9b4c83354e&amp;apos;
System info: os.name: &amp;apos;Linux&amp;apos;, os.arch: &amp;apos;amd64&amp;apos;, os.version: &amp;apos;5.15.0-91-generic&amp;apos;, java.version: &amp;apos;17.0.7&amp;apos;
Driver info: org.openqa.selenium.chrome.ChromeDriver
Command: [b94ec5db8b704004efe656b627ab80db, clickElement {id=2657A7C6EFE90E0A495F0441F79CCF71_element_45}]
Capabilities {acceptInsecureCerts: false, browserName: chrome, browserVersion: 119.0.6045.159, chrome: {chromedriverVersion: 119.0.6045.105 (38c72552c5e..., userDataDir: /tmp/.org.chromium.Chromium...}, fedcm:accounts: true, goog:chromeOptions: {debuggerAddress: localhost:35115}, networkConnectionEnabled: false, pageLoadStrategy: normal, platformName: linux, proxy: Proxy(), se:cdp: ws://localhost:35115/devtoo..., se:cdpVersion: 119.0.6045.159, setWindowRect: true, strictFileInteractability: false, timeouts: {implicit: 0, pageLoad: 300000, script: 30000}, unhandledPromptBehavior: dismiss and notify, webauthn:extension:credBlob: true, webauthn:extension:largeBlob: true, webauthn:extension:minPinLength: true, webauthn:extension:prf: true, webauthn:virtualAuthenticators: true}
Element: [[ChromeDriver: chrome on linux (b94ec5db8b704004efe656b627ab80db)] -&amp;gt; xpath: //button[normalize-space()=&amp;apos;Transfer Out&amp;apos;]]
Session ID: b94ec5db8b704004efe656b627ab80db">
      <![CDATA[org.openqa.selenium.ElementClickInterceptedException: element click intercepted: Element <button class="actions-menu-item">...</button> is not clickable at point (112, 248). Other element would receive the click: <div class="modal-wrapper">...</div>
  (Session info: chrome=119.0.6045.159)
Build info: version: '4.16.1', revision: '9b4c83354e'
System info: os.name: 'Linux', os.arch: 'amd64', os.version: '5.15.0-91-generic', java.version: '17.0.7'
Driver info: org.openqa.selenium.chrome.ChromeDriver
Command: [b94ec5db8b704004efe656b627ab80db, clickElement {id=2657A7C6EFE90E0A495F0441F79CCF71_element_45}]
Capabilities {acceptInsecureCerts: false, browserName: chrome, browserVersion: 119.0.6045.159, chrome: {chromedriverVersion: 119.0.6045.105 (38c72552c5e..., userDataDir: /tmp/.org.chromium.Chromium...}, fedcm:accounts: true, goog:chromeOptions: {debuggerAddress: localhost:35115}, networkConnectionEnabled: false, pageLoadStrategy: normal, platformName: linux, proxy: Proxy(), se:cdp: ws://localhost:35115/devtoo..., se:cdpVersion: 119.0.6045.159, setWindowRect: true, strictFileInteractability: false, timeouts: {implicit: 0, pageLoad: 300000, script: 30000}, unhandledPromptBehavior: dismiss and notify, webauthn:extension:credBlob: true, webauthn:extension:largeBlob: true, webauthn:extension:minPinLength: true, webauthn:extension:prf: true, webauthn:virtualAuthenticators: true}
Element: [[ChromeDriver: chrome on linux (b94ec5db8b704004efe656b627ab80db)] -> xpath: //button[normalize-space()='Transfer Out']]
Session ID: b94ec5db8b704004efe656b627ab80db
at org.openqa.selenium.remote.codec.w3c.W3CHttpResponseCodec.createException(W3CHttpResponseCodec.java:200)
at org.openqa.selenium.remote.codec.w3c.W3CHttpResponseCodec.decode(W3CHttpResponseCodec.java:133)
at org.openqa.selenium.remote.codec.w3c.W3CHttpResponseCodec.decode(W3CHttpResponseCodec.java:52)
at org.openqa.selenium.remote.HttpCommandExecutor.execute(HttpCommandExecutor.java:191)
at org.openqa.selenium.remote.service.DriverCommandExecutor.invokeExecute(DriverCommandExecutor.java:200)
at org.openqa.selenium.remote.service.DriverCommandExecutor.execute(DriverCommandExecutor.java:175)
at org.openqa.selenium.remote.RemoteWebDriver.execute(RemoteWebDriver.java:523)
at org.openqa.selenium.remote.RemoteWebElement.execute(RemoteWebElement.java:224)
at org.openqa.selenium.remote.RemoteWebElement.click(RemoteWebElement.java:77)
at objects.TransferoutPatientPage.transferout(TransferoutPatientPage.java:52)
at strongroom.Agedcare.TransferoutPatient(Agedcare.java:69)
at java.base/java.util.ArrayList.forEach(ArrayList.java:1511)
... Removed 32 stack frames]]>
    </failure>
  </testcase> <!-- TransferoutPatient -->
  <testcase classname="strongroom.Agedcare" name="TransferoutPatient" time="1.113">
    <failure type="org.openqa.selenium.ElementClickInterceptedException" message="element click intercepted: Element &amp;lt;button class=&amp;quot;actions-menu-item&amp;quot;&amp;gt;...&amp;lt;/button&amp;gt; is not clickable at point (112, 248). Other element would receive the click: &amp;lt;div class=&amp;quot;modal-wrapper&amp;quot;&amp;gt;...&amp;lt;/div&amp;gt;
  (Session info: chrome=119.0.6045.159)
Build info: version: &amp;apos;4.16.1&amp;apos;, revision: &amp;apos;9b4c83354e&amp;apos;
System info: os.name: &amp;apos;Linux&amp;apos;, os.arch: &amp;apos;amd64&amp;apos;, os.version: &amp;apos;5.15.0-91-generic&amp;apos;, java.version: &amp;apos;17.0.7&amp;apos;
Driver info: org.openqa.selenium.chrome.ChromeDriver
Command: [b94ec5db8b704004efe656b627ab80db, clickElement {id=2657A7C6EFE90E0A495F0441F79CCF71_element_45}]
Capabilities {acceptInsecureCerts: false, browserName: chrome, browserVersion: 119.0.6045.159, chrome: {chromedriverVersion: 119.0.6045.105 (38c72552c5e..., userDataDir: /tmp/.org.chromium.Chromium...}, fedcm:accounts: true, goog:chromeOptions: {debuggerAddress: localhost:35115}, networkConnectionEnabled: false, pageLoadStrategy: normal, platformName: linux, proxy: Proxy(), se:cdp: ws://localhost:35115/devtoo..., se:cdpVersion: 119.0.6045.159, setWindowRect: true, strictFileInteractability: false, timeouts: {implicit: 0, pageLoad: 300000, script: 30000}, unhandledPromptBehavior: dismiss and notify, webauthn:extension:credBlob: true, webauthn:extension:largeBlob: true, webauthn:extension:minPinLength: true, webauthn:extension:prf: true, webauthn:virtualAuthenticators: true}
Element: [[ChromeDriver: chrome on linux (b94ec5db8b704004efe656b627ab80db)] -&amp;gt; xpath: //button[normalize-space()=&amp;apos;Transfer Out&amp;apos;]]
Session ID: b94ec5db8b704004efe656b627ab80db">
      <![CDATA[org.openqa.selenium.ElementClickInterceptedException: element click intercepted: Element <button class="actions-menu-item">...</button> is not clickable at point (112, 248). Other element would receive the click: <div class="modal-wrapper">...</div>
  (Session info: chrome=119.0.6045.159)
Build info: version: '4.16.1', revision: '9b4c83354e'
System info: os.name: 'Linux', os.arch: 'amd64', os.version: '5.15.0-91-generic', java.version: '17.0.7'
Driver info: org.openqa.selenium.chrome.ChromeDriver
Command: [b94ec5db8b704004efe656b627ab80db, clickElement {id=2657A7C6EFE90E0A495F0441F79CCF71_element_45}]
Capabilities {acceptInsecureCerts: false, browserName: chrome, browserVersion: 119.0.6045.159, chrome: {chromedriverVersion: 119.0.6045.105 (38c72552c5e..., userDataDir: /tmp/.org.chromium.Chromium...}, fedcm:accounts: true, goog:chromeOptions: {debuggerAddress: localhost:35115}, networkConnectionEnabled: false, pageLoadStrategy: normal, platformName: linux, proxy: Proxy(), se:cdp: ws://localhost:35115/devtoo..., se:cdpVersion: 119.0.6045.159, setWindowRect: true, strictFileInteractability: false, timeouts: {implicit: 0, pageLoad: 300000, script: 30000}, unhandledPromptBehavior: dismiss and notify, webauthn:extension:credBlob: true, webauthn:extension:largeBlob: true, webauthn:extension:minPinLength: true, webauthn:extension:prf: true, webauthn:virtualAuthenticators: true}
Element: [[ChromeDriver: chrome on linux (b94ec5db8b704004efe656b627ab80db)] -> xpath: //button[normalize-space()='Transfer Out']]
Session ID: b94ec5db8b704004efe656b627ab80db
at org.openqa.selenium.remote.codec.w3c.W3CHttpResponseCodec.createException(W3CHttpResponseCodec.java:200)
at org.openqa.selenium.remote.codec.w3c.W3CHttpResponseCodec.decode(W3CHttpResponseCodec.java:133)
at org.openqa.selenium.remote.codec.w3c.W3CHttpResponseCodec.decode(W3CHttpResponseCodec.java:52)
at org.openqa.selenium.remote.HttpCommandExecutor.execute(HttpCommandExecutor.java:191)
at org.openqa.selenium.remote.service.DriverCommandExecutor.invokeExecute(DriverCommandExecutor.java:200)
at org.openqa.selenium.remote.service.DriverCommandExecutor.execute(DriverCommandExecutor.java:175)
at org.openqa.selenium.remote.RemoteWebDriver.execute(RemoteWebDriver.java:523)
at org.openqa.selenium.remote.RemoteWebElement.execute(RemoteWebElement.java:224)
at org.openqa.selenium.remote.RemoteWebElement.click(RemoteWebElement.java:77)
at objects.TransferoutPatientPage.transferout(TransferoutPatientPage.java:52)
at strongroom.Agedcare.TransferoutPatient(Agedcare.java:69)
at java.base/java.util.ArrayList.forEach(ArrayList.java:1511)
... Removed 32 stack frames]]>
    </failure>
  </testcase> <!-- TransferoutPatient -->
  <testcase classname="strongroom.Agedcare" name="TransferinImprest" time="0.0">
    <ignored/>
  </testcase> <!-- TransferinImprest -->
  <testcase classname="strongroom.Agedcare" name="TransferoutImprest" time="0.0">
    <ignored/>
  </testcase> <!-- TransferoutImprest -->
  <testcase classname="strongroom.Agedcare" name="TransferinPatient" time="0.0">
    <ignored/>
  </testcase> <!-- TransferinPatient -->
  <testcase classname="strongroom.Agedcare" name="stocktakeOpen" time="0.0">
    <ignored/>
  </testcase> <!-- stocktakeOpen -->
  <testcase classname="strongroom.Agedcare" name="stocktakeclose" time="0.0">
    <ignored/>
  </testcase> <!-- stocktakeclose -->
</testsuite> <!-- Aged care -->
