<?xml version="1.0" encoding="UTF-8"?>
<!-- Generated by org.testng.reporters.JUnitXMLReporter -->
<testsuite ignored="3" hostname="pc9" failures="0" tests="3" name="Aged care" time="65.625" errors="0" timestamp="2024-01-05T17:13:04 IST">
  <testcase classname="strongroom.Agedcare" name="Login" time="13.408"/>
  <testcase classname="strongroom.Agedcare" name="TransferinPatient" time="24.603"/>
  <testcase classname="strongroom.Agedcare" name="TransferinPatient" time="25.047"/>
  <testcase classname="strongroom.Agedcare" name="TransferinImprest" time="0.0">
    <ignored/>
  </testcase> <!-- TransferinImprest -->
  <testcase classname="strongroom.Agedcare" name="stocktakeOpen" time="0.0">
    <ignored/>
  </testcase> <!-- stocktakeOpen -->
  <testcase classname="strongroom.Agedcare" name="stocktakeclose" time="0.0">
    <ignored/>
  </testcase> <!-- stocktakeclose -->
</testsuite> <!-- Aged care -->
