<?xml version="1.0" encoding="UTF-8"?>
<testng-results ignored="10" total="12" passed="2" failed="0" skipped="0">
  <reporter-output>
  </reporter-output>
  <suite started-at="2024-01-09T19:04:07 IST" name="Aged care" finished-at="2024-01-09T19:04:31 IST" duration-ms="23981">
    <groups>
    </groups>
    <test started-at="2024-01-09T19:04:07 IST" name="Aged care" finished-at="2024-01-09T19:04:31 IST" duration-ms="23981">
      <class name="strongroom.Agedcare">
        <test-method is-config="true" signature="setUp()[pri:0, instance:strongroom.Agedcare@2805d709]" started-at="2024-01-09T19:04:07 IST" name="setUp" finished-at="2024-01-09T19:04:10 IST" duration-ms="2752" status="PASS">
          <reporter-output>
          </reporter-output>
        </test-method> <!-- setUp -->
        <test-method signature="Login()[pri:0, instance:strongroom.Agedcare@2805d709]" started-at="2024-01-09T19:04:10 IST" name="Login" finished-at="2024-01-09T19:04:21 IST" duration-ms="11276" status="PASS">
          <reporter-output>
          </reporter-output>
        </test-method> <!-- Login -->
        <test-method signature="Adjustmentimprest()[pri:1, instance:strongroom.Agedcare@2805d709]" started-at="2024-01-09T19:04:21 IST" name="Adjustmentimprest" finished-at="2024-01-09T19:04:31 IST" duration-ms="9924" status="PASS">
          <reporter-output>
          </reporter-output>
        </test-method> <!-- Adjustmentimprest -->
        <test-method is-config="true" signature="tearDown()[pri:0, instance:strongroom.Agedcare@2805d709]" started-at="2024-01-09T19:04:31 IST" name="tearDown" finished-at="2024-01-09T19:04:31 IST" duration-ms="0" status="PASS">
          <reporter-output>
          </reporter-output>
        </test-method> <!-- tearDown -->
      </class> <!-- strongroom.Agedcare -->
    </test> <!-- Aged care -->
  </suite> <!-- Aged care -->
</testng-results>
