<?xml version="1.0" encoding="UTF-8"?>
<testng-results ignored="0" total="2" passed="2" failed="0" skipped="0">
  <reporter-output>
  </reporter-output>
  <suite started-at="2024-01-02T16:38:12 IST" name="Default suite" finished-at="2024-01-02T16:46:06 IST" duration-ms="473297">
    <groups>
    </groups>
    <test started-at="2024-01-02T16:38:12 IST" name="Default test" finished-at="2024-01-02T16:46:06 IST" duration-ms="473297">
      <class name="launchbrowser.StockBalance">
        <test-method is-config="true" signature="setup()[pri:0, instance:launchbrowser.StockBalance@5d0a1059]" started-at="2024-01-02T16:38:12 IST" name="setup" finished-at="2024-01-02T16:38:14 IST" duration-ms="1669" status="PASS">
          <reporter-output>
          </reporter-output>
        </test-method> <!-- setup -->
        <test-method signature="topMethodTest()[pri:0, instance:launchbrowser.StockBalance@5d0a1059]" started-at="2024-01-02T16:38:14 IST" name="topMethodTest" finished-at="2024-01-02T16:38:34 IST" duration-ms="19545" status="PASS">
          <reporter-output>
          </reporter-output>
        </test-method> <!-- topMethodTest -->
        <test-method signature="runTest()[pri:0, instance:launchbrowser.StockBalance@5d0a1059]" started-at="2024-01-02T16:38:34 IST" name="runTest" finished-at="2024-01-02T16:46:06 IST" depends-on-methods="launchbrowser.StockBalance.topMethodTest" duration-ms="451951" status="PASS">
          <reporter-output>
          </reporter-output>
        </test-method> <!-- runTest -->
        <test-method is-config="true" signature="teardown()[pri:0, instance:launchbrowser.StockBalance@5d0a1059]" started-at="2024-01-02T16:46:06 IST" name="teardown" finished-at="2024-01-02T16:46:06 IST" duration-ms="106" status="PASS">
          <reporter-output>
          </reporter-output>
        </test-method> <!-- teardown -->
      </class> <!-- launchbrowser.StockBalance -->
    </test> <!-- Default test -->
  </suite> <!-- Default suite -->
</testng-results>
