<?xml version="1.0" encoding="UTF-8"?>
<testng-results ignored="6" total="22" passed="7" failed="9" skipped="0">
  <reporter-output>
  </reporter-output>
  <suite started-at="2024-01-09T15:32:41 IST" name="Aged care" finished-at="2024-01-09T15:35:03 IST" duration-ms="142230">
    <groups>
    </groups>
    <test started-at="2024-01-09T15:32:41 IST" name="Aged care" finished-at="2024-01-09T15:35:03 IST" duration-ms="142230">
      <class name="strongroom.Agedcare">
        <test-method is-config="true" signature="setUp()[pri:0, instance:strongroom.Agedcare@5b03b9fe]" started-at="2024-01-09T15:32:41 IST" name="setUp" finished-at="2024-01-09T15:32:44 IST" duration-ms="3336" status="PASS">
          <reporter-output>
          </reporter-output>
        </test-method> <!-- setUp -->
        <test-method signature="Login()[pri:0, instance:strongroom.Agedcare@5b03b9fe]" started-at="2024-01-09T15:32:44 IST" name="Login" finished-at="2024-01-09T15:32:55 IST" duration-ms="10874" status="PASS">
          <reporter-output>
          </reporter-output>
        </test-method> <!-- Login -->
        <test-method signature="Destroyimprest()[pri:1, instance:strongroom.Agedcare@5b03b9fe]" started-at="2024-01-09T15:32:55 IST" name="Destroyimprest" finished-at="2024-01-09T15:33:15 IST" duration-ms="20329" status="PASS">
          <reporter-output>
          </reporter-output>
        </test-method> <!-- Destroyimprest -->
        <test-method signature="Destroyimprest()[pri:1, instance:strongroom.Agedcare@5b03b9fe]" started-at="2024-01-09T15:33:15 IST" name="Destroyimprest" finished-at="2024-01-09T15:33:35 IST" duration-ms="19482" status="PASS">
          <reporter-output>
          </reporter-output>
        </test-method> <!-- Destroyimprest -->
        <test-method signature="Destroyimprest()[pri:1, instance:strongroom.Agedcare@5b03b9fe]" started-at="2024-01-09T15:33:35 IST" name="Destroyimprest" finished-at="2024-01-09T15:33:54 IST" duration-ms="19409" status="PASS">
          <reporter-output>
          </reporter-output>
        </test-method> <!-- Destroyimprest -->
        <test-method signature="Destroyimprest()[pri:1, instance:strongroom.Agedcare@5b03b9fe]" started-at="2024-01-09T15:33:54 IST" name="Destroyimprest" finished-at="2024-01-09T15:34:14 IST" duration-ms="19461" status="PASS">
          <reporter-output>
          </reporter-output>
        </test-method> <!-- Destroyimprest -->
        <test-method signature="Destroyimprest()[pri:1, instance:strongroom.Agedcare@5b03b9fe]" started-at="2024-01-09T15:34:14 IST" name="Destroyimprest" finished-at="2024-01-09T15:34:33 IST" duration-ms="19381" status="PASS">
          <reporter-output>
          </reporter-output>
        </test-method> <!-- Destroyimprest -->
        <test-method signature="Destroyimprest()[pri:1, instance:strongroom.Agedcare@5b03b9fe]" started-at="2024-01-09T15:34:33 IST" name="Destroyimprest" finished-at="2024-01-09T15:34:53 IST" duration-ms="19499" status="PASS">
          <reporter-output>
          </reporter-output>
        </test-method> <!-- Destroyimprest -->
        <test-method signature="Destroyimprest()[pri:1, instance:strongroom.Agedcare@5b03b9fe]" started-at="2024-01-09T15:34:53 IST" name="Destroyimprest" finished-at="2024-01-09T15:34:54 IST" duration-ms="1144" status="FAIL">
          <exception class="org.openqa.selenium.ElementClickInterceptedException">
            <message>
              <![CDATA[element click intercepted: Element <button class="actions-menu-item">...</button> is not clickable at point (112, 316). Other element would receive the click: <div class="modal-wrapper">...</div>
  (Session info: chrome=119.0.6045.159)
Build info: version: '4.16.1', revision: '9b4c83354e'
System info: os.name: 'Linux', os.arch: 'amd64', os.version: '5.15.0-91-generic', java.version: '17.0.7'
Driver info: org.openqa.selenium.chrome.ChromeDriver
Command: [2ed412192a645e42d6224b823361113d, clickElement {id=EF8DE2A68C0B7B3F491368AD1EF9B626_element_45}]
Capabilities {acceptInsecureCerts: false, browserName: chrome, browserVersion: 119.0.6045.159, chrome: {chromedriverVersion: 119.0.6045.105 (38c72552c5e..., userDataDir: /tmp/.org.chromium.Chromium...}, fedcm:accounts: true, goog:chromeOptions: {debuggerAddress: localhost:42407}, networkConnectionEnabled: false, pageLoadStrategy: normal, platformName: linux, proxy: Proxy(), se:cdp: ws://localhost:42407/devtoo..., se:cdpVersion: 119.0.6045.159, setWindowRect: true, strictFileInteractability: false, timeouts: {implicit: 0, pageLoad: 300000, script: 30000}, unhandledPromptBehavior: dismiss and notify, webauthn:extension:credBlob: true, webauthn:extension:largeBlob: true, webauthn:extension:minPinLength: true, webauthn:extension:prf: true, webauthn:virtualAuthenticators: true}
Element: [[ChromeDriver: chrome on linux (2ed412192a645e42d6224b823361113d)] -> xpath: //button[normalize-space()='Destroy']]
Session ID: 2ed412192a645e42d6224b823361113d]]>
            </message>
            <full-stacktrace>
              <![CDATA[org.openqa.selenium.ElementClickInterceptedException: element click intercepted: Element <button class="actions-menu-item">...</button> is not clickable at point (112, 316). Other element would receive the click: <div class="modal-wrapper">...</div>
  (Session info: chrome=119.0.6045.159)
Build info: version: '4.16.1', revision: '9b4c83354e'
System info: os.name: 'Linux', os.arch: 'amd64', os.version: '5.15.0-91-generic', java.version: '17.0.7'
Driver info: org.openqa.selenium.chrome.ChromeDriver
Command: [2ed412192a645e42d6224b823361113d, clickElement {id=EF8DE2A68C0B7B3F491368AD1EF9B626_element_45}]
Capabilities {acceptInsecureCerts: false, browserName: chrome, browserVersion: 119.0.6045.159, chrome: {chromedriverVersion: 119.0.6045.105 (38c72552c5e..., userDataDir: /tmp/.org.chromium.Chromium...}, fedcm:accounts: true, goog:chromeOptions: {debuggerAddress: localhost:42407}, networkConnectionEnabled: false, pageLoadStrategy: normal, platformName: linux, proxy: Proxy(), se:cdp: ws://localhost:42407/devtoo..., se:cdpVersion: 119.0.6045.159, setWindowRect: true, strictFileInteractability: false, timeouts: {implicit: 0, pageLoad: 300000, script: 30000}, unhandledPromptBehavior: dismiss and notify, webauthn:extension:credBlob: true, webauthn:extension:largeBlob: true, webauthn:extension:minPinLength: true, webauthn:extension:prf: true, webauthn:virtualAuthenticators: true}
Element: [[ChromeDriver: chrome on linux (2ed412192a645e42d6224b823361113d)] -> xpath: //button[normalize-space()='Destroy']]
Session ID: 2ed412192a645e42d6224b823361113d
at java.base/jdk.internal.reflect.NativeConstructorAccessorImpl.newInstance0(Native Method)
at java.base/jdk.internal.reflect.NativeConstructorAccessorImpl.newInstance(NativeConstructorAccessorImpl.java:77)
at java.base/jdk.internal.reflect.DelegatingConstructorAccessorImpl.newInstance(DelegatingConstructorAccessorImpl.java:45)
at java.base/java.lang.reflect.Constructor.newInstanceWithCaller(Constructor.java:499)
at java.base/java.lang.reflect.Constructor.newInstance(Constructor.java:480)
at org.openqa.selenium.remote.codec.w3c.W3CHttpResponseCodec.createException(W3CHttpResponseCodec.java:200)
at org.openqa.selenium.remote.codec.w3c.W3CHttpResponseCodec.decode(W3CHttpResponseCodec.java:133)
at org.openqa.selenium.remote.codec.w3c.W3CHttpResponseCodec.decode(W3CHttpResponseCodec.java:52)
at org.openqa.selenium.remote.HttpCommandExecutor.execute(HttpCommandExecutor.java:191)
at org.openqa.selenium.remote.service.DriverCommandExecutor.invokeExecute(DriverCommandExecutor.java:200)
at org.openqa.selenium.remote.service.DriverCommandExecutor.execute(DriverCommandExecutor.java:175)
at org.openqa.selenium.remote.RemoteWebDriver.execute(RemoteWebDriver.java:523)
at org.openqa.selenium.remote.RemoteWebElement.execute(RemoteWebElement.java:224)
at org.openqa.selenium.remote.RemoteWebElement.click(RemoteWebElement.java:77)
at objects.DestroyimprestPage.Destroy(DestroyimprestPage.java:47)
at strongroom.Agedcare.Destroyimprest(Agedcare.java:74)
at java.base/jdk.internal.reflect.NativeMethodAccessorImpl.invoke0(Native Method)
at java.base/jdk.internal.reflect.NativeMethodAccessorImpl.invoke(NativeMethodAccessorImpl.java:77)
at java.base/jdk.internal.reflect.DelegatingMethodAccessorImpl.invoke(DelegatingMethodAccessorImpl.java:43)
at java.base/java.lang.reflect.Method.invoke(Method.java:568)
at org.testng.internal.MethodInvocationHelper.invokeMethod(MethodInvocationHelper.java:133)
at org.testng.internal.TestInvoker.invokeMethod(TestInvoker.java:598)
at org.testng.internal.TestInvoker.invokeTestMethod(TestInvoker.java:173)
at org.testng.internal.MethodRunner.runInSequence(MethodRunner.java:46)
at org.testng.internal.TestInvoker$MethodInvocationAgent.invoke(TestInvoker.java:824)
at org.testng.internal.TestInvoker.invokeTestMethods(TestInvoker.java:146)
at org.testng.internal.TestMethodWorker.invokeTestMethods(TestMethodWorker.java:146)
at org.testng.internal.TestMethodWorker.run(TestMethodWorker.java:128)
at java.base/java.util.ArrayList.forEach(ArrayList.java:1511)
at org.testng.TestRunner.privateRun(TestRunner.java:794)
at org.testng.TestRunner.run(TestRunner.java:596)
at org.testng.SuiteRunner.runTest(SuiteRunner.java:377)
at org.testng.SuiteRunner.runSequentially(SuiteRunner.java:371)
at org.testng.SuiteRunner.privateRun(SuiteRunner.java:332)
at org.testng.SuiteRunner.run(SuiteRunner.java:276)
at org.testng.SuiteRunnerWorker.runSuite(SuiteRunnerWorker.java:53)
at org.testng.SuiteRunnerWorker.run(SuiteRunnerWorker.java:96)
at org.testng.TestNG.runSuitesSequentially(TestNG.java:1212)
at org.testng.TestNG.runSuitesLocally(TestNG.java:1134)
at org.testng.TestNG.runSuites(TestNG.java:1063)
at org.testng.TestNG.run(TestNG.java:1031)
at org.testng.remote.AbstractRemoteTestNG.run(AbstractRemoteTestNG.java:115)
at org.testng.remote.RemoteTestNG.initAndRun(RemoteTestNG.java:251)
at org.testng.remote.RemoteTestNG.main(RemoteTestNG.java:77)
]]>
            </full-stacktrace>
          </exception> <!-- org.openqa.selenium.ElementClickInterceptedException -->
          <reporter-output>
          </reporter-output>
        </test-method> <!-- Destroyimprest -->
        <test-method signature="Destroyimprest()[pri:1, instance:strongroom.Agedcare@5b03b9fe]" started-at="2024-01-09T15:34:54 IST" name="Destroyimprest" finished-at="2024-01-09T15:34:55 IST" duration-ms="1091" status="FAIL">
          <exception class="org.openqa.selenium.ElementClickInterceptedException">
            <message>
              <![CDATA[element click intercepted: Element <button class="actions-menu-item">...</button> is not clickable at point (112, 316). Other element would receive the click: <div class="modal-wrapper">...</div>
  (Session info: chrome=119.0.6045.159)
Build info: version: '4.16.1', revision: '9b4c83354e'
System info: os.name: 'Linux', os.arch: 'amd64', os.version: '5.15.0-91-generic', java.version: '17.0.7'
Driver info: org.openqa.selenium.chrome.ChromeDriver
Command: [2ed412192a645e42d6224b823361113d, clickElement {id=EF8DE2A68C0B7B3F491368AD1EF9B626_element_45}]
Capabilities {acceptInsecureCerts: false, browserName: chrome, browserVersion: 119.0.6045.159, chrome: {chromedriverVersion: 119.0.6045.105 (38c72552c5e..., userDataDir: /tmp/.org.chromium.Chromium...}, fedcm:accounts: true, goog:chromeOptions: {debuggerAddress: localhost:42407}, networkConnectionEnabled: false, pageLoadStrategy: normal, platformName: linux, proxy: Proxy(), se:cdp: ws://localhost:42407/devtoo..., se:cdpVersion: 119.0.6045.159, setWindowRect: true, strictFileInteractability: false, timeouts: {implicit: 0, pageLoad: 300000, script: 30000}, unhandledPromptBehavior: dismiss and notify, webauthn:extension:credBlob: true, webauthn:extension:largeBlob: true, webauthn:extension:minPinLength: true, webauthn:extension:prf: true, webauthn:virtualAuthenticators: true}
Element: [[ChromeDriver: chrome on linux (2ed412192a645e42d6224b823361113d)] -> xpath: //button[normalize-space()='Destroy']]
Session ID: 2ed412192a645e42d6224b823361113d]]>
            </message>
            <full-stacktrace>
              <![CDATA[org.openqa.selenium.ElementClickInterceptedException: element click intercepted: Element <button class="actions-menu-item">...</button> is not clickable at point (112, 316). Other element would receive the click: <div class="modal-wrapper">...</div>
  (Session info: chrome=119.0.6045.159)
Build info: version: '4.16.1', revision: '9b4c83354e'
System info: os.name: 'Linux', os.arch: 'amd64', os.version: '5.15.0-91-generic', java.version: '17.0.7'
Driver info: org.openqa.selenium.chrome.ChromeDriver
Command: [2ed412192a645e42d6224b823361113d, clickElement {id=EF8DE2A68C0B7B3F491368AD1EF9B626_element_45}]
Capabilities {acceptInsecureCerts: false, browserName: chrome, browserVersion: 119.0.6045.159, chrome: {chromedriverVersion: 119.0.6045.105 (38c72552c5e..., userDataDir: /tmp/.org.chromium.Chromium...}, fedcm:accounts: true, goog:chromeOptions: {debuggerAddress: localhost:42407}, networkConnectionEnabled: false, pageLoadStrategy: normal, platformName: linux, proxy: Proxy(), se:cdp: ws://localhost:42407/devtoo..., se:cdpVersion: 119.0.6045.159, setWindowRect: true, strictFileInteractability: false, timeouts: {implicit: 0, pageLoad: 300000, script: 30000}, unhandledPromptBehavior: dismiss and notify, webauthn:extension:credBlob: true, webauthn:extension:largeBlob: true, webauthn:extension:minPinLength: true, webauthn:extension:prf: true, webauthn:virtualAuthenticators: true}
Element: [[ChromeDriver: chrome on linux (2ed412192a645e42d6224b823361113d)] -> xpath: //button[normalize-space()='Destroy']]
Session ID: 2ed412192a645e42d6224b823361113d
at java.base/jdk.internal.reflect.NativeConstructorAccessorImpl.newInstance0(Native Method)
at java.base/jdk.internal.reflect.NativeConstructorAccessorImpl.newInstance(NativeConstructorAccessorImpl.java:77)
at java.base/jdk.internal.reflect.DelegatingConstructorAccessorImpl.newInstance(DelegatingConstructorAccessorImpl.java:45)
at java.base/java.lang.reflect.Constructor.newInstanceWithCaller(Constructor.java:499)
at java.base/java.lang.reflect.Constructor.newInstance(Constructor.java:480)
at org.openqa.selenium.remote.codec.w3c.W3CHttpResponseCodec.createException(W3CHttpResponseCodec.java:200)
at org.openqa.selenium.remote.codec.w3c.W3CHttpResponseCodec.decode(W3CHttpResponseCodec.java:133)
at org.openqa.selenium.remote.codec.w3c.W3CHttpResponseCodec.decode(W3CHttpResponseCodec.java:52)
at org.openqa.selenium.remote.HttpCommandExecutor.execute(HttpCommandExecutor.java:191)
at org.openqa.selenium.remote.service.DriverCommandExecutor.invokeExecute(DriverCommandExecutor.java:200)
at org.openqa.selenium.remote.service.DriverCommandExecutor.execute(DriverCommandExecutor.java:175)
at org.openqa.selenium.remote.RemoteWebDriver.execute(RemoteWebDriver.java:523)
at org.openqa.selenium.remote.RemoteWebElement.execute(RemoteWebElement.java:224)
at org.openqa.selenium.remote.RemoteWebElement.click(RemoteWebElement.java:77)
at objects.DestroyimprestPage.Destroy(DestroyimprestPage.java:47)
at strongroom.Agedcare.Destroyimprest(Agedcare.java:74)
at java.base/jdk.internal.reflect.NativeMethodAccessorImpl.invoke0(Native Method)
at java.base/jdk.internal.reflect.NativeMethodAccessorImpl.invoke(NativeMethodAccessorImpl.java:77)
at java.base/jdk.internal.reflect.DelegatingMethodAccessorImpl.invoke(DelegatingMethodAccessorImpl.java:43)
at java.base/java.lang.reflect.Method.invoke(Method.java:568)
at org.testng.internal.MethodInvocationHelper.invokeMethod(MethodInvocationHelper.java:133)
at org.testng.internal.TestInvoker.invokeMethod(TestInvoker.java:598)
at org.testng.internal.TestInvoker.invokeTestMethod(TestInvoker.java:173)
at org.testng.internal.MethodRunner.runInSequence(MethodRunner.java:46)
at org.testng.internal.TestInvoker$MethodInvocationAgent.invoke(TestInvoker.java:824)
at org.testng.internal.TestInvoker.invokeTestMethods(TestInvoker.java:146)
at org.testng.internal.TestMethodWorker.invokeTestMethods(TestMethodWorker.java:146)
at org.testng.internal.TestMethodWorker.run(TestMethodWorker.java:128)
at java.base/java.util.ArrayList.forEach(ArrayList.java:1511)
at org.testng.TestRunner.privateRun(TestRunner.java:794)
at org.testng.TestRunner.run(TestRunner.java:596)
at org.testng.SuiteRunner.runTest(SuiteRunner.java:377)
at org.testng.SuiteRunner.runSequentially(SuiteRunner.java:371)
at org.testng.SuiteRunner.privateRun(SuiteRunner.java:332)
at org.testng.SuiteRunner.run(SuiteRunner.java:276)
at org.testng.SuiteRunnerWorker.runSuite(SuiteRunnerWorker.java:53)
at org.testng.SuiteRunnerWorker.run(SuiteRunnerWorker.java:96)
at org.testng.TestNG.runSuitesSequentially(TestNG.java:1212)
at org.testng.TestNG.runSuitesLocally(TestNG.java:1134)
at org.testng.TestNG.runSuites(TestNG.java:1063)
at org.testng.TestNG.run(TestNG.java:1031)
at org.testng.remote.AbstractRemoteTestNG.run(AbstractRemoteTestNG.java:115)
at org.testng.remote.RemoteTestNG.initAndRun(RemoteTestNG.java:251)
at org.testng.remote.RemoteTestNG.main(RemoteTestNG.java:77)
]]>
            </full-stacktrace>
          </exception> <!-- org.openqa.selenium.ElementClickInterceptedException -->
          <reporter-output>
          </reporter-output>
        </test-method> <!-- Destroyimprest -->
        <test-method signature="Destroyimprest()[pri:1, instance:strongroom.Agedcare@5b03b9fe]" started-at="2024-01-09T15:34:55 IST" name="Destroyimprest" finished-at="2024-01-09T15:34:56 IST" duration-ms="1165" status="FAIL">
          <exception class="org.openqa.selenium.ElementClickInterceptedException">
            <message>
              <![CDATA[element click intercepted: Element <button class="actions-menu-item">...</button> is not clickable at point (112, 316). Other element would receive the click: <div class="modal-wrapper">...</div>
  (Session info: chrome=119.0.6045.159)
Build info: version: '4.16.1', revision: '9b4c83354e'
System info: os.name: 'Linux', os.arch: 'amd64', os.version: '5.15.0-91-generic', java.version: '17.0.7'
Driver info: org.openqa.selenium.chrome.ChromeDriver
Command: [2ed412192a645e42d6224b823361113d, clickElement {id=EF8DE2A68C0B7B3F491368AD1EF9B626_element_45}]
Capabilities {acceptInsecureCerts: false, browserName: chrome, browserVersion: 119.0.6045.159, chrome: {chromedriverVersion: 119.0.6045.105 (38c72552c5e..., userDataDir: /tmp/.org.chromium.Chromium...}, fedcm:accounts: true, goog:chromeOptions: {debuggerAddress: localhost:42407}, networkConnectionEnabled: false, pageLoadStrategy: normal, platformName: linux, proxy: Proxy(), se:cdp: ws://localhost:42407/devtoo..., se:cdpVersion: 119.0.6045.159, setWindowRect: true, strictFileInteractability: false, timeouts: {implicit: 0, pageLoad: 300000, script: 30000}, unhandledPromptBehavior: dismiss and notify, webauthn:extension:credBlob: true, webauthn:extension:largeBlob: true, webauthn:extension:minPinLength: true, webauthn:extension:prf: true, webauthn:virtualAuthenticators: true}
Element: [[ChromeDriver: chrome on linux (2ed412192a645e42d6224b823361113d)] -> xpath: //button[normalize-space()='Destroy']]
Session ID: 2ed412192a645e42d6224b823361113d]]>
            </message>
            <full-stacktrace>
              <![CDATA[org.openqa.selenium.ElementClickInterceptedException: element click intercepted: Element <button class="actions-menu-item">...</button> is not clickable at point (112, 316). Other element would receive the click: <div class="modal-wrapper">...</div>
  (Session info: chrome=119.0.6045.159)
Build info: version: '4.16.1', revision: '9b4c83354e'
System info: os.name: 'Linux', os.arch: 'amd64', os.version: '5.15.0-91-generic', java.version: '17.0.7'
Driver info: org.openqa.selenium.chrome.ChromeDriver
Command: [2ed412192a645e42d6224b823361113d, clickElement {id=EF8DE2A68C0B7B3F491368AD1EF9B626_element_45}]
Capabilities {acceptInsecureCerts: false, browserName: chrome, browserVersion: 119.0.6045.159, chrome: {chromedriverVersion: 119.0.6045.105 (38c72552c5e..., userDataDir: /tmp/.org.chromium.Chromium...}, fedcm:accounts: true, goog:chromeOptions: {debuggerAddress: localhost:42407}, networkConnectionEnabled: false, pageLoadStrategy: normal, platformName: linux, proxy: Proxy(), se:cdp: ws://localhost:42407/devtoo..., se:cdpVersion: 119.0.6045.159, setWindowRect: true, strictFileInteractability: false, timeouts: {implicit: 0, pageLoad: 300000, script: 30000}, unhandledPromptBehavior: dismiss and notify, webauthn:extension:credBlob: true, webauthn:extension:largeBlob: true, webauthn:extension:minPinLength: true, webauthn:extension:prf: true, webauthn:virtualAuthenticators: true}
Element: [[ChromeDriver: chrome on linux (2ed412192a645e42d6224b823361113d)] -> xpath: //button[normalize-space()='Destroy']]
Session ID: 2ed412192a645e42d6224b823361113d
at java.base/jdk.internal.reflect.NativeConstructorAccessorImpl.newInstance0(Native Method)
at java.base/jdk.internal.reflect.NativeConstructorAccessorImpl.newInstance(NativeConstructorAccessorImpl.java:77)
at java.base/jdk.internal.reflect.DelegatingConstructorAccessorImpl.newInstance(DelegatingConstructorAccessorImpl.java:45)
at java.base/java.lang.reflect.Constructor.newInstanceWithCaller(Constructor.java:499)
at java.base/java.lang.reflect.Constructor.newInstance(Constructor.java:480)
at org.openqa.selenium.remote.codec.w3c.W3CHttpResponseCodec.createException(W3CHttpResponseCodec.java:200)
at org.openqa.selenium.remote.codec.w3c.W3CHttpResponseCodec.decode(W3CHttpResponseCodec.java:133)
at org.openqa.selenium.remote.codec.w3c.W3CHttpResponseCodec.decode(W3CHttpResponseCodec.java:52)
at org.openqa.selenium.remote.HttpCommandExecutor.execute(HttpCommandExecutor.java:191)
at org.openqa.selenium.remote.service.DriverCommandExecutor.invokeExecute(DriverCommandExecutor.java:200)
at org.openqa.selenium.remote.service.DriverCommandExecutor.execute(DriverCommandExecutor.java:175)
at org.openqa.selenium.remote.RemoteWebDriver.execute(RemoteWebDriver.java:523)
at org.openqa.selenium.remote.RemoteWebElement.execute(RemoteWebElement.java:224)
at org.openqa.selenium.remote.RemoteWebElement.click(RemoteWebElement.java:77)
at objects.DestroyimprestPage.Destroy(DestroyimprestPage.java:47)
at strongroom.Agedcare.Destroyimprest(Agedcare.java:74)
at java.base/jdk.internal.reflect.NativeMethodAccessorImpl.invoke0(Native Method)
at java.base/jdk.internal.reflect.NativeMethodAccessorImpl.invoke(NativeMethodAccessorImpl.java:77)
at java.base/jdk.internal.reflect.DelegatingMethodAccessorImpl.invoke(DelegatingMethodAccessorImpl.java:43)
at java.base/java.lang.reflect.Method.invoke(Method.java:568)
at org.testng.internal.MethodInvocationHelper.invokeMethod(MethodInvocationHelper.java:133)
at org.testng.internal.TestInvoker.invokeMethod(TestInvoker.java:598)
at org.testng.internal.TestInvoker.invokeTestMethod(TestInvoker.java:173)
at org.testng.internal.MethodRunner.runInSequence(MethodRunner.java:46)
at org.testng.internal.TestInvoker$MethodInvocationAgent.invoke(TestInvoker.java:824)
at org.testng.internal.TestInvoker.invokeTestMethods(TestInvoker.java:146)
at org.testng.internal.TestMethodWorker.invokeTestMethods(TestMethodWorker.java:146)
at org.testng.internal.TestMethodWorker.run(TestMethodWorker.java:128)
at java.base/java.util.ArrayList.forEach(ArrayList.java:1511)
at org.testng.TestRunner.privateRun(TestRunner.java:794)
at org.testng.TestRunner.run(TestRunner.java:596)
at org.testng.SuiteRunner.runTest(SuiteRunner.java:377)
at org.testng.SuiteRunner.runSequentially(SuiteRunner.java:371)
at org.testng.SuiteRunner.privateRun(SuiteRunner.java:332)
at org.testng.SuiteRunner.run(SuiteRunner.java:276)
at org.testng.SuiteRunnerWorker.runSuite(SuiteRunnerWorker.java:53)
at org.testng.SuiteRunnerWorker.run(SuiteRunnerWorker.java:96)
at org.testng.TestNG.runSuitesSequentially(TestNG.java:1212)
at org.testng.TestNG.runSuitesLocally(TestNG.java:1134)
at org.testng.TestNG.runSuites(TestNG.java:1063)
at org.testng.TestNG.run(TestNG.java:1031)
at org.testng.remote.AbstractRemoteTestNG.run(AbstractRemoteTestNG.java:115)
at org.testng.remote.RemoteTestNG.initAndRun(RemoteTestNG.java:251)
at org.testng.remote.RemoteTestNG.main(RemoteTestNG.java:77)
]]>
            </full-stacktrace>
          </exception> <!-- org.openqa.selenium.ElementClickInterceptedException -->
          <reporter-output>
          </reporter-output>
        </test-method> <!-- Destroyimprest -->
        <test-method signature="Destroyimprest()[pri:1, instance:strongroom.Agedcare@5b03b9fe]" started-at="2024-01-09T15:34:56 IST" name="Destroyimprest" finished-at="2024-01-09T15:34:57 IST" duration-ms="1255" status="FAIL">
          <exception class="org.openqa.selenium.ElementClickInterceptedException">
            <message>
              <![CDATA[element click intercepted: Element <button class="actions-menu-item">...</button> is not clickable at point (112, 316). Other element would receive the click: <div class="modal-wrapper">...</div>
  (Session info: chrome=119.0.6045.159)
Build info: version: '4.16.1', revision: '9b4c83354e'
System info: os.name: 'Linux', os.arch: 'amd64', os.version: '5.15.0-91-generic', java.version: '17.0.7'
Driver info: org.openqa.selenium.chrome.ChromeDriver
Command: [2ed412192a645e42d6224b823361113d, clickElement {id=EF8DE2A68C0B7B3F491368AD1EF9B626_element_45}]
Capabilities {acceptInsecureCerts: false, browserName: chrome, browserVersion: 119.0.6045.159, chrome: {chromedriverVersion: 119.0.6045.105 (38c72552c5e..., userDataDir: /tmp/.org.chromium.Chromium...}, fedcm:accounts: true, goog:chromeOptions: {debuggerAddress: localhost:42407}, networkConnectionEnabled: false, pageLoadStrategy: normal, platformName: linux, proxy: Proxy(), se:cdp: ws://localhost:42407/devtoo..., se:cdpVersion: 119.0.6045.159, setWindowRect: true, strictFileInteractability: false, timeouts: {implicit: 0, pageLoad: 300000, script: 30000}, unhandledPromptBehavior: dismiss and notify, webauthn:extension:credBlob: true, webauthn:extension:largeBlob: true, webauthn:extension:minPinLength: true, webauthn:extension:prf: true, webauthn:virtualAuthenticators: true}
Element: [[ChromeDriver: chrome on linux (2ed412192a645e42d6224b823361113d)] -> xpath: //button[normalize-space()='Destroy']]
Session ID: 2ed412192a645e42d6224b823361113d]]>
            </message>
            <full-stacktrace>
              <![CDATA[org.openqa.selenium.ElementClickInterceptedException: element click intercepted: Element <button class="actions-menu-item">...</button> is not clickable at point (112, 316). Other element would receive the click: <div class="modal-wrapper">...</div>
  (Session info: chrome=119.0.6045.159)
Build info: version: '4.16.1', revision: '9b4c83354e'
System info: os.name: 'Linux', os.arch: 'amd64', os.version: '5.15.0-91-generic', java.version: '17.0.7'
Driver info: org.openqa.selenium.chrome.ChromeDriver
Command: [2ed412192a645e42d6224b823361113d, clickElement {id=EF8DE2A68C0B7B3F491368AD1EF9B626_element_45}]
Capabilities {acceptInsecureCerts: false, browserName: chrome, browserVersion: 119.0.6045.159, chrome: {chromedriverVersion: 119.0.6045.105 (38c72552c5e..., userDataDir: /tmp/.org.chromium.Chromium...}, fedcm:accounts: true, goog:chromeOptions: {debuggerAddress: localhost:42407}, networkConnectionEnabled: false, pageLoadStrategy: normal, platformName: linux, proxy: Proxy(), se:cdp: ws://localhost:42407/devtoo..., se:cdpVersion: 119.0.6045.159, setWindowRect: true, strictFileInteractability: false, timeouts: {implicit: 0, pageLoad: 300000, script: 30000}, unhandledPromptBehavior: dismiss and notify, webauthn:extension:credBlob: true, webauthn:extension:largeBlob: true, webauthn:extension:minPinLength: true, webauthn:extension:prf: true, webauthn:virtualAuthenticators: true}
Element: [[ChromeDriver: chrome on linux (2ed412192a645e42d6224b823361113d)] -> xpath: //button[normalize-space()='Destroy']]
Session ID: 2ed412192a645e42d6224b823361113d
at java.base/jdk.internal.reflect.NativeConstructorAccessorImpl.newInstance0(Native Method)
at java.base/jdk.internal.reflect.NativeConstructorAccessorImpl.newInstance(NativeConstructorAccessorImpl.java:77)
at java.base/jdk.internal.reflect.DelegatingConstructorAccessorImpl.newInstance(DelegatingConstructorAccessorImpl.java:45)
at java.base/java.lang.reflect.Constructor.newInstanceWithCaller(Constructor.java:499)
at java.base/java.lang.reflect.Constructor.newInstance(Constructor.java:480)
at org.openqa.selenium.remote.codec.w3c.W3CHttpResponseCodec.createException(W3CHttpResponseCodec.java:200)
at org.openqa.selenium.remote.codec.w3c.W3CHttpResponseCodec.decode(W3CHttpResponseCodec.java:133)
at org.openqa.selenium.remote.codec.w3c.W3CHttpResponseCodec.decode(W3CHttpResponseCodec.java:52)
at org.openqa.selenium.remote.HttpCommandExecutor.execute(HttpCommandExecutor.java:191)
at org.openqa.selenium.remote.service.DriverCommandExecutor.invokeExecute(DriverCommandExecutor.java:200)
at org.openqa.selenium.remote.service.DriverCommandExecutor.execute(DriverCommandExecutor.java:175)
at org.openqa.selenium.remote.RemoteWebDriver.execute(RemoteWebDriver.java:523)
at org.openqa.selenium.remote.RemoteWebElement.execute(RemoteWebElement.java:224)
at org.openqa.selenium.remote.RemoteWebElement.click(RemoteWebElement.java:77)
at objects.DestroyimprestPage.Destroy(DestroyimprestPage.java:47)
at strongroom.Agedcare.Destroyimprest(Agedcare.java:74)
at java.base/jdk.internal.reflect.NativeMethodAccessorImpl.invoke0(Native Method)
at java.base/jdk.internal.reflect.NativeMethodAccessorImpl.invoke(NativeMethodAccessorImpl.java:77)
at java.base/jdk.internal.reflect.DelegatingMethodAccessorImpl.invoke(DelegatingMethodAccessorImpl.java:43)
at java.base/java.lang.reflect.Method.invoke(Method.java:568)
at org.testng.internal.MethodInvocationHelper.invokeMethod(MethodInvocationHelper.java:133)
at org.testng.internal.TestInvoker.invokeMethod(TestInvoker.java:598)
at org.testng.internal.TestInvoker.invokeTestMethod(TestInvoker.java:173)
at org.testng.internal.MethodRunner.runInSequence(MethodRunner.java:46)
at org.testng.internal.TestInvoker$MethodInvocationAgent.invoke(TestInvoker.java:824)
at org.testng.internal.TestInvoker.invokeTestMethods(TestInvoker.java:146)
at org.testng.internal.TestMethodWorker.invokeTestMethods(TestMethodWorker.java:146)
at org.testng.internal.TestMethodWorker.run(TestMethodWorker.java:128)
at java.base/java.util.ArrayList.forEach(ArrayList.java:1511)
at org.testng.TestRunner.privateRun(TestRunner.java:794)
at org.testng.TestRunner.run(TestRunner.java:596)
at org.testng.SuiteRunner.runTest(SuiteRunner.java:377)
at org.testng.SuiteRunner.runSequentially(SuiteRunner.java:371)
at org.testng.SuiteRunner.privateRun(SuiteRunner.java:332)
at org.testng.SuiteRunner.run(SuiteRunner.java:276)
at org.testng.SuiteRunnerWorker.runSuite(SuiteRunnerWorker.java:53)
at org.testng.SuiteRunnerWorker.run(SuiteRunnerWorker.java:96)
at org.testng.TestNG.runSuitesSequentially(TestNG.java:1212)
at org.testng.TestNG.runSuitesLocally(TestNG.java:1134)
at org.testng.TestNG.runSuites(TestNG.java:1063)
at org.testng.TestNG.run(TestNG.java:1031)
at org.testng.remote.AbstractRemoteTestNG.run(AbstractRemoteTestNG.java:115)
at org.testng.remote.RemoteTestNG.initAndRun(RemoteTestNG.java:251)
at org.testng.remote.RemoteTestNG.main(RemoteTestNG.java:77)
]]>
            </full-stacktrace>
          </exception> <!-- org.openqa.selenium.ElementClickInterceptedException -->
          <reporter-output>
          </reporter-output>
        </test-method> <!-- Destroyimprest -->
        <test-method signature="Destroyimprest()[pri:1, instance:strongroom.Agedcare@5b03b9fe]" started-at="2024-01-09T15:34:57 IST" name="Destroyimprest" finished-at="2024-01-09T15:34:58 IST" duration-ms="1190" status="FAIL">
          <exception class="org.openqa.selenium.ElementClickInterceptedException">
            <message>
              <![CDATA[element click intercepted: Element <button class="actions-menu-item">...</button> is not clickable at point (112, 316). Other element would receive the click: <div class="modal-wrapper">...</div>
  (Session info: chrome=119.0.6045.159)
Build info: version: '4.16.1', revision: '9b4c83354e'
System info: os.name: 'Linux', os.arch: 'amd64', os.version: '5.15.0-91-generic', java.version: '17.0.7'
Driver info: org.openqa.selenium.chrome.ChromeDriver
Command: [2ed412192a645e42d6224b823361113d, clickElement {id=EF8DE2A68C0B7B3F491368AD1EF9B626_element_45}]
Capabilities {acceptInsecureCerts: false, browserName: chrome, browserVersion: 119.0.6045.159, chrome: {chromedriverVersion: 119.0.6045.105 (38c72552c5e..., userDataDir: /tmp/.org.chromium.Chromium...}, fedcm:accounts: true, goog:chromeOptions: {debuggerAddress: localhost:42407}, networkConnectionEnabled: false, pageLoadStrategy: normal, platformName: linux, proxy: Proxy(), se:cdp: ws://localhost:42407/devtoo..., se:cdpVersion: 119.0.6045.159, setWindowRect: true, strictFileInteractability: false, timeouts: {implicit: 0, pageLoad: 300000, script: 30000}, unhandledPromptBehavior: dismiss and notify, webauthn:extension:credBlob: true, webauthn:extension:largeBlob: true, webauthn:extension:minPinLength: true, webauthn:extension:prf: true, webauthn:virtualAuthenticators: true}
Element: [[ChromeDriver: chrome on linux (2ed412192a645e42d6224b823361113d)] -> xpath: //button[normalize-space()='Destroy']]
Session ID: 2ed412192a645e42d6224b823361113d]]>
            </message>
            <full-stacktrace>
              <![CDATA[org.openqa.selenium.ElementClickInterceptedException: element click intercepted: Element <button class="actions-menu-item">...</button> is not clickable at point (112, 316). Other element would receive the click: <div class="modal-wrapper">...</div>
  (Session info: chrome=119.0.6045.159)
Build info: version: '4.16.1', revision: '9b4c83354e'
System info: os.name: 'Linux', os.arch: 'amd64', os.version: '5.15.0-91-generic', java.version: '17.0.7'
Driver info: org.openqa.selenium.chrome.ChromeDriver
Command: [2ed412192a645e42d6224b823361113d, clickElement {id=EF8DE2A68C0B7B3F491368AD1EF9B626_element_45}]
Capabilities {acceptInsecureCerts: false, browserName: chrome, browserVersion: 119.0.6045.159, chrome: {chromedriverVersion: 119.0.6045.105 (38c72552c5e..., userDataDir: /tmp/.org.chromium.Chromium...}, fedcm:accounts: true, goog:chromeOptions: {debuggerAddress: localhost:42407}, networkConnectionEnabled: false, pageLoadStrategy: normal, platformName: linux, proxy: Proxy(), se:cdp: ws://localhost:42407/devtoo..., se:cdpVersion: 119.0.6045.159, setWindowRect: true, strictFileInteractability: false, timeouts: {implicit: 0, pageLoad: 300000, script: 30000}, unhandledPromptBehavior: dismiss and notify, webauthn:extension:credBlob: true, webauthn:extension:largeBlob: true, webauthn:extension:minPinLength: true, webauthn:extension:prf: true, webauthn:virtualAuthenticators: true}
Element: [[ChromeDriver: chrome on linux (2ed412192a645e42d6224b823361113d)] -> xpath: //button[normalize-space()='Destroy']]
Session ID: 2ed412192a645e42d6224b823361113d
at java.base/jdk.internal.reflect.NativeConstructorAccessorImpl.newInstance0(Native Method)
at java.base/jdk.internal.reflect.NativeConstructorAccessorImpl.newInstance(NativeConstructorAccessorImpl.java:77)
at java.base/jdk.internal.reflect.DelegatingConstructorAccessorImpl.newInstance(DelegatingConstructorAccessorImpl.java:45)
at java.base/java.lang.reflect.Constructor.newInstanceWithCaller(Constructor.java:499)
at java.base/java.lang.reflect.Constructor.newInstance(Constructor.java:480)
at org.openqa.selenium.remote.codec.w3c.W3CHttpResponseCodec.createException(W3CHttpResponseCodec.java:200)
at org.openqa.selenium.remote.codec.w3c.W3CHttpResponseCodec.decode(W3CHttpResponseCodec.java:133)
at org.openqa.selenium.remote.codec.w3c.W3CHttpResponseCodec.decode(W3CHttpResponseCodec.java:52)
at org.openqa.selenium.remote.HttpCommandExecutor.execute(HttpCommandExecutor.java:191)
at org.openqa.selenium.remote.service.DriverCommandExecutor.invokeExecute(DriverCommandExecutor.java:200)
at org.openqa.selenium.remote.service.DriverCommandExecutor.execute(DriverCommandExecutor.java:175)
at org.openqa.selenium.remote.RemoteWebDriver.execute(RemoteWebDriver.java:523)
at org.openqa.selenium.remote.RemoteWebElement.execute(RemoteWebElement.java:224)
at org.openqa.selenium.remote.RemoteWebElement.click(RemoteWebElement.java:77)
at objects.DestroyimprestPage.Destroy(DestroyimprestPage.java:47)
at strongroom.Agedcare.Destroyimprest(Agedcare.java:74)
at java.base/jdk.internal.reflect.NativeMethodAccessorImpl.invoke0(Native Method)
at java.base/jdk.internal.reflect.NativeMethodAccessorImpl.invoke(NativeMethodAccessorImpl.java:77)
at java.base/jdk.internal.reflect.DelegatingMethodAccessorImpl.invoke(DelegatingMethodAccessorImpl.java:43)
at java.base/java.lang.reflect.Method.invoke(Method.java:568)
at org.testng.internal.MethodInvocationHelper.invokeMethod(MethodInvocationHelper.java:133)
at org.testng.internal.TestInvoker.invokeMethod(TestInvoker.java:598)
at org.testng.internal.TestInvoker.invokeTestMethod(TestInvoker.java:173)
at org.testng.internal.MethodRunner.runInSequence(MethodRunner.java:46)
at org.testng.internal.TestInvoker$MethodInvocationAgent.invoke(TestInvoker.java:824)
at org.testng.internal.TestInvoker.invokeTestMethods(TestInvoker.java:146)
at org.testng.internal.TestMethodWorker.invokeTestMethods(TestMethodWorker.java:146)
at org.testng.internal.TestMethodWorker.run(TestMethodWorker.java:128)
at java.base/java.util.ArrayList.forEach(ArrayList.java:1511)
at org.testng.TestRunner.privateRun(TestRunner.java:794)
at org.testng.TestRunner.run(TestRunner.java:596)
at org.testng.SuiteRunner.runTest(SuiteRunner.java:377)
at org.testng.SuiteRunner.runSequentially(SuiteRunner.java:371)
at org.testng.SuiteRunner.privateRun(SuiteRunner.java:332)
at org.testng.SuiteRunner.run(SuiteRunner.java:276)
at org.testng.SuiteRunnerWorker.runSuite(SuiteRunnerWorker.java:53)
at org.testng.SuiteRunnerWorker.run(SuiteRunnerWorker.java:96)
at org.testng.TestNG.runSuitesSequentially(TestNG.java:1212)
at org.testng.TestNG.runSuitesLocally(TestNG.java:1134)
at org.testng.TestNG.runSuites(TestNG.java:1063)
at org.testng.TestNG.run(TestNG.java:1031)
at org.testng.remote.AbstractRemoteTestNG.run(AbstractRemoteTestNG.java:115)
at org.testng.remote.RemoteTestNG.initAndRun(RemoteTestNG.java:251)
at org.testng.remote.RemoteTestNG.main(RemoteTestNG.java:77)
]]>
            </full-stacktrace>
          </exception> <!-- org.openqa.selenium.ElementClickInterceptedException -->
          <reporter-output>
          </reporter-output>
        </test-method> <!-- Destroyimprest -->
        <test-method signature="Destroyimprest()[pri:1, instance:strongroom.Agedcare@5b03b9fe]" started-at="2024-01-09T15:34:58 IST" name="Destroyimprest" finished-at="2024-01-09T15:35:00 IST" duration-ms="1135" status="FAIL">
          <exception class="org.openqa.selenium.ElementClickInterceptedException">
            <message>
              <![CDATA[element click intercepted: Element <button class="actions-menu-item">...</button> is not clickable at point (112, 316). Other element would receive the click: <div class="modal-wrapper">...</div>
  (Session info: chrome=119.0.6045.159)
Build info: version: '4.16.1', revision: '9b4c83354e'
System info: os.name: 'Linux', os.arch: 'amd64', os.version: '5.15.0-91-generic', java.version: '17.0.7'
Driver info: org.openqa.selenium.chrome.ChromeDriver
Command: [2ed412192a645e42d6224b823361113d, clickElement {id=EF8DE2A68C0B7B3F491368AD1EF9B626_element_45}]
Capabilities {acceptInsecureCerts: false, browserName: chrome, browserVersion: 119.0.6045.159, chrome: {chromedriverVersion: 119.0.6045.105 (38c72552c5e..., userDataDir: /tmp/.org.chromium.Chromium...}, fedcm:accounts: true, goog:chromeOptions: {debuggerAddress: localhost:42407}, networkConnectionEnabled: false, pageLoadStrategy: normal, platformName: linux, proxy: Proxy(), se:cdp: ws://localhost:42407/devtoo..., se:cdpVersion: 119.0.6045.159, setWindowRect: true, strictFileInteractability: false, timeouts: {implicit: 0, pageLoad: 300000, script: 30000}, unhandledPromptBehavior: dismiss and notify, webauthn:extension:credBlob: true, webauthn:extension:largeBlob: true, webauthn:extension:minPinLength: true, webauthn:extension:prf: true, webauthn:virtualAuthenticators: true}
Element: [[ChromeDriver: chrome on linux (2ed412192a645e42d6224b823361113d)] -> xpath: //button[normalize-space()='Destroy']]
Session ID: 2ed412192a645e42d6224b823361113d]]>
            </message>
            <full-stacktrace>
              <![CDATA[org.openqa.selenium.ElementClickInterceptedException: element click intercepted: Element <button class="actions-menu-item">...</button> is not clickable at point (112, 316). Other element would receive the click: <div class="modal-wrapper">...</div>
  (Session info: chrome=119.0.6045.159)
Build info: version: '4.16.1', revision: '9b4c83354e'
System info: os.name: 'Linux', os.arch: 'amd64', os.version: '5.15.0-91-generic', java.version: '17.0.7'
Driver info: org.openqa.selenium.chrome.ChromeDriver
Command: [2ed412192a645e42d6224b823361113d, clickElement {id=EF8DE2A68C0B7B3F491368AD1EF9B626_element_45}]
Capabilities {acceptInsecureCerts: false, browserName: chrome, browserVersion: 119.0.6045.159, chrome: {chromedriverVersion: 119.0.6045.105 (38c72552c5e..., userDataDir: /tmp/.org.chromium.Chromium...}, fedcm:accounts: true, goog:chromeOptions: {debuggerAddress: localhost:42407}, networkConnectionEnabled: false, pageLoadStrategy: normal, platformName: linux, proxy: Proxy(), se:cdp: ws://localhost:42407/devtoo..., se:cdpVersion: 119.0.6045.159, setWindowRect: true, strictFileInteractability: false, timeouts: {implicit: 0, pageLoad: 300000, script: 30000}, unhandledPromptBehavior: dismiss and notify, webauthn:extension:credBlob: true, webauthn:extension:largeBlob: true, webauthn:extension:minPinLength: true, webauthn:extension:prf: true, webauthn:virtualAuthenticators: true}
Element: [[ChromeDriver: chrome on linux (2ed412192a645e42d6224b823361113d)] -> xpath: //button[normalize-space()='Destroy']]
Session ID: 2ed412192a645e42d6224b823361113d
at java.base/jdk.internal.reflect.NativeConstructorAccessorImpl.newInstance0(Native Method)
at java.base/jdk.internal.reflect.NativeConstructorAccessorImpl.newInstance(NativeConstructorAccessorImpl.java:77)
at java.base/jdk.internal.reflect.DelegatingConstructorAccessorImpl.newInstance(DelegatingConstructorAccessorImpl.java:45)
at java.base/java.lang.reflect.Constructor.newInstanceWithCaller(Constructor.java:499)
at java.base/java.lang.reflect.Constructor.newInstance(Constructor.java:480)
at org.openqa.selenium.remote.codec.w3c.W3CHttpResponseCodec.createException(W3CHttpResponseCodec.java:200)
at org.openqa.selenium.remote.codec.w3c.W3CHttpResponseCodec.decode(W3CHttpResponseCodec.java:133)
at org.openqa.selenium.remote.codec.w3c.W3CHttpResponseCodec.decode(W3CHttpResponseCodec.java:52)
at org.openqa.selenium.remote.HttpCommandExecutor.execute(HttpCommandExecutor.java:191)
at org.openqa.selenium.remote.service.DriverCommandExecutor.invokeExecute(DriverCommandExecutor.java:200)
at org.openqa.selenium.remote.service.DriverCommandExecutor.execute(DriverCommandExecutor.java:175)
at org.openqa.selenium.remote.RemoteWebDriver.execute(RemoteWebDriver.java:523)
at org.openqa.selenium.remote.RemoteWebElement.execute(RemoteWebElement.java:224)
at org.openqa.selenium.remote.RemoteWebElement.click(RemoteWebElement.java:77)
at objects.DestroyimprestPage.Destroy(DestroyimprestPage.java:47)
at strongroom.Agedcare.Destroyimprest(Agedcare.java:74)
at java.base/jdk.internal.reflect.NativeMethodAccessorImpl.invoke0(Native Method)
at java.base/jdk.internal.reflect.NativeMethodAccessorImpl.invoke(NativeMethodAccessorImpl.java:77)
at java.base/jdk.internal.reflect.DelegatingMethodAccessorImpl.invoke(DelegatingMethodAccessorImpl.java:43)
at java.base/java.lang.reflect.Method.invoke(Method.java:568)
at org.testng.internal.MethodInvocationHelper.invokeMethod(MethodInvocationHelper.java:133)
at org.testng.internal.TestInvoker.invokeMethod(TestInvoker.java:598)
at org.testng.internal.TestInvoker.invokeTestMethod(TestInvoker.java:173)
at org.testng.internal.MethodRunner.runInSequence(MethodRunner.java:46)
at org.testng.internal.TestInvoker$MethodInvocationAgent.invoke(TestInvoker.java:824)
at org.testng.internal.TestInvoker.invokeTestMethods(TestInvoker.java:146)
at org.testng.internal.TestMethodWorker.invokeTestMethods(TestMethodWorker.java:146)
at org.testng.internal.TestMethodWorker.run(TestMethodWorker.java:128)
at java.base/java.util.ArrayList.forEach(ArrayList.java:1511)
at org.testng.TestRunner.privateRun(TestRunner.java:794)
at org.testng.TestRunner.run(TestRunner.java:596)
at org.testng.SuiteRunner.runTest(SuiteRunner.java:377)
at org.testng.SuiteRunner.runSequentially(SuiteRunner.java:371)
at org.testng.SuiteRunner.privateRun(SuiteRunner.java:332)
at org.testng.SuiteRunner.run(SuiteRunner.java:276)
at org.testng.SuiteRunnerWorker.runSuite(SuiteRunnerWorker.java:53)
at org.testng.SuiteRunnerWorker.run(SuiteRunnerWorker.java:96)
at org.testng.TestNG.runSuitesSequentially(TestNG.java:1212)
at org.testng.TestNG.runSuitesLocally(TestNG.java:1134)
at org.testng.TestNG.runSuites(TestNG.java:1063)
at org.testng.TestNG.run(TestNG.java:1031)
at org.testng.remote.AbstractRemoteTestNG.run(AbstractRemoteTestNG.java:115)
at org.testng.remote.RemoteTestNG.initAndRun(RemoteTestNG.java:251)
at org.testng.remote.RemoteTestNG.main(RemoteTestNG.java:77)
]]>
            </full-stacktrace>
          </exception> <!-- org.openqa.selenium.ElementClickInterceptedException -->
          <reporter-output>
          </reporter-output>
        </test-method> <!-- Destroyimprest -->
        <test-method signature="Destroyimprest()[pri:1, instance:strongroom.Agedcare@5b03b9fe]" started-at="2024-01-09T15:35:00 IST" name="Destroyimprest" finished-at="2024-01-09T15:35:01 IST" duration-ms="1122" status="FAIL">
          <exception class="org.openqa.selenium.ElementClickInterceptedException">
            <message>
              <![CDATA[element click intercepted: Element <button class="actions-menu-item">...</button> is not clickable at point (112, 316). Other element would receive the click: <div class="modal-wrapper">...</div>
  (Session info: chrome=119.0.6045.159)
Build info: version: '4.16.1', revision: '9b4c83354e'
System info: os.name: 'Linux', os.arch: 'amd64', os.version: '5.15.0-91-generic', java.version: '17.0.7'
Driver info: org.openqa.selenium.chrome.ChromeDriver
Command: [2ed412192a645e42d6224b823361113d, clickElement {id=EF8DE2A68C0B7B3F491368AD1EF9B626_element_45}]
Capabilities {acceptInsecureCerts: false, browserName: chrome, browserVersion: 119.0.6045.159, chrome: {chromedriverVersion: 119.0.6045.105 (38c72552c5e..., userDataDir: /tmp/.org.chromium.Chromium...}, fedcm:accounts: true, goog:chromeOptions: {debuggerAddress: localhost:42407}, networkConnectionEnabled: false, pageLoadStrategy: normal, platformName: linux, proxy: Proxy(), se:cdp: ws://localhost:42407/devtoo..., se:cdpVersion: 119.0.6045.159, setWindowRect: true, strictFileInteractability: false, timeouts: {implicit: 0, pageLoad: 300000, script: 30000}, unhandledPromptBehavior: dismiss and notify, webauthn:extension:credBlob: true, webauthn:extension:largeBlob: true, webauthn:extension:minPinLength: true, webauthn:extension:prf: true, webauthn:virtualAuthenticators: true}
Element: [[ChromeDriver: chrome on linux (2ed412192a645e42d6224b823361113d)] -> xpath: //button[normalize-space()='Destroy']]
Session ID: 2ed412192a645e42d6224b823361113d]]>
            </message>
            <full-stacktrace>
              <![CDATA[org.openqa.selenium.ElementClickInterceptedException: element click intercepted: Element <button class="actions-menu-item">...</button> is not clickable at point (112, 316). Other element would receive the click: <div class="modal-wrapper">...</div>
  (Session info: chrome=119.0.6045.159)
Build info: version: '4.16.1', revision: '9b4c83354e'
System info: os.name: 'Linux', os.arch: 'amd64', os.version: '5.15.0-91-generic', java.version: '17.0.7'
Driver info: org.openqa.selenium.chrome.ChromeDriver
Command: [2ed412192a645e42d6224b823361113d, clickElement {id=EF8DE2A68C0B7B3F491368AD1EF9B626_element_45}]
Capabilities {acceptInsecureCerts: false, browserName: chrome, browserVersion: 119.0.6045.159, chrome: {chromedriverVersion: 119.0.6045.105 (38c72552c5e..., userDataDir: /tmp/.org.chromium.Chromium...}, fedcm:accounts: true, goog:chromeOptions: {debuggerAddress: localhost:42407}, networkConnectionEnabled: false, pageLoadStrategy: normal, platformName: linux, proxy: Proxy(), se:cdp: ws://localhost:42407/devtoo..., se:cdpVersion: 119.0.6045.159, setWindowRect: true, strictFileInteractability: false, timeouts: {implicit: 0, pageLoad: 300000, script: 30000}, unhandledPromptBehavior: dismiss and notify, webauthn:extension:credBlob: true, webauthn:extension:largeBlob: true, webauthn:extension:minPinLength: true, webauthn:extension:prf: true, webauthn:virtualAuthenticators: true}
Element: [[ChromeDriver: chrome on linux (2ed412192a645e42d6224b823361113d)] -> xpath: //button[normalize-space()='Destroy']]
Session ID: 2ed412192a645e42d6224b823361113d
at java.base/jdk.internal.reflect.NativeConstructorAccessorImpl.newInstance0(Native Method)
at java.base/jdk.internal.reflect.NativeConstructorAccessorImpl.newInstance(NativeConstructorAccessorImpl.java:77)
at java.base/jdk.internal.reflect.DelegatingConstructorAccessorImpl.newInstance(DelegatingConstructorAccessorImpl.java:45)
at java.base/java.lang.reflect.Constructor.newInstanceWithCaller(Constructor.java:499)
at java.base/java.lang.reflect.Constructor.newInstance(Constructor.java:480)
at org.openqa.selenium.remote.codec.w3c.W3CHttpResponseCodec.createException(W3CHttpResponseCodec.java:200)
at org.openqa.selenium.remote.codec.w3c.W3CHttpResponseCodec.decode(W3CHttpResponseCodec.java:133)
at org.openqa.selenium.remote.codec.w3c.W3CHttpResponseCodec.decode(W3CHttpResponseCodec.java:52)
at org.openqa.selenium.remote.HttpCommandExecutor.execute(HttpCommandExecutor.java:191)
at org.openqa.selenium.remote.service.DriverCommandExecutor.invokeExecute(DriverCommandExecutor.java:200)
at org.openqa.selenium.remote.service.DriverCommandExecutor.execute(DriverCommandExecutor.java:175)
at org.openqa.selenium.remote.RemoteWebDriver.execute(RemoteWebDriver.java:523)
at org.openqa.selenium.remote.RemoteWebElement.execute(RemoteWebElement.java:224)
at org.openqa.selenium.remote.RemoteWebElement.click(RemoteWebElement.java:77)
at objects.DestroyimprestPage.Destroy(DestroyimprestPage.java:47)
at strongroom.Agedcare.Destroyimprest(Agedcare.java:74)
at java.base/jdk.internal.reflect.NativeMethodAccessorImpl.invoke0(Native Method)
at java.base/jdk.internal.reflect.NativeMethodAccessorImpl.invoke(NativeMethodAccessorImpl.java:77)
at java.base/jdk.internal.reflect.DelegatingMethodAccessorImpl.invoke(DelegatingMethodAccessorImpl.java:43)
at java.base/java.lang.reflect.Method.invoke(Method.java:568)
at org.testng.internal.MethodInvocationHelper.invokeMethod(MethodInvocationHelper.java:133)
at org.testng.internal.TestInvoker.invokeMethod(TestInvoker.java:598)
at org.testng.internal.TestInvoker.invokeTestMethod(TestInvoker.java:173)
at org.testng.internal.MethodRunner.runInSequence(MethodRunner.java:46)
at org.testng.internal.TestInvoker$MethodInvocationAgent.invoke(TestInvoker.java:824)
at org.testng.internal.TestInvoker.invokeTestMethods(TestInvoker.java:146)
at org.testng.internal.TestMethodWorker.invokeTestMethods(TestMethodWorker.java:146)
at org.testng.internal.TestMethodWorker.run(TestMethodWorker.java:128)
at java.base/java.util.ArrayList.forEach(ArrayList.java:1511)
at org.testng.TestRunner.privateRun(TestRunner.java:794)
at org.testng.TestRunner.run(TestRunner.java:596)
at org.testng.SuiteRunner.runTest(SuiteRunner.java:377)
at org.testng.SuiteRunner.runSequentially(SuiteRunner.java:371)
at org.testng.SuiteRunner.privateRun(SuiteRunner.java:332)
at org.testng.SuiteRunner.run(SuiteRunner.java:276)
at org.testng.SuiteRunnerWorker.runSuite(SuiteRunnerWorker.java:53)
at org.testng.SuiteRunnerWorker.run(SuiteRunnerWorker.java:96)
at org.testng.TestNG.runSuitesSequentially(TestNG.java:1212)
at org.testng.TestNG.runSuitesLocally(TestNG.java:1134)
at org.testng.TestNG.runSuites(TestNG.java:1063)
at org.testng.TestNG.run(TestNG.java:1031)
at org.testng.remote.AbstractRemoteTestNG.run(AbstractRemoteTestNG.java:115)
at org.testng.remote.RemoteTestNG.initAndRun(RemoteTestNG.java:251)
at org.testng.remote.RemoteTestNG.main(RemoteTestNG.java:77)
]]>
            </full-stacktrace>
          </exception> <!-- org.openqa.selenium.ElementClickInterceptedException -->
          <reporter-output>
          </reporter-output>
        </test-method> <!-- Destroyimprest -->
        <test-method signature="Destroyimprest()[pri:1, instance:strongroom.Agedcare@5b03b9fe]" started-at="2024-01-09T15:35:01 IST" name="Destroyimprest" finished-at="2024-01-09T15:35:02 IST" duration-ms="1109" status="FAIL">
          <exception class="org.openqa.selenium.ElementClickInterceptedException">
            <message>
              <![CDATA[element click intercepted: Element <button class="actions-menu-item">...</button> is not clickable at point (112, 316). Other element would receive the click: <div class="modal-wrapper">...</div>
  (Session info: chrome=119.0.6045.159)
Build info: version: '4.16.1', revision: '9b4c83354e'
System info: os.name: 'Linux', os.arch: 'amd64', os.version: '5.15.0-91-generic', java.version: '17.0.7'
Driver info: org.openqa.selenium.chrome.ChromeDriver
Command: [2ed412192a645e42d6224b823361113d, clickElement {id=EF8DE2A68C0B7B3F491368AD1EF9B626_element_45}]
Capabilities {acceptInsecureCerts: false, browserName: chrome, browserVersion: 119.0.6045.159, chrome: {chromedriverVersion: 119.0.6045.105 (38c72552c5e..., userDataDir: /tmp/.org.chromium.Chromium...}, fedcm:accounts: true, goog:chromeOptions: {debuggerAddress: localhost:42407}, networkConnectionEnabled: false, pageLoadStrategy: normal, platformName: linux, proxy: Proxy(), se:cdp: ws://localhost:42407/devtoo..., se:cdpVersion: 119.0.6045.159, setWindowRect: true, strictFileInteractability: false, timeouts: {implicit: 0, pageLoad: 300000, script: 30000}, unhandledPromptBehavior: dismiss and notify, webauthn:extension:credBlob: true, webauthn:extension:largeBlob: true, webauthn:extension:minPinLength: true, webauthn:extension:prf: true, webauthn:virtualAuthenticators: true}
Element: [[ChromeDriver: chrome on linux (2ed412192a645e42d6224b823361113d)] -> xpath: //button[normalize-space()='Destroy']]
Session ID: 2ed412192a645e42d6224b823361113d]]>
            </message>
            <full-stacktrace>
              <![CDATA[org.openqa.selenium.ElementClickInterceptedException: element click intercepted: Element <button class="actions-menu-item">...</button> is not clickable at point (112, 316). Other element would receive the click: <div class="modal-wrapper">...</div>
  (Session info: chrome=119.0.6045.159)
Build info: version: '4.16.1', revision: '9b4c83354e'
System info: os.name: 'Linux', os.arch: 'amd64', os.version: '5.15.0-91-generic', java.version: '17.0.7'
Driver info: org.openqa.selenium.chrome.ChromeDriver
Command: [2ed412192a645e42d6224b823361113d, clickElement {id=EF8DE2A68C0B7B3F491368AD1EF9B626_element_45}]
Capabilities {acceptInsecureCerts: false, browserName: chrome, browserVersion: 119.0.6045.159, chrome: {chromedriverVersion: 119.0.6045.105 (38c72552c5e..., userDataDir: /tmp/.org.chromium.Chromium...}, fedcm:accounts: true, goog:chromeOptions: {debuggerAddress: localhost:42407}, networkConnectionEnabled: false, pageLoadStrategy: normal, platformName: linux, proxy: Proxy(), se:cdp: ws://localhost:42407/devtoo..., se:cdpVersion: 119.0.6045.159, setWindowRect: true, strictFileInteractability: false, timeouts: {implicit: 0, pageLoad: 300000, script: 30000}, unhandledPromptBehavior: dismiss and notify, webauthn:extension:credBlob: true, webauthn:extension:largeBlob: true, webauthn:extension:minPinLength: true, webauthn:extension:prf: true, webauthn:virtualAuthenticators: true}
Element: [[ChromeDriver: chrome on linux (2ed412192a645e42d6224b823361113d)] -> xpath: //button[normalize-space()='Destroy']]
Session ID: 2ed412192a645e42d6224b823361113d
at java.base/jdk.internal.reflect.NativeConstructorAccessorImpl.newInstance0(Native Method)
at java.base/jdk.internal.reflect.NativeConstructorAccessorImpl.newInstance(NativeConstructorAccessorImpl.java:77)
at java.base/jdk.internal.reflect.DelegatingConstructorAccessorImpl.newInstance(DelegatingConstructorAccessorImpl.java:45)
at java.base/java.lang.reflect.Constructor.newInstanceWithCaller(Constructor.java:499)
at java.base/java.lang.reflect.Constructor.newInstance(Constructor.java:480)
at org.openqa.selenium.remote.codec.w3c.W3CHttpResponseCodec.createException(W3CHttpResponseCodec.java:200)
at org.openqa.selenium.remote.codec.w3c.W3CHttpResponseCodec.decode(W3CHttpResponseCodec.java:133)
at org.openqa.selenium.remote.codec.w3c.W3CHttpResponseCodec.decode(W3CHttpResponseCodec.java:52)
at org.openqa.selenium.remote.HttpCommandExecutor.execute(HttpCommandExecutor.java:191)
at org.openqa.selenium.remote.service.DriverCommandExecutor.invokeExecute(DriverCommandExecutor.java:200)
at org.openqa.selenium.remote.service.DriverCommandExecutor.execute(DriverCommandExecutor.java:175)
at org.openqa.selenium.remote.RemoteWebDriver.execute(RemoteWebDriver.java:523)
at org.openqa.selenium.remote.RemoteWebElement.execute(RemoteWebElement.java:224)
at org.openqa.selenium.remote.RemoteWebElement.click(RemoteWebElement.java:77)
at objects.DestroyimprestPage.Destroy(DestroyimprestPage.java:47)
at strongroom.Agedcare.Destroyimprest(Agedcare.java:74)
at java.base/jdk.internal.reflect.NativeMethodAccessorImpl.invoke0(Native Method)
at java.base/jdk.internal.reflect.NativeMethodAccessorImpl.invoke(NativeMethodAccessorImpl.java:77)
at java.base/jdk.internal.reflect.DelegatingMethodAccessorImpl.invoke(DelegatingMethodAccessorImpl.java:43)
at java.base/java.lang.reflect.Method.invoke(Method.java:568)
at org.testng.internal.MethodInvocationHelper.invokeMethod(MethodInvocationHelper.java:133)
at org.testng.internal.TestInvoker.invokeMethod(TestInvoker.java:598)
at org.testng.internal.TestInvoker.invokeTestMethod(TestInvoker.java:173)
at org.testng.internal.MethodRunner.runInSequence(MethodRunner.java:46)
at org.testng.internal.TestInvoker$MethodInvocationAgent.invoke(TestInvoker.java:824)
at org.testng.internal.TestInvoker.invokeTestMethods(TestInvoker.java:146)
at org.testng.internal.TestMethodWorker.invokeTestMethods(TestMethodWorker.java:146)
at org.testng.internal.TestMethodWorker.run(TestMethodWorker.java:128)
at java.base/java.util.ArrayList.forEach(ArrayList.java:1511)
at org.testng.TestRunner.privateRun(TestRunner.java:794)
at org.testng.TestRunner.run(TestRunner.java:596)
at org.testng.SuiteRunner.runTest(SuiteRunner.java:377)
at org.testng.SuiteRunner.runSequentially(SuiteRunner.java:371)
at org.testng.SuiteRunner.privateRun(SuiteRunner.java:332)
at org.testng.SuiteRunner.run(SuiteRunner.java:276)
at org.testng.SuiteRunnerWorker.runSuite(SuiteRunnerWorker.java:53)
at org.testng.SuiteRunnerWorker.run(SuiteRunnerWorker.java:96)
at org.testng.TestNG.runSuitesSequentially(TestNG.java:1212)
at org.testng.TestNG.runSuitesLocally(TestNG.java:1134)
at org.testng.TestNG.runSuites(TestNG.java:1063)
at org.testng.TestNG.run(TestNG.java:1031)
at org.testng.remote.AbstractRemoteTestNG.run(AbstractRemoteTestNG.java:115)
at org.testng.remote.RemoteTestNG.initAndRun(RemoteTestNG.java:251)
at org.testng.remote.RemoteTestNG.main(RemoteTestNG.java:77)
]]>
            </full-stacktrace>
          </exception> <!-- org.openqa.selenium.ElementClickInterceptedException -->
          <reporter-output>
          </reporter-output>
        </test-method> <!-- Destroyimprest -->
        <test-method signature="Destroyimprest()[pri:1, instance:strongroom.Agedcare@5b03b9fe]" started-at="2024-01-09T15:35:02 IST" name="Destroyimprest" finished-at="2024-01-09T15:35:03 IST" duration-ms="1158" status="FAIL">
          <exception class="org.openqa.selenium.ElementClickInterceptedException">
            <message>
              <![CDATA[element click intercepted: Element <button class="actions-menu-item">...</button> is not clickable at point (112, 316). Other element would receive the click: <div class="modal-wrapper">...</div>
  (Session info: chrome=119.0.6045.159)
Build info: version: '4.16.1', revision: '9b4c83354e'
System info: os.name: 'Linux', os.arch: 'amd64', os.version: '5.15.0-91-generic', java.version: '17.0.7'
Driver info: org.openqa.selenium.chrome.ChromeDriver
Command: [2ed412192a645e42d6224b823361113d, clickElement {id=EF8DE2A68C0B7B3F491368AD1EF9B626_element_45}]
Capabilities {acceptInsecureCerts: false, browserName: chrome, browserVersion: 119.0.6045.159, chrome: {chromedriverVersion: 119.0.6045.105 (38c72552c5e..., userDataDir: /tmp/.org.chromium.Chromium...}, fedcm:accounts: true, goog:chromeOptions: {debuggerAddress: localhost:42407}, networkConnectionEnabled: false, pageLoadStrategy: normal, platformName: linux, proxy: Proxy(), se:cdp: ws://localhost:42407/devtoo..., se:cdpVersion: 119.0.6045.159, setWindowRect: true, strictFileInteractability: false, timeouts: {implicit: 0, pageLoad: 300000, script: 30000}, unhandledPromptBehavior: dismiss and notify, webauthn:extension:credBlob: true, webauthn:extension:largeBlob: true, webauthn:extension:minPinLength: true, webauthn:extension:prf: true, webauthn:virtualAuthenticators: true}
Element: [[ChromeDriver: chrome on linux (2ed412192a645e42d6224b823361113d)] -> xpath: //button[normalize-space()='Destroy']]
Session ID: 2ed412192a645e42d6224b823361113d]]>
            </message>
            <full-stacktrace>
              <![CDATA[org.openqa.selenium.ElementClickInterceptedException: element click intercepted: Element <button class="actions-menu-item">...</button> is not clickable at point (112, 316). Other element would receive the click: <div class="modal-wrapper">...</div>
  (Session info: chrome=119.0.6045.159)
Build info: version: '4.16.1', revision: '9b4c83354e'
System info: os.name: 'Linux', os.arch: 'amd64', os.version: '5.15.0-91-generic', java.version: '17.0.7'
Driver info: org.openqa.selenium.chrome.ChromeDriver
Command: [2ed412192a645e42d6224b823361113d, clickElement {id=EF8DE2A68C0B7B3F491368AD1EF9B626_element_45}]
Capabilities {acceptInsecureCerts: false, browserName: chrome, browserVersion: 119.0.6045.159, chrome: {chromedriverVersion: 119.0.6045.105 (38c72552c5e..., userDataDir: /tmp/.org.chromium.Chromium...}, fedcm:accounts: true, goog:chromeOptions: {debuggerAddress: localhost:42407}, networkConnectionEnabled: false, pageLoadStrategy: normal, platformName: linux, proxy: Proxy(), se:cdp: ws://localhost:42407/devtoo..., se:cdpVersion: 119.0.6045.159, setWindowRect: true, strictFileInteractability: false, timeouts: {implicit: 0, pageLoad: 300000, script: 30000}, unhandledPromptBehavior: dismiss and notify, webauthn:extension:credBlob: true, webauthn:extension:largeBlob: true, webauthn:extension:minPinLength: true, webauthn:extension:prf: true, webauthn:virtualAuthenticators: true}
Element: [[ChromeDriver: chrome on linux (2ed412192a645e42d6224b823361113d)] -> xpath: //button[normalize-space()='Destroy']]
Session ID: 2ed412192a645e42d6224b823361113d
at java.base/jdk.internal.reflect.NativeConstructorAccessorImpl.newInstance0(Native Method)
at java.base/jdk.internal.reflect.NativeConstructorAccessorImpl.newInstance(NativeConstructorAccessorImpl.java:77)
at java.base/jdk.internal.reflect.DelegatingConstructorAccessorImpl.newInstance(DelegatingConstructorAccessorImpl.java:45)
at java.base/java.lang.reflect.Constructor.newInstanceWithCaller(Constructor.java:499)
at java.base/java.lang.reflect.Constructor.newInstance(Constructor.java:480)
at org.openqa.selenium.remote.codec.w3c.W3CHttpResponseCodec.createException(W3CHttpResponseCodec.java:200)
at org.openqa.selenium.remote.codec.w3c.W3CHttpResponseCodec.decode(W3CHttpResponseCodec.java:133)
at org.openqa.selenium.remote.codec.w3c.W3CHttpResponseCodec.decode(W3CHttpResponseCodec.java:52)
at org.openqa.selenium.remote.HttpCommandExecutor.execute(HttpCommandExecutor.java:191)
at org.openqa.selenium.remote.service.DriverCommandExecutor.invokeExecute(DriverCommandExecutor.java:200)
at org.openqa.selenium.remote.service.DriverCommandExecutor.execute(DriverCommandExecutor.java:175)
at org.openqa.selenium.remote.RemoteWebDriver.execute(RemoteWebDriver.java:523)
at org.openqa.selenium.remote.RemoteWebElement.execute(RemoteWebElement.java:224)
at org.openqa.selenium.remote.RemoteWebElement.click(RemoteWebElement.java:77)
at objects.DestroyimprestPage.Destroy(DestroyimprestPage.java:47)
at strongroom.Agedcare.Destroyimprest(Agedcare.java:74)
at java.base/jdk.internal.reflect.NativeMethodAccessorImpl.invoke0(Native Method)
at java.base/jdk.internal.reflect.NativeMethodAccessorImpl.invoke(NativeMethodAccessorImpl.java:77)
at java.base/jdk.internal.reflect.DelegatingMethodAccessorImpl.invoke(DelegatingMethodAccessorImpl.java:43)
at java.base/java.lang.reflect.Method.invoke(Method.java:568)
at org.testng.internal.MethodInvocationHelper.invokeMethod(MethodInvocationHelper.java:133)
at org.testng.internal.TestInvoker.invokeMethod(TestInvoker.java:598)
at org.testng.internal.TestInvoker.invokeTestMethod(TestInvoker.java:173)
at org.testng.internal.MethodRunner.runInSequence(MethodRunner.java:46)
at org.testng.internal.TestInvoker$MethodInvocationAgent.invoke(TestInvoker.java:824)
at org.testng.internal.TestInvoker.invokeTestMethods(TestInvoker.java:146)
at org.testng.internal.TestMethodWorker.invokeTestMethods(TestMethodWorker.java:146)
at org.testng.internal.TestMethodWorker.run(TestMethodWorker.java:128)
at java.base/java.util.ArrayList.forEach(ArrayList.java:1511)
at org.testng.TestRunner.privateRun(TestRunner.java:794)
at org.testng.TestRunner.run(TestRunner.java:596)
at org.testng.SuiteRunner.runTest(SuiteRunner.java:377)
at org.testng.SuiteRunner.runSequentially(SuiteRunner.java:371)
at org.testng.SuiteRunner.privateRun(SuiteRunner.java:332)
at org.testng.SuiteRunner.run(SuiteRunner.java:276)
at org.testng.SuiteRunnerWorker.runSuite(SuiteRunnerWorker.java:53)
at org.testng.SuiteRunnerWorker.run(SuiteRunnerWorker.java:96)
at org.testng.TestNG.runSuitesSequentially(TestNG.java:1212)
at org.testng.TestNG.runSuitesLocally(TestNG.java:1134)
at org.testng.TestNG.runSuites(TestNG.java:1063)
at org.testng.TestNG.run(TestNG.java:1031)
at org.testng.remote.AbstractRemoteTestNG.run(AbstractRemoteTestNG.java:115)
at org.testng.remote.RemoteTestNG.initAndRun(RemoteTestNG.java:251)
at org.testng.remote.RemoteTestNG.main(RemoteTestNG.java:77)
]]>
            </full-stacktrace>
          </exception> <!-- org.openqa.selenium.ElementClickInterceptedException -->
          <reporter-output>
          </reporter-output>
        </test-method> <!-- Destroyimprest -->
        <test-method is-config="true" signature="tearDown()[pri:0, instance:strongroom.Agedcare@5b03b9fe]" started-at="2024-01-09T15:35:03 IST" name="tearDown" finished-at="2024-01-09T15:35:03 IST" duration-ms="1" status="PASS">
          <reporter-output>
          </reporter-output>
        </test-method> <!-- tearDown -->
      </class> <!-- strongroom.Agedcare -->
    </test> <!-- Aged care -->
  </suite> <!-- Aged care -->
</testng-results>
