<?xml version="1.0" encoding="UTF-8"?>
<testng-results ignored="0" total="5" passed="4" failed="1" skipped="0">
  <reporter-output>
  </reporter-output>
  <suite started-at="2024-02-23T19:40:18 IST" name="Default suite" finished-at="2024-02-23T19:46:05 IST" duration-ms="346960">
    <groups>
    </groups>
    <test started-at="2024-02-23T19:40:18 IST" name="Default test" finished-at="2024-02-23T19:46:05 IST" duration-ms="346960">
      <class name="strongroom.Testing">
        <test-method is-config="true" signature="setUp()[pri:0, instance:strongroom.Testing@537f60bf]" started-at="2024-02-23T19:40:18 IST" name="setUp" finished-at="2024-02-23T19:40:20 IST" duration-ms="2155" status="PASS">
          <reporter-output>
          </reporter-output>
        </test-method> <!-- setUp -->
        <test-method is-config="true" signature="login()[pri:0, instance:strongroom.Testing@537f60bf]" started-at="2024-02-23T19:40:21 IST" name="login" finished-at="2024-02-23T19:40:43 IST" duration-ms="22424" status="PASS">
          <reporter-output>
          </reporter-output>
        </test-method> <!-- login -->
        <test-method signature="automation(java.lang.String,java.lang.String,java.lang.String,java.lang.String,java.lang.String,java.lang.String,java.lang.String,java.lang.String,java.lang.String)[pri:0, instance:strongroom.Testing@537f60bf]" started-at="2024-02-23T19:40:43 IST" name="automation" data-provider="getTestData" finished-at="2024-02-23T19:40:57 IST" duration-ms="13692" status="PASS">
          <params>
            <param index="0">
              <value>
                <![CDATA[Transfer in Patient]]>
              </value>
            </param>
            <param index="1">
              <value>
                <![CDATA[wertw]]>
              </value>
            </param>
            <param index="2">
              <value>
                <![CDATA[(amoxicillin) Moxacin 500 mg capsule]]>
              </value>
            </param>
            <param index="3">
              <value>
                <![CDATA[]]>
              </value>
            </param>
            <param index="4">
              <value>
                <![CDATA[Perry Grant]]>
              </value>
            </param>
            <param index="5">
              <value>
                <![CDATA[2.0]]>
              </value>
            </param>
            <param index="6">
              <value>
                <![CDATA[Added Note]]>
              </value>
            </param>
            <param index="7">
              <value>
                <![CDATA[valeshan.naidoo@strongroom.ai]]>
              </value>
            </param>
            <param index="8">
              <value>
                <![CDATA[1111]]>
              </value>
            </param>
          </params>
          <reporter-output>
          </reporter-output>
        </test-method> <!-- automation -->
        <test-method is-config="true" signature="tearDown(org.testng.ITestResult)[pri:0, instance:strongroom.Testing@537f60bf]" started-at="2024-02-23T19:40:57 IST" name="tearDown" finished-at="2024-02-23T19:41:08 IST" duration-ms="11597" status="PASS">
          <params>
            <param index="0">
              <value>
                <![CDATA[[TestResult name=automation status=SUCCESS method=Testing.automation(java.lang.String,java.lang.String,java.lang.String,java.lang.String,java.lang.String,java.lang.String,java.lang.String,java.lang.String,java.lang.String)[pri:0, instance:strongroom.Testing@537f60bf] output={null}]]]>
              </value>
            </param>
          </params>
          <reporter-output>
          </reporter-output>
        </test-method> <!-- tearDown -->
        <test-method is-config="true" signature="login()[pri:0, instance:strongroom.Testing@537f60bf]" started-at="2024-02-23T19:41:08 IST" name="login" finished-at="2024-02-23T19:41:23 IST" duration-ms="14885" status="PASS">
          <reporter-output>
          </reporter-output>
        </test-method> <!-- login -->
        <test-method signature="automation(java.lang.String,java.lang.String,java.lang.String,java.lang.String,java.lang.String,java.lang.String,java.lang.String,java.lang.String,java.lang.String)[pri:0, instance:strongroom.Testing@537f60bf]" started-at="2024-02-23T19:41:23 IST" name="automation" data-provider="getTestData" finished-at="2024-02-23T19:42:02 IST" duration-ms="38506" status="PASS">
          <params>
            <param index="0">
              <value>
                <![CDATA[Transfer in Patient]]>
              </value>
            </param>
            <param index="1">
              <value>
                <![CDATA[Facility 3]]>
              </value>
            </param>
            <param index="2">
              <value>
                <![CDATA[mhmhm]]>
              </value>
            </param>
            <param index="3">
              <value>
                <![CDATA[]]>
              </value>
            </param>
            <param index="4">
              <value>
                <![CDATA[Perry Grant]]>
              </value>
            </param>
            <param index="5">
              <value>
                <![CDATA[1.0]]>
              </value>
            </param>
            <param index="6">
              <value>
                <![CDATA[Added Note]]>
              </value>
            </param>
            <param index="7">
              <value>
                <![CDATA[valeshan.naidoo@strongroom.ai]]>
              </value>
            </param>
            <param index="8">
              <value>
                <![CDATA[1111]]>
              </value>
            </param>
          </params>
          <reporter-output>
          </reporter-output>
        </test-method> <!-- automation -->
        <test-method is-config="true" signature="tearDown(org.testng.ITestResult)[pri:0, instance:strongroom.Testing@537f60bf]" started-at="2024-02-23T19:42:02 IST" name="tearDown" finished-at="2024-02-23T19:42:10 IST" duration-ms="7905" status="PASS">
          <params>
            <param index="0">
              <value>
                <![CDATA[[TestResult name=automation status=SUCCESS method=Testing.automation(java.lang.String,java.lang.String,java.lang.String,java.lang.String,java.lang.String,java.lang.String,java.lang.String,java.lang.String,java.lang.String)[pri:0, instance:strongroom.Testing@537f60bf] output={null}]]]>
              </value>
            </param>
          </params>
          <reporter-output>
          </reporter-output>
        </test-method> <!-- tearDown -->
        <test-method is-config="true" signature="login()[pri:0, instance:strongroom.Testing@537f60bf]" started-at="2024-02-23T19:42:10 IST" name="login" finished-at="2024-02-23T19:42:24 IST" duration-ms="14659" status="PASS">
          <reporter-output>
          </reporter-output>
        </test-method> <!-- login -->
        <test-method signature="automation(java.lang.String,java.lang.String,java.lang.String,java.lang.String,java.lang.String,java.lang.String,java.lang.String,java.lang.String,java.lang.String)[pri:0, instance:strongroom.Testing@537f60bf]" started-at="2024-02-23T19:42:24 IST" name="automation" data-provider="getTestData" finished-at="2024-02-23T19:43:37 IST" duration-ms="72713" status="PASS">
          <params>
            <param index="0">
              <value>
                <![CDATA[Transfer in Patient]]>
              </value>
            </param>
            <param index="1">
              <value>
                <![CDATA[Facility 3]]>
              </value>
            </param>
            <param index="2">
              <value>
                <![CDATA[(amoxicillin) Moxacin 500 mg capsule]]>
              </value>
            </param>
            <param index="3">
              <value>
                <![CDATA[]]>
              </value>
            </param>
            <param index="4">
              <value>
                <![CDATA[Perry Grant]]>
              </value>
            </param>
            <param index="5">
              <value>
                <![CDATA[2.0]]>
              </value>
            </param>
            <param index="6">
              <value>
                <![CDATA[Added Note]]>
              </value>
            </param>
            <param index="7">
              <value>
                <![CDATA[valeshan.naidoo@strongroom.ai]]>
              </value>
            </param>
            <param index="8">
              <value>
                <![CDATA[1111]]>
              </value>
            </param>
          </params>
          <reporter-output>
          </reporter-output>
        </test-method> <!-- automation -->
        <test-method is-config="true" signature="tearDown(org.testng.ITestResult)[pri:0, instance:strongroom.Testing@537f60bf]" started-at="2024-02-23T19:43:37 IST" name="tearDown" finished-at="2024-02-23T19:43:44 IST" duration-ms="7483" status="PASS">
          <params>
            <param index="0">
              <value>
                <![CDATA[[TestResult name=automation status=SUCCESS method=Testing.automation(java.lang.String,java.lang.String,java.lang.String,java.lang.String,java.lang.String,java.lang.String,java.lang.String,java.lang.String,java.lang.String)[pri:0, instance:strongroom.Testing@537f60bf] output={null}]]]>
              </value>
            </param>
          </params>
          <reporter-output>
          </reporter-output>
        </test-method> <!-- tearDown -->
        <test-method is-config="true" signature="login()[pri:0, instance:strongroom.Testing@537f60bf]" started-at="2024-02-23T19:43:44 IST" name="login" finished-at="2024-02-23T19:44:00 IST" duration-ms="15107" status="PASS">
          <reporter-output>
          </reporter-output>
        </test-method> <!-- login -->
        <test-method signature="automation(java.lang.String,java.lang.String,java.lang.String,java.lang.String,java.lang.String,java.lang.String,java.lang.String,java.lang.String,java.lang.String)[pri:0, instance:strongroom.Testing@537f60bf]" started-at="2024-02-23T19:44:00 IST" name="automation" data-provider="getTestData" finished-at="2024-02-23T19:45:12 IST" duration-ms="72796" status="PASS">
          <params>
            <param index="0">
              <value>
                <![CDATA[Transfer in Patient]]>
              </value>
            </param>
            <param index="1">
              <value>
                <![CDATA[Facility 3]]>
              </value>
            </param>
            <param index="2">
              <value>
                <![CDATA[(atorvastatin) Lipitor 10 mg tablet]]>
              </value>
            </param>
            <param index="3">
              <value>
                <![CDATA[]]>
              </value>
            </param>
            <param index="4">
              <value>
                <![CDATA[Nancy Holt]]>
              </value>
            </param>
            <param index="5">
              <value>
                <![CDATA[40.0]]>
              </value>
            </param>
            <param index="6">
              <value>
                <![CDATA[Added Note]]>
              </value>
            </param>
            <param index="7">
              <value>
                <![CDATA[valeshan.naidoo@strongroom.ai]]>
              </value>
            </param>
            <param index="8">
              <value>
                <![CDATA[1111]]>
              </value>
            </param>
          </params>
          <reporter-output>
          </reporter-output>
        </test-method> <!-- automation -->
        <test-method is-config="true" signature="tearDown(org.testng.ITestResult)[pri:0, instance:strongroom.Testing@537f60bf]" started-at="2024-02-23T19:45:12 IST" name="tearDown" finished-at="2024-02-23T19:45:22 IST" duration-ms="9480" status="PASS">
          <params>
            <param index="0">
              <value>
                <![CDATA[[TestResult name=automation status=SUCCESS method=Testing.automation(java.lang.String,java.lang.String,java.lang.String,java.lang.String,java.lang.String,java.lang.String,java.lang.String,java.lang.String,java.lang.String)[pri:0, instance:strongroom.Testing@537f60bf] output={null}]]]>
              </value>
            </param>
          </params>
          <reporter-output>
          </reporter-output>
        </test-method> <!-- tearDown -->
        <test-method is-config="true" signature="login()[pri:0, instance:strongroom.Testing@537f60bf]" started-at="2024-02-23T19:45:22 IST" name="login" finished-at="2024-02-23T19:45:40 IST" duration-ms="17755" status="PASS">
          <reporter-output>
          </reporter-output>
        </test-method> <!-- login -->
        <test-method signature="automation(java.lang.String,java.lang.String,java.lang.String,java.lang.String,java.lang.String,java.lang.String,java.lang.String,java.lang.String,java.lang.String)[pri:0, instance:strongroom.Testing@537f60bf]" started-at="2024-02-23T19:45:40 IST" name="automation" data-provider="getTestData" finished-at="2024-02-23T19:45:55 IST" duration-ms="15038" status="FAIL">
          <params>
            <param index="0">
              <value>
                <![CDATA[Transfer in Patient]]>
              </value>
            </param>
            <param index="1">
              <value>
                <![CDATA[Facility 3]]>
              </value>
            </param>
            <param index="2">
              <value>
                <![CDATA[(atorvastatin) Lipitor 10 mg tablet]]>
              </value>
            </param>
            <param index="3">
              <value>
                <![CDATA[]]>
              </value>
            </param>
            <param index="4">
              <value>
                <![CDATA[Nancy Holt]]>
              </value>
            </param>
            <param index="5">
              <value>
                <![CDATA[2.0]]>
              </value>
            </param>
            <param index="6">
              <value>
                <![CDATA[Added Note]]>
              </value>
            </param>
            <param index="7">
              <value>
                <![CDATA[valeshan.naidoo@strongroom.ai]]>
              </value>
            </param>
            <param index="8">
              <value>
                <![CDATA[2554.0]]>
              </value>
            </param>
          </params>
          <exception class="org.openqa.selenium.TimeoutException">
            <message>
              <![CDATA[Expected condition failed: waiting for presence of element located by: By.cssSelector: i.pi.pi-exclamation-circle (tried for 15 second(s) with 500 milliseconds interval)]]>
            </message>
            <full-stacktrace>
              <![CDATA[org.openqa.selenium.TimeoutException: Expected condition failed: waiting for presence of element located by: By.cssSelector: i.pi.pi-exclamation-circle (tried for 15 second(s) with 500 milliseconds interval)
at org.openqa.selenium.support.ui.WebDriverWait.timeoutException(WebDriverWait.java:84)
at org.openqa.selenium.support.ui.FluentWait.until(FluentWait.java:229)
at objects.NotificationPage.waitForElement(NotificationPage.java:34)
at objects.NotificationPage.clickNotificationIcon(NotificationPage.java:23)
at strongroom.TransferinPatient.transferinPatient(TransferinPatient.java:27)
at strongroom.Testing.automation(Testing.java:38)
at java.base/jdk.internal.reflect.NativeMethodAccessorImpl.invoke0(Native Method)
at java.base/jdk.internal.reflect.NativeMethodAccessorImpl.invoke(NativeMethodAccessorImpl.java:77)
at java.base/jdk.internal.reflect.DelegatingMethodAccessorImpl.invoke(DelegatingMethodAccessorImpl.java:43)
at java.base/java.lang.reflect.Method.invoke(Method.java:568)
at org.testng.internal.MethodInvocationHelper.invokeMethod(MethodInvocationHelper.java:133)
at org.testng.internal.TestInvoker.invokeMethod(TestInvoker.java:598)
at org.testng.internal.TestInvoker.invokeTestMethod(TestInvoker.java:173)
at org.testng.internal.MethodRunner.runInSequence(MethodRunner.java:46)
at org.testng.internal.TestInvoker$MethodInvocationAgent.invoke(TestInvoker.java:824)
at org.testng.internal.TestInvoker.invokeTestMethods(TestInvoker.java:146)
at org.testng.internal.TestMethodWorker.invokeTestMethods(TestMethodWorker.java:146)
at org.testng.internal.TestMethodWorker.run(TestMethodWorker.java:128)
at java.base/java.util.ArrayList.forEach(ArrayList.java:1511)
at org.testng.TestRunner.privateRun(TestRunner.java:794)
at org.testng.TestRunner.run(TestRunner.java:596)
at org.testng.SuiteRunner.runTest(SuiteRunner.java:377)
at org.testng.SuiteRunner.runSequentially(SuiteRunner.java:371)
at org.testng.SuiteRunner.privateRun(SuiteRunner.java:332)
at org.testng.SuiteRunner.run(SuiteRunner.java:276)
at org.testng.SuiteRunnerWorker.runSuite(SuiteRunnerWorker.java:53)
at org.testng.SuiteRunnerWorker.run(SuiteRunnerWorker.java:96)
at org.testng.TestNG.runSuitesSequentially(TestNG.java:1212)
at org.testng.TestNG.runSuitesLocally(TestNG.java:1134)
at org.testng.TestNG.runSuites(TestNG.java:1063)
at org.testng.TestNG.run(TestNG.java:1031)
at org.testng.remote.AbstractRemoteTestNG.run(AbstractRemoteTestNG.java:115)
at org.testng.remote.RemoteTestNG.initAndRun(RemoteTestNG.java:251)
at org.testng.remote.RemoteTestNG.main(RemoteTestNG.java:77)
Caused by: org.openqa.selenium.NoSuchElementException: no such element: Unable to locate element: {"method":"css selector","selector":"i.pi.pi-exclamation-circle"}
  (Session info: chrome=121.0.6167.187)
For documentation on this error, please visit: https://www.selenium.dev/documentation/webdriver/troubleshooting/errors#no-such-element-exception
Build info: version: '4.16.1', revision: '9b4c83354e'
System info: os.name: 'Windows 11', os.arch: 'amd64', os.version: '10.0', java.version: '17.0.9'
Driver info: org.openqa.selenium.chrome.ChromeDriver
Command: [fbec71f794a91483ed10ccca10dbf9ba, findElement {using=css selector, value=i.pi.pi-exclamation-circle}]
Capabilities {acceptInsecureCerts: false, browserName: chrome, browserVersion: 121.0.6167.187, chrome: {chromedriverVersion: 121.0.6167.184 (057a8ae7deb..., userDataDir: C:\Users\bhako\AppData\Loca...}, fedcm:accounts: true, goog:chromeOptions: {debuggerAddress: localhost:57520}, networkConnectionEnabled: false, pageLoadStrategy: normal, platformName: windows, proxy: Proxy(), se:cdp: ws://localhost:57520/devtoo..., se:cdpVersion: 121.0.6167.187, setWindowRect: true, strictFileInteractability: false, timeouts: {implicit: 0, pageLoad: 300000, script: 30000}, unhandledPromptBehavior: dismiss and notify, webauthn:extension:credBlob: true, webauthn:extension:largeBlob: true, webauthn:extension:minPinLength: true, webauthn:extension:prf: true, webauthn:virtualAuthenticators: true}
Session ID: fbec71f794a91483ed10ccca10dbf9ba
at jdk.internal.reflect.GeneratedConstructorAccessor37.newInstance(Unknown Source)
at java.base/jdk.internal.reflect.DelegatingConstructorAccessorImpl.newInstance(DelegatingConstructorAccessorImpl.java:45)
at java.base/java.lang.reflect.Constructor.newInstanceWithCaller(Constructor.java:499)
at java.base/java.lang.reflect.Constructor.newInstance(Constructor.java:480)
at org.openqa.selenium.remote.codec.w3c.W3CHttpResponseCodec.createException(W3CHttpResponseCodec.java:200)
at org.openqa.selenium.remote.codec.w3c.W3CHttpResponseCodec.decode(W3CHttpResponseCodec.java:133)
at org.openqa.selenium.remote.codec.w3c.W3CHttpResponseCodec.decode(W3CHttpResponseCodec.java:52)
at org.openqa.selenium.remote.HttpCommandExecutor.execute(HttpCommandExecutor.java:191)
at org.openqa.selenium.remote.service.DriverCommandExecutor.invokeExecute(DriverCommandExecutor.java:200)
at org.openqa.selenium.remote.service.DriverCommandExecutor.execute(DriverCommandExecutor.java:175)
at org.openqa.selenium.remote.RemoteWebDriver.execute(RemoteWebDriver.java:523)
at org.openqa.selenium.remote.ElementLocation$ElementFinder$2.findElement(ElementLocation.java:165)
at org.openqa.selenium.remote.ElementLocation.findElement(ElementLocation.java:59)
at org.openqa.selenium.remote.RemoteWebDriver.findElement(RemoteWebDriver.java:360)
at org.openqa.selenium.remote.RemoteWebDriver.findElement(RemoteWebDriver.java:354)
at org.openqa.selenium.support.ui.ExpectedConditions$6.apply(ExpectedConditions.java:171)
at org.openqa.selenium.support.ui.ExpectedConditions$6.apply(ExpectedConditions.java:168)
at org.openqa.selenium.support.ui.FluentWait.until(FluentWait.java:204)
... 32 more
]]>
            </full-stacktrace>
          </exception> <!-- org.openqa.selenium.TimeoutException -->
          <reporter-output>
          </reporter-output>
        </test-method> <!-- automation -->
        <test-method is-config="true" signature="tearDown(org.testng.ITestResult)[pri:0, instance:strongroom.Testing@537f60bf]" started-at="2024-02-23T19:45:55 IST" name="tearDown" finished-at="2024-02-23T19:46:04 IST" duration-ms="9740" status="PASS">
          <params>
            <param index="0">
              <value>
                <![CDATA[[TestResult name=automation status=FAILURE method=Testing.automation(java.lang.String,java.lang.String,java.lang.String,java.lang.String,java.lang.String,java.lang.String,java.lang.String,java.lang.String,java.lang.String)[pri:0, instance:strongroom.Testing@537f60bf] output={null}]]]>
              </value>
            </param>
          </params>
          <reporter-output>
          </reporter-output>
        </test-method> <!-- tearDown -->
        <test-method is-config="true" signature="tearDown()[pri:0, instance:strongroom.Testing@537f60bf]" started-at="2024-02-23T19:46:04 IST" name="tearDown" finished-at="2024-02-23T19:46:05 IST" duration-ms="104" status="PASS">
          <reporter-output>
          </reporter-output>
        </test-method> <!-- tearDown -->
      </class> <!-- strongroom.Testing -->
    </test> <!-- Default test -->
  </suite> <!-- Default suite -->
</testng-results>
