<?xml version="1.0" encoding="UTF-8"?>
<testng-results ignored="0" total="64" passed="54" failed="2" skipped="8">
  <reporter-output>
  </reporter-output>
  <suite started-at="2024-02-06T13:29:33 IST" name="Suite" finished-at="2024-02-06T13:44:05 IST" duration-ms="872823">
    <groups>
    </groups>
    <test started-at="2024-02-06T13:29:33 IST" name="Agedcare" finished-at="2024-02-06T13:44:05 IST" duration-ms="872823">
      <class name="strongroom.TransferinImprest">
        <test-method is-config="true" signature="setUp()[pri:0, instance:strongroom.TransferinImprest@273e7444]" started-at="2024-02-06T13:38:27 IST" name="setUp" finished-at="2024-02-06T13:38:36 IST" duration-ms="8889" status="PASS">
          <reporter-output>
          </reporter-output>
        </test-method> <!-- setUp -->
        <test-method signature="transferinImprest(java.lang.String,java.lang.String,java.lang.String,java.lang.String,java.lang.String,java.lang.String,java.lang.String,java.lang.String,java.lang.String)[pri:0, instance:strongroom.TransferinImprest@273e7444]" started-at="2024-02-06T13:38:36 IST" name="transferinImprest" data-provider="getTestData" finished-at="2024-02-06T13:39:09 IST" duration-ms="32703" status="PASS">
          <params>
            <param index="0">
              <value>
                <![CDATA[Transfer in Imprest]]>
              </value>
            </param>
            <param index="1">
              <value>
                <![CDATA[WA Nursing Home]]>
              </value>
            </param>
            <param index="2">
              <value>
                <![CDATA[(docusate + sennoside B) Soflax (AN) tablet]]>
              </value>
            </param>
            <param index="3">
              <value>
                <![CDATA[5e26790f-e97b-47a9-978b-e42b5915acbc]]>
              </value>
            </param>
            <param index="4">
              <value>
                <![CDATA[Arvind Nath]]>
              </value>
            </param>
            <param index="5">
              <value>
                <![CDATA[2.0]]>
              </value>
            </param>
            <param index="6">
              <value>
                <![CDATA[Added Note]]>
              </value>
            </param>
            <param index="7">
              <value>
                <![CDATA[valeshan.naidoo@strongroom.ai]]>
              </value>
            </param>
            <param index="8">
              <value>
                <![CDATA[1111]]>
              </value>
            </param>
          </params>
          <reporter-output>
          </reporter-output>
        </test-method> <!-- transferinImprest -->
        <test-method is-config="true" signature="tearDown(org.testng.ITestResult)[pri:0, instance:strongroom.TransferinImprest@273e7444]" started-at="2024-02-06T13:39:09 IST" name="tearDown" finished-at="2024-02-06T13:39:18 IST" duration-ms="9301" status="PASS">
          <params>
            <param index="0">
              <value>
                <![CDATA[[TestResult name=transferinImprest status=SUCCESS method=TransferinImprest.transferinImprest(java.lang.String,java.lang.String,java.lang.String,java.lang.String,java.lang.String,java.lang.String,java.lang.String,java.lang.String,java.lang.String)[pri:0, instance:strongroom.TransferinImprest@273e7444] output={null}]]]>
              </value>
            </param>
          </params>
          <reporter-output>
          </reporter-output>
        </test-method> <!-- tearDown -->
        <test-method signature="transferinImprest(java.lang.String,java.lang.String,java.lang.String,java.lang.String,java.lang.String,java.lang.String,java.lang.String,java.lang.String,java.lang.String)[pri:0, instance:strongroom.TransferinImprest@273e7444]" started-at="2024-02-06T13:39:18 IST" name="transferinImprest" data-provider="getTestData" finished-at="2024-02-06T13:39:18 IST" duration-ms="1" status="PASS">
          <params>
            <param index="0">
              <value>
                <![CDATA[Transfer out Imprest]]>
              </value>
            </param>
            <param index="1">
              <value>
                <![CDATA[Facility 3]]>
              </value>
            </param>
            <param index="2">
              <value>
                <![CDATA[(amoxicillin) amoxicillin 500 mg capsule]]>
              </value>
            </param>
            <param index="3">
              <value>
                <![CDATA[40334233-18a9-4ca6-96a8-001718ec55e3]]>
              </value>
            </param>
            <param index="4">
              <value>
                <![CDATA[Windsor Charles]]>
              </value>
            </param>
            <param index="5">
              <value>
                <![CDATA[2.0]]>
              </value>
            </param>
            <param index="6">
              <value>
                <![CDATA[Added Note]]>
              </value>
            </param>
            <param index="7">
              <value>
                <![CDATA[valeshan.naidoo@strongroom.ai]]>
              </value>
            </param>
            <param index="8">
              <value>
                <![CDATA[1111]]>
              </value>
            </param>
          </params>
          <reporter-output>
          </reporter-output>
        </test-method> <!-- transferinImprest -->
        <test-method is-config="true" signature="tearDown(org.testng.ITestResult)[pri:0, instance:strongroom.TransferinImprest@273e7444]" started-at="2024-02-06T13:39:18 IST" name="tearDown" finished-at="2024-02-06T13:39:26 IST" duration-ms="7991" status="PASS">
          <params>
            <param index="0">
              <value>
                <![CDATA[[TestResult name=transferinImprest status=SUCCESS method=TransferinImprest.transferinImprest(java.lang.String,java.lang.String,java.lang.String,java.lang.String,java.lang.String,java.lang.String,java.lang.String,java.lang.String,java.lang.String)[pri:0, instance:strongroom.TransferinImprest@273e7444] output={null}]]]>
              </value>
            </param>
          </params>
          <reporter-output>
          </reporter-output>
        </test-method> <!-- tearDown -->
        <test-method signature="transferinImprest(java.lang.String,java.lang.String,java.lang.String,java.lang.String,java.lang.String,java.lang.String,java.lang.String,java.lang.String,java.lang.String)[pri:0, instance:strongroom.TransferinImprest@273e7444]" started-at="2024-02-06T13:39:26 IST" name="transferinImprest" data-provider="getTestData" finished-at="2024-02-06T13:39:26 IST" duration-ms="1" status="PASS">
          <params>
            <param index="0">
              <value>
                <![CDATA[Transfer in Patient]]>
              </value>
            </param>
            <param index="1">
              <value>
                <![CDATA[External facility]]>
              </value>
            </param>
            <param index="2">
              <value>
                <![CDATA[(bromocriptine) bromocriptine 5 mg capsule]]>
              </value>
            </param>
            <param index="3">
              <value>
                <![CDATA[54eb5c05-efe3-4feb-b599-314ecc93cfb9]]>
              </value>
            </param>
            <param index="4">
              <value>
                <![CDATA[Jerry RAC004]]>
              </value>
            </param>
            <param index="5">
              <value>
                <![CDATA[2.0]]>
              </value>
            </param>
            <param index="6">
              <value>
                <![CDATA[Added Note]]>
              </value>
            </param>
            <param index="7">
              <value>
                <![CDATA[valeshan.naidoo@strongroom.ai]]>
              </value>
            </param>
            <param index="8">
              <value>
                <![CDATA[1111]]>
              </value>
            </param>
          </params>
          <reporter-output>
          </reporter-output>
        </test-method> <!-- transferinImprest -->
        <test-method is-config="true" signature="tearDown(org.testng.ITestResult)[pri:0, instance:strongroom.TransferinImprest@273e7444]" started-at="2024-02-06T13:39:26 IST" name="tearDown" finished-at="2024-02-06T13:39:34 IST" duration-ms="7865" status="PASS">
          <params>
            <param index="0">
              <value>
                <![CDATA[[TestResult name=transferinImprest status=SUCCESS method=TransferinImprest.transferinImprest(java.lang.String,java.lang.String,java.lang.String,java.lang.String,java.lang.String,java.lang.String,java.lang.String,java.lang.String,java.lang.String)[pri:0, instance:strongroom.TransferinImprest@273e7444] output={null}]]]>
              </value>
            </param>
          </params>
          <reporter-output>
          </reporter-output>
        </test-method> <!-- tearDown -->
        <test-method signature="transferinImprest(java.lang.String,java.lang.String,java.lang.String,java.lang.String,java.lang.String,java.lang.String,java.lang.String,java.lang.String,java.lang.String)[pri:0, instance:strongroom.TransferinImprest@273e7444]" started-at="2024-02-06T13:39:34 IST" name="transferinImprest" data-provider="getTestData" finished-at="2024-02-06T13:39:34 IST" duration-ms="3" status="PASS">
          <params>
            <param index="0">
              <value>
                <![CDATA[Destroy imprest]]>
              </value>
            </param>
            <param index="1">
              <value>
                <![CDATA[Imprest]]>
              </value>
            </param>
            <param index="2">
              <value>
                <![CDATA[(methadone) methadone hydrochloride 500 microgram/mL oral liquid]]>
              </value>
            </param>
            <param index="3">
              <value>
                <![CDATA[251f26cf-275f-417b-ac18-be0e8267078e]]>
              </value>
            </param>
            <param index="4">
              <value>
                <![CDATA[Matilda Kerr]]>
              </value>
            </param>
            <param index="5">
              <value>
                <![CDATA[2.0]]>
              </value>
            </param>
            <param index="6">
              <value>
                <![CDATA[Added Note]]>
              </value>
            </param>
            <param index="7">
              <value>
                <![CDATA[valeshan.naidoo@strongroom.ai]]>
              </value>
            </param>
            <param index="8">
              <value>
                <![CDATA[1111]]>
              </value>
            </param>
          </params>
          <reporter-output>
          </reporter-output>
        </test-method> <!-- transferinImprest -->
        <test-method is-config="true" signature="tearDown(org.testng.ITestResult)[pri:0, instance:strongroom.TransferinImprest@273e7444]" started-at="2024-02-06T13:39:34 IST" name="tearDown" finished-at="2024-02-06T13:39:43 IST" duration-ms="8687" status="PASS">
          <params>
            <param index="0">
              <value>
                <![CDATA[[TestResult name=transferinImprest status=SUCCESS method=TransferinImprest.transferinImprest(java.lang.String,java.lang.String,java.lang.String,java.lang.String,java.lang.String,java.lang.String,java.lang.String,java.lang.String,java.lang.String)[pri:0, instance:strongroom.TransferinImprest@273e7444] output={null}]]]>
              </value>
            </param>
          </params>
          <reporter-output>
          </reporter-output>
        </test-method> <!-- tearDown -->
        <test-method signature="transferinImprest(java.lang.String,java.lang.String,java.lang.String,java.lang.String,java.lang.String,java.lang.String,java.lang.String,java.lang.String,java.lang.String)[pri:0, instance:strongroom.TransferinImprest@273e7444]" started-at="2024-02-06T13:39:43 IST" name="transferinImprest" data-provider="getTestData" finished-at="2024-02-06T13:39:43 IST" duration-ms="2" status="PASS">
          <params>
            <param index="0">
              <value>
                <![CDATA[Outgoing Patient]]>
              </value>
            </param>
            <param index="1">
              <value>
                <![CDATA[overall ecase]]>
              </value>
            </param>
            <param index="2">
              <value>
                <![CDATA[(prilocaine) prilocaine hydrochloride 1% (50 mg/5 mL) injection, ampoule]]>
              </value>
            </param>
            <param index="3">
              <value>
                <![CDATA[4ff2a345-b25f-4bdb-843a-3193ef9f70b5]]>
              </value>
            </param>
            <param index="4">
              <value>
                <![CDATA[Robyn Dhar]]>
              </value>
            </param>
            <param index="5">
              <value>
                <![CDATA[2.0]]>
              </value>
            </param>
            <param index="6">
              <value>
                <![CDATA[Added Note]]>
              </value>
            </param>
            <param index="7">
              <value>
                <![CDATA[valeshan.naidoo@strongroom.ai]]>
              </value>
            </param>
            <param index="8">
              <value>
                <![CDATA[1111]]>
              </value>
            </param>
          </params>
          <reporter-output>
          </reporter-output>
        </test-method> <!-- transferinImprest -->
        <test-method is-config="true" signature="tearDown(org.testng.ITestResult)[pri:0, instance:strongroom.TransferinImprest@273e7444]" started-at="2024-02-06T13:39:43 IST" name="tearDown" finished-at="2024-02-06T13:39:51 IST" duration-ms="8566" status="PASS">
          <params>
            <param index="0">
              <value>
                <![CDATA[[TestResult name=transferinImprest status=SUCCESS method=TransferinImprest.transferinImprest(java.lang.String,java.lang.String,java.lang.String,java.lang.String,java.lang.String,java.lang.String,java.lang.String,java.lang.String,java.lang.String)[pri:0, instance:strongroom.TransferinImprest@273e7444] output={null}]]]>
              </value>
            </param>
          </params>
          <reporter-output>
          </reporter-output>
        </test-method> <!-- tearDown -->
        <test-method signature="transferinImprest(java.lang.String,java.lang.String,java.lang.String,java.lang.String,java.lang.String,java.lang.String,java.lang.String,java.lang.String,java.lang.String)[pri:0, instance:strongroom.TransferinImprest@273e7444]" started-at="2024-02-06T13:39:51 IST" name="transferinImprest" data-provider="getTestData" finished-at="2024-02-06T13:39:51 IST" duration-ms="1" status="PASS">
          <params>
            <param index="0">
              <value>
                <![CDATA[Outgoing imprest]]>
              </value>
            </param>
            <param index="1">
              <value>
                <![CDATA[Pharmacy]]>
              </value>
            </param>
            <param index="2">
              <value>
                <![CDATA[(amoxicillin) Yomax 500 mg capsule]]>
              </value>
            </param>
            <param index="3">
              <value>
                <![CDATA[108f9bc3-ef0d-4936-bcf7-d67034d0531b]]>
              </value>
            </param>
            <param index="4">
              <value>
                <![CDATA[David Springer]]>
              </value>
            </param>
            <param index="5">
              <value>
                <![CDATA[2.0]]>
              </value>
            </param>
            <param index="6">
              <value>
                <![CDATA[Added Note]]>
              </value>
            </param>
            <param index="7">
              <value>
                <![CDATA[valeshan.naidoo@strongroom.ai]]>
              </value>
            </param>
            <param index="8">
              <value>
                <![CDATA[1111]]>
              </value>
            </param>
          </params>
          <reporter-output>
          </reporter-output>
        </test-method> <!-- transferinImprest -->
        <test-method is-config="true" signature="tearDown(org.testng.ITestResult)[pri:0, instance:strongroom.TransferinImprest@273e7444]" started-at="2024-02-06T13:39:51 IST" name="tearDown" finished-at="2024-02-06T13:39:59 IST" duration-ms="7434" status="PASS">
          <params>
            <param index="0">
              <value>
                <![CDATA[[TestResult name=transferinImprest status=SUCCESS method=TransferinImprest.transferinImprest(java.lang.String,java.lang.String,java.lang.String,java.lang.String,java.lang.String,java.lang.String,java.lang.String,java.lang.String,java.lang.String)[pri:0, instance:strongroom.TransferinImprest@273e7444] output={null}]]]>
              </value>
            </param>
          </params>
          <reporter-output>
          </reporter-output>
        </test-method> <!-- tearDown -->
        <test-method signature="transferinImprest(java.lang.String,java.lang.String,java.lang.String,java.lang.String,java.lang.String,java.lang.String,java.lang.String,java.lang.String,java.lang.String)[pri:0, instance:strongroom.TransferinImprest@273e7444]" started-at="2024-02-06T13:39:59 IST" name="transferinImprest" data-provider="getTestData" finished-at="2024-02-06T13:39:59 IST" duration-ms="1" status="PASS">
          <params>
            <param index="0">
              <value>
                <![CDATA[Destroy Patient]]>
              </value>
            </param>
            <param index="1">
              <value>
                <![CDATA[Final Facility]]>
              </value>
            </param>
            <param index="2">
              <value>
                <![CDATA[(gentamicin) gentamicin 40 mg/mL injection, ampoule]]>
              </value>
            </param>
            <param index="3">
              <value>
                <![CDATA[076bdc53-820c-4e06-b7de-bb14bdfba61b]]>
              </value>
            </param>
            <param index="4">
              <value>
                <![CDATA[Perry Grant]]>
              </value>
            </param>
            <param index="5">
              <value>
                <![CDATA[2.0]]>
              </value>
            </param>
            <param index="6">
              <value>
                <![CDATA[Added Note]]>
              </value>
            </param>
            <param index="7">
              <value>
                <![CDATA[valeshan.naidoo@strongroom.ai]]>
              </value>
            </param>
            <param index="8">
              <value>
                <![CDATA[1111]]>
              </value>
            </param>
          </params>
          <reporter-output>
          </reporter-output>
        </test-method> <!-- transferinImprest -->
        <test-method is-config="true" signature="tearDown(org.testng.ITestResult)[pri:0, instance:strongroom.TransferinImprest@273e7444]" started-at="2024-02-06T13:39:59 IST" name="tearDown" finished-at="2024-02-06T13:40:06 IST" duration-ms="7728" status="PASS">
          <params>
            <param index="0">
              <value>
                <![CDATA[[TestResult name=transferinImprest status=SUCCESS method=TransferinImprest.transferinImprest(java.lang.String,java.lang.String,java.lang.String,java.lang.String,java.lang.String,java.lang.String,java.lang.String,java.lang.String,java.lang.String)[pri:0, instance:strongroom.TransferinImprest@273e7444] output={null}]]]>
              </value>
            </param>
          </params>
          <reporter-output>
          </reporter-output>
        </test-method> <!-- tearDown -->
        <test-method signature="transferinImprest(java.lang.String,java.lang.String,java.lang.String,java.lang.String,java.lang.String,java.lang.String,java.lang.String,java.lang.String,java.lang.String)[pri:0, instance:strongroom.TransferinImprest@273e7444]" started-at="2024-02-06T13:40:06 IST" name="transferinImprest" data-provider="getTestData" finished-at="2024-02-06T13:40:06 IST" duration-ms="3" status="PASS">
          <params>
            <param index="0">
              <value>
                <![CDATA[Transfer out Patient]]>
              </value>
            </param>
            <param index="1">
              <value>
                <![CDATA[Loc-1]]>
              </value>
            </param>
            <param index="2">
              <value>
                <![CDATA[(lidocaine) lidocaine hydrochloride 4% cream]]>
              </value>
            </param>
            <param index="3">
              <value>
                <![CDATA[f7f38e97-83e8-49d4-ba47-fb184baa8675]]>
              </value>
            </param>
            <param index="4">
              <value>
                <![CDATA[Pamela Butler]]>
              </value>
            </param>
            <param index="5">
              <value>
                <![CDATA[2.0]]>
              </value>
            </param>
            <param index="6">
              <value>
                <![CDATA[Added Note]]>
              </value>
            </param>
            <param index="7">
              <value>
                <![CDATA[valeshan.naidoo@strongroom.ai]]>
              </value>
            </param>
            <param index="8">
              <value>
                <![CDATA[1111]]>
              </value>
            </param>
          </params>
          <reporter-output>
          </reporter-output>
        </test-method> <!-- transferinImprest -->
        <test-method is-config="true" signature="tearDown(org.testng.ITestResult)[pri:0, instance:strongroom.TransferinImprest@273e7444]" started-at="2024-02-06T13:40:06 IST" name="tearDown" finished-at="2024-02-06T13:40:18 IST" duration-ms="11547" status="PASS">
          <params>
            <param index="0">
              <value>
                <![CDATA[[TestResult name=transferinImprest status=SUCCESS method=TransferinImprest.transferinImprest(java.lang.String,java.lang.String,java.lang.String,java.lang.String,java.lang.String,java.lang.String,java.lang.String,java.lang.String,java.lang.String)[pri:0, instance:strongroom.TransferinImprest@273e7444] output={null}]]]>
              </value>
            </param>
          </params>
          <reporter-output>
          </reporter-output>
        </test-method> <!-- tearDown -->
        <test-method is-config="true" signature="tearDown()[pri:0, instance:strongroom.TransferinImprest@273e7444]" started-at="2024-02-06T13:40:18 IST" name="tearDown" finished-at="2024-02-06T13:40:18 IST" duration-ms="139" status="PASS">
          <reporter-output>
          </reporter-output>
        </test-method> <!-- tearDown -->
      </class> <!-- strongroom.TransferinImprest -->
      <class name="strongroom.TransferinPatient">
        <test-method is-config="true" signature="setUp()[pri:0, instance:strongroom.TransferinPatient@7db12bb6]" started-at="2024-02-06T13:40:18 IST" name="setUp" finished-at="2024-02-06T13:40:28 IST" duration-ms="9842" status="PASS">
          <reporter-output>
          </reporter-output>
        </test-method> <!-- setUp -->
        <test-method signature="transferinPatient(java.lang.String,java.lang.String,java.lang.String,java.lang.String,java.lang.String,java.lang.String,java.lang.String,java.lang.String,java.lang.String)[pri:0, instance:strongroom.TransferinPatient@7db12bb6]" started-at="2024-02-06T13:40:28 IST" name="transferinPatient" data-provider="getTestData" finished-at="2024-02-06T13:40:28 IST" duration-ms="19" status="PASS">
          <params>
            <param index="0">
              <value>
                <![CDATA[Transfer in Imprest]]>
              </value>
            </param>
            <param index="1">
              <value>
                <![CDATA[WA Nursing Home]]>
              </value>
            </param>
            <param index="2">
              <value>
                <![CDATA[(docusate + sennoside B) Soflax (AN) tablet]]>
              </value>
            </param>
            <param index="3">
              <value>
                <![CDATA[5e26790f-e97b-47a9-978b-e42b5915acbc]]>
              </value>
            </param>
            <param index="4">
              <value>
                <![CDATA[Arvind Nath]]>
              </value>
            </param>
            <param index="5">
              <value>
                <![CDATA[2.0]]>
              </value>
            </param>
            <param index="6">
              <value>
                <![CDATA[Added Note]]>
              </value>
            </param>
            <param index="7">
              <value>
                <![CDATA[valeshan.naidoo@strongroom.ai]]>
              </value>
            </param>
            <param index="8">
              <value>
                <![CDATA[1111]]>
              </value>
            </param>
          </params>
          <reporter-output>
          </reporter-output>
        </test-method> <!-- transferinPatient -->
        <test-method is-config="true" signature="tearDown(org.testng.ITestResult)[pri:0, instance:strongroom.TransferinPatient@7db12bb6]" started-at="2024-02-06T13:40:28 IST" name="tearDown" finished-at="2024-02-06T13:40:37 IST" duration-ms="9042" status="PASS">
          <params>
            <param index="0">
              <value>
                <![CDATA[[TestResult name=transferinPatient status=SUCCESS method=TransferinPatient.transferinPatient(java.lang.String,java.lang.String,java.lang.String,java.lang.String,java.lang.String,java.lang.String,java.lang.String,java.lang.String,java.lang.String)[pri:0, instance:strongroom.TransferinPatient@7db12bb6] output={null}]]]>
              </value>
            </param>
          </params>
          <reporter-output>
          </reporter-output>
        </test-method> <!-- tearDown -->
        <test-method signature="transferinPatient(java.lang.String,java.lang.String,java.lang.String,java.lang.String,java.lang.String,java.lang.String,java.lang.String,java.lang.String,java.lang.String)[pri:0, instance:strongroom.TransferinPatient@7db12bb6]" started-at="2024-02-06T13:40:37 IST" name="transferinPatient" data-provider="getTestData" finished-at="2024-02-06T13:40:37 IST" duration-ms="2" status="PASS">
          <params>
            <param index="0">
              <value>
                <![CDATA[Transfer out Imprest]]>
              </value>
            </param>
            <param index="1">
              <value>
                <![CDATA[Facility 3]]>
              </value>
            </param>
            <param index="2">
              <value>
                <![CDATA[(amoxicillin) amoxicillin 500 mg capsule]]>
              </value>
            </param>
            <param index="3">
              <value>
                <![CDATA[40334233-18a9-4ca6-96a8-001718ec55e3]]>
              </value>
            </param>
            <param index="4">
              <value>
                <![CDATA[Windsor Charles]]>
              </value>
            </param>
            <param index="5">
              <value>
                <![CDATA[2.0]]>
              </value>
            </param>
            <param index="6">
              <value>
                <![CDATA[Added Note]]>
              </value>
            </param>
            <param index="7">
              <value>
                <![CDATA[valeshan.naidoo@strongroom.ai]]>
              </value>
            </param>
            <param index="8">
              <value>
                <![CDATA[1111]]>
              </value>
            </param>
          </params>
          <reporter-output>
          </reporter-output>
        </test-method> <!-- transferinPatient -->
        <test-method is-config="true" signature="tearDown(org.testng.ITestResult)[pri:0, instance:strongroom.TransferinPatient@7db12bb6]" started-at="2024-02-06T13:40:37 IST" name="tearDown" finished-at="2024-02-06T13:40:47 IST" duration-ms="10171" status="PASS">
          <params>
            <param index="0">
              <value>
                <![CDATA[[TestResult name=transferinPatient status=SUCCESS method=TransferinPatient.transferinPatient(java.lang.String,java.lang.String,java.lang.String,java.lang.String,java.lang.String,java.lang.String,java.lang.String,java.lang.String,java.lang.String)[pri:0, instance:strongroom.TransferinPatient@7db12bb6] output={null}]]]>
              </value>
            </param>
          </params>
          <reporter-output>
          </reporter-output>
        </test-method> <!-- tearDown -->
        <test-method signature="transferinPatient(java.lang.String,java.lang.String,java.lang.String,java.lang.String,java.lang.String,java.lang.String,java.lang.String,java.lang.String,java.lang.String)[pri:0, instance:strongroom.TransferinPatient@7db12bb6]" started-at="2024-02-06T13:40:47 IST" name="transferinPatient" data-provider="getTestData" finished-at="2024-02-06T13:41:25 IST" duration-ms="37282" status="PASS">
          <params>
            <param index="0">
              <value>
                <![CDATA[Transfer in Patient]]>
              </value>
            </param>
            <param index="1">
              <value>
                <![CDATA[External facility]]>
              </value>
            </param>
            <param index="2">
              <value>
                <![CDATA[(bromocriptine) bromocriptine 5 mg capsule]]>
              </value>
            </param>
            <param index="3">
              <value>
                <![CDATA[54eb5c05-efe3-4feb-b599-314ecc93cfb9]]>
              </value>
            </param>
            <param index="4">
              <value>
                <![CDATA[Jerry RAC004]]>
              </value>
            </param>
            <param index="5">
              <value>
                <![CDATA[2.0]]>
              </value>
            </param>
            <param index="6">
              <value>
                <![CDATA[Added Note]]>
              </value>
            </param>
            <param index="7">
              <value>
                <![CDATA[valeshan.naidoo@strongroom.ai]]>
              </value>
            </param>
            <param index="8">
              <value>
                <![CDATA[1111]]>
              </value>
            </param>
          </params>
          <reporter-output>
          </reporter-output>
        </test-method> <!-- transferinPatient -->
        <test-method is-config="true" signature="tearDown(org.testng.ITestResult)[pri:0, instance:strongroom.TransferinPatient@7db12bb6]" started-at="2024-02-06T13:41:25 IST" name="tearDown" finished-at="2024-02-06T13:41:33 IST" duration-ms="7977" status="PASS">
          <params>
            <param index="0">
              <value>
                <![CDATA[[TestResult name=transferinPatient status=SUCCESS method=TransferinPatient.transferinPatient(java.lang.String,java.lang.String,java.lang.String,java.lang.String,java.lang.String,java.lang.String,java.lang.String,java.lang.String,java.lang.String)[pri:0, instance:strongroom.TransferinPatient@7db12bb6] output={null}]]]>
              </value>
            </param>
          </params>
          <reporter-output>
          </reporter-output>
        </test-method> <!-- tearDown -->
        <test-method signature="transferinPatient(java.lang.String,java.lang.String,java.lang.String,java.lang.String,java.lang.String,java.lang.String,java.lang.String,java.lang.String,java.lang.String)[pri:0, instance:strongroom.TransferinPatient@7db12bb6]" started-at="2024-02-06T13:41:33 IST" name="transferinPatient" data-provider="getTestData" finished-at="2024-02-06T13:41:33 IST" duration-ms="1" status="PASS">
          <params>
            <param index="0">
              <value>
                <![CDATA[Destroy imprest]]>
              </value>
            </param>
            <param index="1">
              <value>
                <![CDATA[Imprest]]>
              </value>
            </param>
            <param index="2">
              <value>
                <![CDATA[(methadone) methadone hydrochloride 500 microgram/mL oral liquid]]>
              </value>
            </param>
            <param index="3">
              <value>
                <![CDATA[251f26cf-275f-417b-ac18-be0e8267078e]]>
              </value>
            </param>
            <param index="4">
              <value>
                <![CDATA[Matilda Kerr]]>
              </value>
            </param>
            <param index="5">
              <value>
                <![CDATA[2.0]]>
              </value>
            </param>
            <param index="6">
              <value>
                <![CDATA[Added Note]]>
              </value>
            </param>
            <param index="7">
              <value>
                <![CDATA[valeshan.naidoo@strongroom.ai]]>
              </value>
            </param>
            <param index="8">
              <value>
                <![CDATA[1111]]>
              </value>
            </param>
          </params>
          <reporter-output>
          </reporter-output>
        </test-method> <!-- transferinPatient -->
        <test-method is-config="true" signature="tearDown(org.testng.ITestResult)[pri:0, instance:strongroom.TransferinPatient@7db12bb6]" started-at="2024-02-06T13:41:33 IST" name="tearDown" finished-at="2024-02-06T13:41:41 IST" duration-ms="7987" status="PASS">
          <params>
            <param index="0">
              <value>
                <![CDATA[[TestResult name=transferinPatient status=SUCCESS method=TransferinPatient.transferinPatient(java.lang.String,java.lang.String,java.lang.String,java.lang.String,java.lang.String,java.lang.String,java.lang.String,java.lang.String,java.lang.String)[pri:0, instance:strongroom.TransferinPatient@7db12bb6] output={null}]]]>
              </value>
            </param>
          </params>
          <reporter-output>
          </reporter-output>
        </test-method> <!-- tearDown -->
        <test-method signature="transferinPatient(java.lang.String,java.lang.String,java.lang.String,java.lang.String,java.lang.String,java.lang.String,java.lang.String,java.lang.String,java.lang.String)[pri:0, instance:strongroom.TransferinPatient@7db12bb6]" started-at="2024-02-06T13:41:41 IST" name="transferinPatient" data-provider="getTestData" finished-at="2024-02-06T13:41:41 IST" duration-ms="1" status="PASS">
          <params>
            <param index="0">
              <value>
                <![CDATA[Outgoing Patient]]>
              </value>
            </param>
            <param index="1">
              <value>
                <![CDATA[overall ecase]]>
              </value>
            </param>
            <param index="2">
              <value>
                <![CDATA[(prilocaine) prilocaine hydrochloride 1% (50 mg/5 mL) injection, ampoule]]>
              </value>
            </param>
            <param index="3">
              <value>
                <![CDATA[4ff2a345-b25f-4bdb-843a-3193ef9f70b5]]>
              </value>
            </param>
            <param index="4">
              <value>
                <![CDATA[Robyn Dhar]]>
              </value>
            </param>
            <param index="5">
              <value>
                <![CDATA[2.0]]>
              </value>
            </param>
            <param index="6">
              <value>
                <![CDATA[Added Note]]>
              </value>
            </param>
            <param index="7">
              <value>
                <![CDATA[valeshan.naidoo@strongroom.ai]]>
              </value>
            </param>
            <param index="8">
              <value>
                <![CDATA[1111]]>
              </value>
            </param>
          </params>
          <reporter-output>
          </reporter-output>
        </test-method> <!-- transferinPatient -->
        <test-method is-config="true" signature="tearDown(org.testng.ITestResult)[pri:0, instance:strongroom.TransferinPatient@7db12bb6]" started-at="2024-02-06T13:41:41 IST" name="tearDown" finished-at="2024-02-06T13:41:48 IST" duration-ms="7744" status="PASS">
          <params>
            <param index="0">
              <value>
                <![CDATA[[TestResult name=transferinPatient status=SUCCESS method=TransferinPatient.transferinPatient(java.lang.String,java.lang.String,java.lang.String,java.lang.String,java.lang.String,java.lang.String,java.lang.String,java.lang.String,java.lang.String)[pri:0, instance:strongroom.TransferinPatient@7db12bb6] output={null}]]]>
              </value>
            </param>
          </params>
          <reporter-output>
          </reporter-output>
        </test-method> <!-- tearDown -->
        <test-method signature="transferinPatient(java.lang.String,java.lang.String,java.lang.String,java.lang.String,java.lang.String,java.lang.String,java.lang.String,java.lang.String,java.lang.String)[pri:0, instance:strongroom.TransferinPatient@7db12bb6]" started-at="2024-02-06T13:41:48 IST" name="transferinPatient" data-provider="getTestData" finished-at="2024-02-06T13:41:48 IST" duration-ms="0" status="PASS">
          <params>
            <param index="0">
              <value>
                <![CDATA[Outgoing imprest]]>
              </value>
            </param>
            <param index="1">
              <value>
                <![CDATA[Pharmacy]]>
              </value>
            </param>
            <param index="2">
              <value>
                <![CDATA[(amoxicillin) Yomax 500 mg capsule]]>
              </value>
            </param>
            <param index="3">
              <value>
                <![CDATA[108f9bc3-ef0d-4936-bcf7-d67034d0531b]]>
              </value>
            </param>
            <param index="4">
              <value>
                <![CDATA[David Springer]]>
              </value>
            </param>
            <param index="5">
              <value>
                <![CDATA[2.0]]>
              </value>
            </param>
            <param index="6">
              <value>
                <![CDATA[Added Note]]>
              </value>
            </param>
            <param index="7">
              <value>
                <![CDATA[valeshan.naidoo@strongroom.ai]]>
              </value>
            </param>
            <param index="8">
              <value>
                <![CDATA[1111]]>
              </value>
            </param>
          </params>
          <reporter-output>
          </reporter-output>
        </test-method> <!-- transferinPatient -->
        <test-method is-config="true" signature="tearDown(org.testng.ITestResult)[pri:0, instance:strongroom.TransferinPatient@7db12bb6]" started-at="2024-02-06T13:41:48 IST" name="tearDown" finished-at="2024-02-06T13:41:56 IST" duration-ms="7998" status="PASS">
          <params>
            <param index="0">
              <value>
                <![CDATA[[TestResult name=transferinPatient status=SUCCESS method=TransferinPatient.transferinPatient(java.lang.String,java.lang.String,java.lang.String,java.lang.String,java.lang.String,java.lang.String,java.lang.String,java.lang.String,java.lang.String)[pri:0, instance:strongroom.TransferinPatient@7db12bb6] output={null}]]]>
              </value>
            </param>
          </params>
          <reporter-output>
          </reporter-output>
        </test-method> <!-- tearDown -->
        <test-method signature="transferinPatient(java.lang.String,java.lang.String,java.lang.String,java.lang.String,java.lang.String,java.lang.String,java.lang.String,java.lang.String,java.lang.String)[pri:0, instance:strongroom.TransferinPatient@7db12bb6]" started-at="2024-02-06T13:41:56 IST" name="transferinPatient" data-provider="getTestData" finished-at="2024-02-06T13:41:56 IST" duration-ms="1" status="PASS">
          <params>
            <param index="0">
              <value>
                <![CDATA[Destroy Patient]]>
              </value>
            </param>
            <param index="1">
              <value>
                <![CDATA[Final Facility]]>
              </value>
            </param>
            <param index="2">
              <value>
                <![CDATA[(gentamicin) gentamicin 40 mg/mL injection, ampoule]]>
              </value>
            </param>
            <param index="3">
              <value>
                <![CDATA[076bdc53-820c-4e06-b7de-bb14bdfba61b]]>
              </value>
            </param>
            <param index="4">
              <value>
                <![CDATA[Perry Grant]]>
              </value>
            </param>
            <param index="5">
              <value>
                <![CDATA[2.0]]>
              </value>
            </param>
            <param index="6">
              <value>
                <![CDATA[Added Note]]>
              </value>
            </param>
            <param index="7">
              <value>
                <![CDATA[valeshan.naidoo@strongroom.ai]]>
              </value>
            </param>
            <param index="8">
              <value>
                <![CDATA[1111]]>
              </value>
            </param>
          </params>
          <reporter-output>
          </reporter-output>
        </test-method> <!-- transferinPatient -->
        <test-method is-config="true" signature="tearDown(org.testng.ITestResult)[pri:0, instance:strongroom.TransferinPatient@7db12bb6]" started-at="2024-02-06T13:41:56 IST" name="tearDown" finished-at="2024-02-06T13:42:06 IST" duration-ms="9983" status="PASS">
          <params>
            <param index="0">
              <value>
                <![CDATA[[TestResult name=transferinPatient status=SUCCESS method=TransferinPatient.transferinPatient(java.lang.String,java.lang.String,java.lang.String,java.lang.String,java.lang.String,java.lang.String,java.lang.String,java.lang.String,java.lang.String)[pri:0, instance:strongroom.TransferinPatient@7db12bb6] output={null}]]]>
              </value>
            </param>
          </params>
          <reporter-output>
          </reporter-output>
        </test-method> <!-- tearDown -->
        <test-method signature="transferinPatient(java.lang.String,java.lang.String,java.lang.String,java.lang.String,java.lang.String,java.lang.String,java.lang.String,java.lang.String,java.lang.String)[pri:0, instance:strongroom.TransferinPatient@7db12bb6]" started-at="2024-02-06T13:42:06 IST" name="transferinPatient" data-provider="getTestData" finished-at="2024-02-06T13:42:06 IST" duration-ms="1" status="PASS">
          <params>
            <param index="0">
              <value>
                <![CDATA[Transfer out Patient]]>
              </value>
            </param>
            <param index="1">
              <value>
                <![CDATA[Loc-1]]>
              </value>
            </param>
            <param index="2">
              <value>
                <![CDATA[(lidocaine) lidocaine hydrochloride 4% cream]]>
              </value>
            </param>
            <param index="3">
              <value>
                <![CDATA[f7f38e97-83e8-49d4-ba47-fb184baa8675]]>
              </value>
            </param>
            <param index="4">
              <value>
                <![CDATA[Pamela Butler]]>
              </value>
            </param>
            <param index="5">
              <value>
                <![CDATA[2.0]]>
              </value>
            </param>
            <param index="6">
              <value>
                <![CDATA[Added Note]]>
              </value>
            </param>
            <param index="7">
              <value>
                <![CDATA[valeshan.naidoo@strongroom.ai]]>
              </value>
            </param>
            <param index="8">
              <value>
                <![CDATA[1111]]>
              </value>
            </param>
          </params>
          <reporter-output>
          </reporter-output>
        </test-method> <!-- transferinPatient -->
        <test-method is-config="true" signature="tearDown(org.testng.ITestResult)[pri:0, instance:strongroom.TransferinPatient@7db12bb6]" started-at="2024-02-06T13:42:06 IST" name="tearDown" finished-at="2024-02-06T13:42:14 IST" duration-ms="8105" status="PASS">
          <params>
            <param index="0">
              <value>
                <![CDATA[[TestResult name=transferinPatient status=SUCCESS method=TransferinPatient.transferinPatient(java.lang.String,java.lang.String,java.lang.String,java.lang.String,java.lang.String,java.lang.String,java.lang.String,java.lang.String,java.lang.String)[pri:0, instance:strongroom.TransferinPatient@7db12bb6] output={null}]]]>
              </value>
            </param>
          </params>
          <reporter-output>
          </reporter-output>
        </test-method> <!-- tearDown -->
        <test-method is-config="true" signature="tearDown()[pri:0, instance:strongroom.TransferinPatient@7db12bb6]" started-at="2024-02-06T13:42:14 IST" name="tearDown" finished-at="2024-02-06T13:42:15 IST" duration-ms="143" status="PASS">
          <reporter-output>
          </reporter-output>
        </test-method> <!-- tearDown -->
      </class> <!-- strongroom.TransferinPatient -->
      <class name="strongroom.DestroyPatient">
        <test-method is-config="true" signature="setUp()[pri:0, instance:strongroom.DestroyPatient@54e1c68b]" started-at="2024-02-06T13:31:27 IST" name="setUp" finished-at="2024-02-06T13:31:35 IST" duration-ms="7692" status="PASS">
          <reporter-output>
          </reporter-output>
        </test-method> <!-- setUp -->
        <test-method signature="destroyPatient(java.lang.String,java.lang.String,java.lang.String,java.lang.String,java.lang.String,java.lang.String,java.lang.String,java.lang.String,java.lang.String)[pri:0, instance:strongroom.DestroyPatient@54e1c68b]" started-at="2024-02-06T13:31:35 IST" name="destroyPatient" data-provider="getTestData" finished-at="2024-02-06T13:31:35 IST" duration-ms="1" status="PASS">
          <params>
            <param index="0">
              <value>
                <![CDATA[Transfer in Imprest]]>
              </value>
            </param>
            <param index="1">
              <value>
                <![CDATA[WA Nursing Home]]>
              </value>
            </param>
            <param index="2">
              <value>
                <![CDATA[(docusate + sennoside B) Soflax (AN) tablet]]>
              </value>
            </param>
            <param index="3">
              <value>
                <![CDATA[5e26790f-e97b-47a9-978b-e42b5915acbc]]>
              </value>
            </param>
            <param index="4">
              <value>
                <![CDATA[Arvind Nath]]>
              </value>
            </param>
            <param index="5">
              <value>
                <![CDATA[2.0]]>
              </value>
            </param>
            <param index="6">
              <value>
                <![CDATA[Added Note]]>
              </value>
            </param>
            <param index="7">
              <value>
                <![CDATA[valeshan.naidoo@strongroom.ai]]>
              </value>
            </param>
            <param index="8">
              <value>
                <![CDATA[1111]]>
              </value>
            </param>
          </params>
          <reporter-output>
          </reporter-output>
        </test-method> <!-- destroyPatient -->
        <test-method is-config="true" signature="tearDown(org.testng.ITestResult)[pri:0, instance:strongroom.DestroyPatient@54e1c68b]" started-at="2024-02-06T13:31:35 IST" name="tearDown" finished-at="2024-02-06T13:31:47 IST" duration-ms="12313" status="PASS">
          <params>
            <param index="0">
              <value>
                <![CDATA[[TestResult name=destroyPatient status=SUCCESS method=DestroyPatient.destroyPatient(java.lang.String,java.lang.String,java.lang.String,java.lang.String,java.lang.String,java.lang.String,java.lang.String,java.lang.String,java.lang.String)[pri:0, instance:strongroom.DestroyPatient@54e1c68b] output={null}]]]>
              </value>
            </param>
          </params>
          <reporter-output>
          </reporter-output>
        </test-method> <!-- tearDown -->
        <test-method signature="destroyPatient(java.lang.String,java.lang.String,java.lang.String,java.lang.String,java.lang.String,java.lang.String,java.lang.String,java.lang.String,java.lang.String)[pri:0, instance:strongroom.DestroyPatient@54e1c68b]" started-at="2024-02-06T13:31:47 IST" name="destroyPatient" data-provider="getTestData" finished-at="2024-02-06T13:31:47 IST" duration-ms="2" status="PASS">
          <params>
            <param index="0">
              <value>
                <![CDATA[Transfer out Imprest]]>
              </value>
            </param>
            <param index="1">
              <value>
                <![CDATA[Facility 3]]>
              </value>
            </param>
            <param index="2">
              <value>
                <![CDATA[(amoxicillin) amoxicillin 500 mg capsule]]>
              </value>
            </param>
            <param index="3">
              <value>
                <![CDATA[40334233-18a9-4ca6-96a8-001718ec55e3]]>
              </value>
            </param>
            <param index="4">
              <value>
                <![CDATA[Windsor Charles]]>
              </value>
            </param>
            <param index="5">
              <value>
                <![CDATA[2.0]]>
              </value>
            </param>
            <param index="6">
              <value>
                <![CDATA[Added Note]]>
              </value>
            </param>
            <param index="7">
              <value>
                <![CDATA[valeshan.naidoo@strongroom.ai]]>
              </value>
            </param>
            <param index="8">
              <value>
                <![CDATA[1111]]>
              </value>
            </param>
          </params>
          <reporter-output>
          </reporter-output>
        </test-method> <!-- destroyPatient -->
        <test-method is-config="true" signature="tearDown(org.testng.ITestResult)[pri:0, instance:strongroom.DestroyPatient@54e1c68b]" started-at="2024-02-06T13:31:47 IST" name="tearDown" finished-at="2024-02-06T13:31:57 IST" duration-ms="10433" status="PASS">
          <params>
            <param index="0">
              <value>
                <![CDATA[[TestResult name=destroyPatient status=SUCCESS method=DestroyPatient.destroyPatient(java.lang.String,java.lang.String,java.lang.String,java.lang.String,java.lang.String,java.lang.String,java.lang.String,java.lang.String,java.lang.String)[pri:0, instance:strongroom.DestroyPatient@54e1c68b] output={null}]]]>
              </value>
            </param>
          </params>
          <reporter-output>
          </reporter-output>
        </test-method> <!-- tearDown -->
        <test-method signature="destroyPatient(java.lang.String,java.lang.String,java.lang.String,java.lang.String,java.lang.String,java.lang.String,java.lang.String,java.lang.String,java.lang.String)[pri:0, instance:strongroom.DestroyPatient@54e1c68b]" started-at="2024-02-06T13:31:57 IST" name="destroyPatient" data-provider="getTestData" finished-at="2024-02-06T13:31:57 IST" duration-ms="6" status="PASS">
          <params>
            <param index="0">
              <value>
                <![CDATA[Transfer in Patient]]>
              </value>
            </param>
            <param index="1">
              <value>
                <![CDATA[External facility]]>
              </value>
            </param>
            <param index="2">
              <value>
                <![CDATA[(bromocriptine) bromocriptine 5 mg capsule]]>
              </value>
            </param>
            <param index="3">
              <value>
                <![CDATA[54eb5c05-efe3-4feb-b599-314ecc93cfb9]]>
              </value>
            </param>
            <param index="4">
              <value>
                <![CDATA[Jerry RAC004]]>
              </value>
            </param>
            <param index="5">
              <value>
                <![CDATA[2.0]]>
              </value>
            </param>
            <param index="6">
              <value>
                <![CDATA[Added Note]]>
              </value>
            </param>
            <param index="7">
              <value>
                <![CDATA[valeshan.naidoo@strongroom.ai]]>
              </value>
            </param>
            <param index="8">
              <value>
                <![CDATA[1111]]>
              </value>
            </param>
          </params>
          <reporter-output>
          </reporter-output>
        </test-method> <!-- destroyPatient -->
        <test-method is-config="true" signature="tearDown(org.testng.ITestResult)[pri:0, instance:strongroom.DestroyPatient@54e1c68b]" started-at="2024-02-06T13:31:57 IST" name="tearDown" finished-at="2024-02-06T13:32:06 IST" duration-ms="8850" status="PASS">
          <params>
            <param index="0">
              <value>
                <![CDATA[[TestResult name=destroyPatient status=SUCCESS method=DestroyPatient.destroyPatient(java.lang.String,java.lang.String,java.lang.String,java.lang.String,java.lang.String,java.lang.String,java.lang.String,java.lang.String,java.lang.String)[pri:0, instance:strongroom.DestroyPatient@54e1c68b] output={null}]]]>
              </value>
            </param>
          </params>
          <reporter-output>
          </reporter-output>
        </test-method> <!-- tearDown -->
        <test-method signature="destroyPatient(java.lang.String,java.lang.String,java.lang.String,java.lang.String,java.lang.String,java.lang.String,java.lang.String,java.lang.String,java.lang.String)[pri:0, instance:strongroom.DestroyPatient@54e1c68b]" started-at="2024-02-06T13:32:06 IST" name="destroyPatient" data-provider="getTestData" finished-at="2024-02-06T13:32:06 IST" duration-ms="2" status="PASS">
          <params>
            <param index="0">
              <value>
                <![CDATA[Destroy imprest]]>
              </value>
            </param>
            <param index="1">
              <value>
                <![CDATA[Imprest]]>
              </value>
            </param>
            <param index="2">
              <value>
                <![CDATA[(methadone) methadone hydrochloride 500 microgram/mL oral liquid]]>
              </value>
            </param>
            <param index="3">
              <value>
                <![CDATA[251f26cf-275f-417b-ac18-be0e8267078e]]>
              </value>
            </param>
            <param index="4">
              <value>
                <![CDATA[Matilda Kerr]]>
              </value>
            </param>
            <param index="5">
              <value>
                <![CDATA[2.0]]>
              </value>
            </param>
            <param index="6">
              <value>
                <![CDATA[Added Note]]>
              </value>
            </param>
            <param index="7">
              <value>
                <![CDATA[valeshan.naidoo@strongroom.ai]]>
              </value>
            </param>
            <param index="8">
              <value>
                <![CDATA[1111]]>
              </value>
            </param>
          </params>
          <reporter-output>
          </reporter-output>
        </test-method> <!-- destroyPatient -->
        <test-method is-config="true" signature="tearDown(org.testng.ITestResult)[pri:0, instance:strongroom.DestroyPatient@54e1c68b]" started-at="2024-02-06T13:32:06 IST" name="tearDown" finished-at="2024-02-06T13:32:14 IST" duration-ms="8076" status="PASS">
          <params>
            <param index="0">
              <value>
                <![CDATA[[TestResult name=destroyPatient status=SUCCESS method=DestroyPatient.destroyPatient(java.lang.String,java.lang.String,java.lang.String,java.lang.String,java.lang.String,java.lang.String,java.lang.String,java.lang.String,java.lang.String)[pri:0, instance:strongroom.DestroyPatient@54e1c68b] output={null}]]]>
              </value>
            </param>
          </params>
          <reporter-output>
          </reporter-output>
        </test-method> <!-- tearDown -->
        <test-method signature="destroyPatient(java.lang.String,java.lang.String,java.lang.String,java.lang.String,java.lang.String,java.lang.String,java.lang.String,java.lang.String,java.lang.String)[pri:0, instance:strongroom.DestroyPatient@54e1c68b]" started-at="2024-02-06T13:32:14 IST" name="destroyPatient" data-provider="getTestData" finished-at="2024-02-06T13:32:14 IST" duration-ms="3" status="PASS">
          <params>
            <param index="0">
              <value>
                <![CDATA[Outgoing Patient]]>
              </value>
            </param>
            <param index="1">
              <value>
                <![CDATA[overall ecase]]>
              </value>
            </param>
            <param index="2">
              <value>
                <![CDATA[(prilocaine) prilocaine hydrochloride 1% (50 mg/5 mL) injection, ampoule]]>
              </value>
            </param>
            <param index="3">
              <value>
                <![CDATA[4ff2a345-b25f-4bdb-843a-3193ef9f70b5]]>
              </value>
            </param>
            <param index="4">
              <value>
                <![CDATA[Robyn Dhar]]>
              </value>
            </param>
            <param index="5">
              <value>
                <![CDATA[2.0]]>
              </value>
            </param>
            <param index="6">
              <value>
                <![CDATA[Added Note]]>
              </value>
            </param>
            <param index="7">
              <value>
                <![CDATA[valeshan.naidoo@strongroom.ai]]>
              </value>
            </param>
            <param index="8">
              <value>
                <![CDATA[1111]]>
              </value>
            </param>
          </params>
          <reporter-output>
          </reporter-output>
        </test-method> <!-- destroyPatient -->
        <test-method is-config="true" signature="tearDown(org.testng.ITestResult)[pri:0, instance:strongroom.DestroyPatient@54e1c68b]" started-at="2024-02-06T13:32:14 IST" name="tearDown" finished-at="2024-02-06T13:32:24 IST" duration-ms="9906" status="PASS">
          <params>
            <param index="0">
              <value>
                <![CDATA[[TestResult name=destroyPatient status=SUCCESS method=DestroyPatient.destroyPatient(java.lang.String,java.lang.String,java.lang.String,java.lang.String,java.lang.String,java.lang.String,java.lang.String,java.lang.String,java.lang.String)[pri:0, instance:strongroom.DestroyPatient@54e1c68b] output={null}]]]>
              </value>
            </param>
          </params>
          <reporter-output>
          </reporter-output>
        </test-method> <!-- tearDown -->
        <test-method signature="destroyPatient(java.lang.String,java.lang.String,java.lang.String,java.lang.String,java.lang.String,java.lang.String,java.lang.String,java.lang.String,java.lang.String)[pri:0, instance:strongroom.DestroyPatient@54e1c68b]" started-at="2024-02-06T13:32:24 IST" name="destroyPatient" data-provider="getTestData" finished-at="2024-02-06T13:32:24 IST" duration-ms="2" status="PASS">
          <params>
            <param index="0">
              <value>
                <![CDATA[Outgoing imprest]]>
              </value>
            </param>
            <param index="1">
              <value>
                <![CDATA[Pharmacy]]>
              </value>
            </param>
            <param index="2">
              <value>
                <![CDATA[(amoxicillin) Yomax 500 mg capsule]]>
              </value>
            </param>
            <param index="3">
              <value>
                <![CDATA[108f9bc3-ef0d-4936-bcf7-d67034d0531b]]>
              </value>
            </param>
            <param index="4">
              <value>
                <![CDATA[David Springer]]>
              </value>
            </param>
            <param index="5">
              <value>
                <![CDATA[2.0]]>
              </value>
            </param>
            <param index="6">
              <value>
                <![CDATA[Added Note]]>
              </value>
            </param>
            <param index="7">
              <value>
                <![CDATA[valeshan.naidoo@strongroom.ai]]>
              </value>
            </param>
            <param index="8">
              <value>
                <![CDATA[1111]]>
              </value>
            </param>
          </params>
          <reporter-output>
          </reporter-output>
        </test-method> <!-- destroyPatient -->
        <test-method is-config="true" signature="tearDown(org.testng.ITestResult)[pri:0, instance:strongroom.DestroyPatient@54e1c68b]" started-at="2024-02-06T13:32:24 IST" name="tearDown" finished-at="2024-02-06T13:32:38 IST" duration-ms="14178" status="PASS">
          <params>
            <param index="0">
              <value>
                <![CDATA[[TestResult name=destroyPatient status=SUCCESS method=DestroyPatient.destroyPatient(java.lang.String,java.lang.String,java.lang.String,java.lang.String,java.lang.String,java.lang.String,java.lang.String,java.lang.String,java.lang.String)[pri:0, instance:strongroom.DestroyPatient@54e1c68b] output={null}]]]>
              </value>
            </param>
          </params>
          <reporter-output>
          </reporter-output>
        </test-method> <!-- tearDown -->
        <test-method signature="destroyPatient(java.lang.String,java.lang.String,java.lang.String,java.lang.String,java.lang.String,java.lang.String,java.lang.String,java.lang.String,java.lang.String)[pri:0, instance:strongroom.DestroyPatient@54e1c68b]" started-at="2024-02-06T13:32:38 IST" name="destroyPatient" data-provider="getTestData" finished-at="2024-02-06T13:33:10 IST" duration-ms="31301" status="PASS">
          <params>
            <param index="0">
              <value>
                <![CDATA[Destroy Patient]]>
              </value>
            </param>
            <param index="1">
              <value>
                <![CDATA[Final Facility]]>
              </value>
            </param>
            <param index="2">
              <value>
                <![CDATA[(gentamicin) gentamicin 40 mg/mL injection, ampoule]]>
              </value>
            </param>
            <param index="3">
              <value>
                <![CDATA[076bdc53-820c-4e06-b7de-bb14bdfba61b]]>
              </value>
            </param>
            <param index="4">
              <value>
                <![CDATA[Perry Grant]]>
              </value>
            </param>
            <param index="5">
              <value>
                <![CDATA[2.0]]>
              </value>
            </param>
            <param index="6">
              <value>
                <![CDATA[Added Note]]>
              </value>
            </param>
            <param index="7">
              <value>
                <![CDATA[valeshan.naidoo@strongroom.ai]]>
              </value>
            </param>
            <param index="8">
              <value>
                <![CDATA[1111]]>
              </value>
            </param>
          </params>
          <reporter-output>
          </reporter-output>
        </test-method> <!-- destroyPatient -->
        <test-method is-config="true" signature="tearDown(org.testng.ITestResult)[pri:0, instance:strongroom.DestroyPatient@54e1c68b]" started-at="2024-02-06T13:33:10 IST" name="tearDown" finished-at="2024-02-06T13:33:35 IST" duration-ms="25109" status="PASS">
          <params>
            <param index="0">
              <value>
                <![CDATA[[TestResult name=destroyPatient status=SUCCESS method=DestroyPatient.destroyPatient(java.lang.String,java.lang.String,java.lang.String,java.lang.String,java.lang.String,java.lang.String,java.lang.String,java.lang.String,java.lang.String)[pri:0, instance:strongroom.DestroyPatient@54e1c68b] output={null}]]]>
              </value>
            </param>
          </params>
          <reporter-output>
          </reporter-output>
        </test-method> <!-- tearDown -->
        <test-method signature="destroyPatient(java.lang.String,java.lang.String,java.lang.String,java.lang.String,java.lang.String,java.lang.String,java.lang.String,java.lang.String,java.lang.String)[pri:0, instance:strongroom.DestroyPatient@54e1c68b]" started-at="2024-02-06T13:33:35 IST" name="destroyPatient" data-provider="getTestData" finished-at="2024-02-06T13:33:35 IST" duration-ms="1" status="PASS">
          <params>
            <param index="0">
              <value>
                <![CDATA[Transfer out Patient]]>
              </value>
            </param>
            <param index="1">
              <value>
                <![CDATA[Loc-1]]>
              </value>
            </param>
            <param index="2">
              <value>
                <![CDATA[(lidocaine) lidocaine hydrochloride 4% cream]]>
              </value>
            </param>
            <param index="3">
              <value>
                <![CDATA[f7f38e97-83e8-49d4-ba47-fb184baa8675]]>
              </value>
            </param>
            <param index="4">
              <value>
                <![CDATA[Pamela Butler]]>
              </value>
            </param>
            <param index="5">
              <value>
                <![CDATA[2.0]]>
              </value>
            </param>
            <param index="6">
              <value>
                <![CDATA[Added Note]]>
              </value>
            </param>
            <param index="7">
              <value>
                <![CDATA[valeshan.naidoo@strongroom.ai]]>
              </value>
            </param>
            <param index="8">
              <value>
                <![CDATA[1111]]>
              </value>
            </param>
          </params>
          <reporter-output>
          </reporter-output>
        </test-method> <!-- destroyPatient -->
        <test-method is-config="true" signature="tearDown(org.testng.ITestResult)[pri:0, instance:strongroom.DestroyPatient@54e1c68b]" started-at="2024-02-06T13:33:35 IST" name="tearDown" finished-at="2024-02-06T13:34:32 IST" duration-ms="57194" status="PASS">
          <params>
            <param index="0">
              <value>
                <![CDATA[[TestResult name=destroyPatient status=SUCCESS method=DestroyPatient.destroyPatient(java.lang.String,java.lang.String,java.lang.String,java.lang.String,java.lang.String,java.lang.String,java.lang.String,java.lang.String,java.lang.String)[pri:0, instance:strongroom.DestroyPatient@54e1c68b] output={null}]]]>
              </value>
            </param>
          </params>
          <reporter-output>
          </reporter-output>
        </test-method> <!-- tearDown -->
        <test-method is-config="true" signature="tearDown()[pri:0, instance:strongroom.DestroyPatient@54e1c68b]" started-at="2024-02-06T13:34:32 IST" name="tearDown" finished-at="2024-02-06T13:34:32 IST" duration-ms="92" status="PASS">
          <reporter-output>
          </reporter-output>
        </test-method> <!-- tearDown -->
      </class> <!-- strongroom.DestroyPatient -->
      <class name="strongroom.Destroyimprest">
        <test-method is-config="true" signature="setUp()[pri:0, instance:strongroom.Destroyimprest@59505b48]" started-at="2024-02-06T13:29:33 IST" name="setUp" finished-at="2024-02-06T13:29:45 IST" duration-ms="12262" status="PASS">
          <reporter-output>
          </reporter-output>
        </test-method> <!-- setUp -->
        <test-method signature="destroyimprest(java.lang.String,java.lang.String,java.lang.String,java.lang.String,java.lang.String,java.lang.String,java.lang.String,java.lang.String,java.lang.String)[pri:0, instance:strongroom.Destroyimprest@59505b48]" started-at="2024-02-06T13:29:45 IST" name="destroyimprest" data-provider="getTestData" finished-at="2024-02-06T13:29:45 IST" duration-ms="14" status="PASS">
          <params>
            <param index="0">
              <value>
                <![CDATA[Transfer in Imprest]]>
              </value>
            </param>
            <param index="1">
              <value>
                <![CDATA[WA Nursing Home]]>
              </value>
            </param>
            <param index="2">
              <value>
                <![CDATA[(docusate + sennoside B) Soflax (AN) tablet]]>
              </value>
            </param>
            <param index="3">
              <value>
                <![CDATA[5e26790f-e97b-47a9-978b-e42b5915acbc]]>
              </value>
            </param>
            <param index="4">
              <value>
                <![CDATA[Arvind Nath]]>
              </value>
            </param>
            <param index="5">
              <value>
                <![CDATA[2.0]]>
              </value>
            </param>
            <param index="6">
              <value>
                <![CDATA[Added Note]]>
              </value>
            </param>
            <param index="7">
              <value>
                <![CDATA[valeshan.naidoo@strongroom.ai]]>
              </value>
            </param>
            <param index="8">
              <value>
                <![CDATA[1111]]>
              </value>
            </param>
          </params>
          <reporter-output>
          </reporter-output>
        </test-method> <!-- destroyimprest -->
        <test-method is-config="true" signature="tearDown(org.testng.ITestResult)[pri:0, instance:strongroom.Destroyimprest@59505b48]" started-at="2024-02-06T13:29:45 IST" name="tearDown" finished-at="2024-02-06T13:29:54 IST" duration-ms="9274" status="PASS">
          <params>
            <param index="0">
              <value>
                <![CDATA[[TestResult name=destroyimprest status=SUCCESS method=Destroyimprest.destroyimprest(java.lang.String,java.lang.String,java.lang.String,java.lang.String,java.lang.String,java.lang.String,java.lang.String,java.lang.String,java.lang.String)[pri:0, instance:strongroom.Destroyimprest@59505b48] output={null}]]]>
              </value>
            </param>
          </params>
          <reporter-output>
          </reporter-output>
        </test-method> <!-- tearDown -->
        <test-method signature="destroyimprest(java.lang.String,java.lang.String,java.lang.String,java.lang.String,java.lang.String,java.lang.String,java.lang.String,java.lang.String,java.lang.String)[pri:0, instance:strongroom.Destroyimprest@59505b48]" started-at="2024-02-06T13:29:54 IST" name="destroyimprest" data-provider="getTestData" finished-at="2024-02-06T13:29:54 IST" duration-ms="5" status="PASS">
          <params>
            <param index="0">
              <value>
                <![CDATA[Transfer out Imprest]]>
              </value>
            </param>
            <param index="1">
              <value>
                <![CDATA[Facility 3]]>
              </value>
            </param>
            <param index="2">
              <value>
                <![CDATA[(amoxicillin) amoxicillin 500 mg capsule]]>
              </value>
            </param>
            <param index="3">
              <value>
                <![CDATA[40334233-18a9-4ca6-96a8-001718ec55e3]]>
              </value>
            </param>
            <param index="4">
              <value>
                <![CDATA[Windsor Charles]]>
              </value>
            </param>
            <param index="5">
              <value>
                <![CDATA[2.0]]>
              </value>
            </param>
            <param index="6">
              <value>
                <![CDATA[Added Note]]>
              </value>
            </param>
            <param index="7">
              <value>
                <![CDATA[valeshan.naidoo@strongroom.ai]]>
              </value>
            </param>
            <param index="8">
              <value>
                <![CDATA[1111]]>
              </value>
            </param>
          </params>
          <reporter-output>
          </reporter-output>
        </test-method> <!-- destroyimprest -->
        <test-method is-config="true" signature="tearDown(org.testng.ITestResult)[pri:0, instance:strongroom.Destroyimprest@59505b48]" started-at="2024-02-06T13:29:54 IST" name="tearDown" finished-at="2024-02-06T13:30:02 IST" duration-ms="7340" status="PASS">
          <params>
            <param index="0">
              <value>
                <![CDATA[[TestResult name=destroyimprest status=SUCCESS method=Destroyimprest.destroyimprest(java.lang.String,java.lang.String,java.lang.String,java.lang.String,java.lang.String,java.lang.String,java.lang.String,java.lang.String,java.lang.String)[pri:0, instance:strongroom.Destroyimprest@59505b48] output={null}]]]>
              </value>
            </param>
          </params>
          <reporter-output>
          </reporter-output>
        </test-method> <!-- tearDown -->
        <test-method signature="destroyimprest(java.lang.String,java.lang.String,java.lang.String,java.lang.String,java.lang.String,java.lang.String,java.lang.String,java.lang.String,java.lang.String)[pri:0, instance:strongroom.Destroyimprest@59505b48]" started-at="2024-02-06T13:30:02 IST" name="destroyimprest" data-provider="getTestData" finished-at="2024-02-06T13:30:02 IST" duration-ms="7" status="PASS">
          <params>
            <param index="0">
              <value>
                <![CDATA[Transfer in Patient]]>
              </value>
            </param>
            <param index="1">
              <value>
                <![CDATA[External facility]]>
              </value>
            </param>
            <param index="2">
              <value>
                <![CDATA[(bromocriptine) bromocriptine 5 mg capsule]]>
              </value>
            </param>
            <param index="3">
              <value>
                <![CDATA[54eb5c05-efe3-4feb-b599-314ecc93cfb9]]>
              </value>
            </param>
            <param index="4">
              <value>
                <![CDATA[Jerry RAC004]]>
              </value>
            </param>
            <param index="5">
              <value>
                <![CDATA[2.0]]>
              </value>
            </param>
            <param index="6">
              <value>
                <![CDATA[Added Note]]>
              </value>
            </param>
            <param index="7">
              <value>
                <![CDATA[valeshan.naidoo@strongroom.ai]]>
              </value>
            </param>
            <param index="8">
              <value>
                <![CDATA[1111]]>
              </value>
            </param>
          </params>
          <reporter-output>
          </reporter-output>
        </test-method> <!-- destroyimprest -->
        <test-method is-config="true" signature="tearDown(org.testng.ITestResult)[pri:0, instance:strongroom.Destroyimprest@59505b48]" started-at="2024-02-06T13:30:02 IST" name="tearDown" finished-at="2024-02-06T13:30:12 IST" duration-ms="10081" status="PASS">
          <params>
            <param index="0">
              <value>
                <![CDATA[[TestResult name=destroyimprest status=SUCCESS method=Destroyimprest.destroyimprest(java.lang.String,java.lang.String,java.lang.String,java.lang.String,java.lang.String,java.lang.String,java.lang.String,java.lang.String,java.lang.String)[pri:0, instance:strongroom.Destroyimprest@59505b48] output={null}]]]>
              </value>
            </param>
          </params>
          <reporter-output>
          </reporter-output>
        </test-method> <!-- tearDown -->
        <test-method signature="destroyimprest(java.lang.String,java.lang.String,java.lang.String,java.lang.String,java.lang.String,java.lang.String,java.lang.String,java.lang.String,java.lang.String)[pri:0, instance:strongroom.Destroyimprest@59505b48]" started-at="2024-02-06T13:30:12 IST" name="destroyimprest" data-provider="getTestData" finished-at="2024-02-06T13:30:43 IST" duration-ms="30997" status="PASS">
          <params>
            <param index="0">
              <value>
                <![CDATA[Destroy imprest]]>
              </value>
            </param>
            <param index="1">
              <value>
                <![CDATA[Imprest]]>
              </value>
            </param>
            <param index="2">
              <value>
                <![CDATA[(methadone) methadone hydrochloride 500 microgram/mL oral liquid]]>
              </value>
            </param>
            <param index="3">
              <value>
                <![CDATA[251f26cf-275f-417b-ac18-be0e8267078e]]>
              </value>
            </param>
            <param index="4">
              <value>
                <![CDATA[Matilda Kerr]]>
              </value>
            </param>
            <param index="5">
              <value>
                <![CDATA[2.0]]>
              </value>
            </param>
            <param index="6">
              <value>
                <![CDATA[Added Note]]>
              </value>
            </param>
            <param index="7">
              <value>
                <![CDATA[valeshan.naidoo@strongroom.ai]]>
              </value>
            </param>
            <param index="8">
              <value>
                <![CDATA[1111]]>
              </value>
            </param>
          </params>
          <reporter-output>
          </reporter-output>
        </test-method> <!-- destroyimprest -->
        <test-method is-config="true" signature="tearDown(org.testng.ITestResult)[pri:0, instance:strongroom.Destroyimprest@59505b48]" started-at="2024-02-06T13:30:43 IST" name="tearDown" finished-at="2024-02-06T13:30:52 IST" duration-ms="9238" status="PASS">
          <params>
            <param index="0">
              <value>
                <![CDATA[[TestResult name=destroyimprest status=SUCCESS method=Destroyimprest.destroyimprest(java.lang.String,java.lang.String,java.lang.String,java.lang.String,java.lang.String,java.lang.String,java.lang.String,java.lang.String,java.lang.String)[pri:0, instance:strongroom.Destroyimprest@59505b48] output={null}]]]>
              </value>
            </param>
          </params>
          <reporter-output>
          </reporter-output>
        </test-method> <!-- tearDown -->
        <test-method signature="destroyimprest(java.lang.String,java.lang.String,java.lang.String,java.lang.String,java.lang.String,java.lang.String,java.lang.String,java.lang.String,java.lang.String)[pri:0, instance:strongroom.Destroyimprest@59505b48]" started-at="2024-02-06T13:30:52 IST" name="destroyimprest" data-provider="getTestData" finished-at="2024-02-06T13:30:52 IST" duration-ms="2" status="PASS">
          <params>
            <param index="0">
              <value>
                <![CDATA[Outgoing Patient]]>
              </value>
            </param>
            <param index="1">
              <value>
                <![CDATA[overall ecase]]>
              </value>
            </param>
            <param index="2">
              <value>
                <![CDATA[(prilocaine) prilocaine hydrochloride 1% (50 mg/5 mL) injection, ampoule]]>
              </value>
            </param>
            <param index="3">
              <value>
                <![CDATA[4ff2a345-b25f-4bdb-843a-3193ef9f70b5]]>
              </value>
            </param>
            <param index="4">
              <value>
                <![CDATA[Robyn Dhar]]>
              </value>
            </param>
            <param index="5">
              <value>
                <![CDATA[2.0]]>
              </value>
            </param>
            <param index="6">
              <value>
                <![CDATA[Added Note]]>
              </value>
            </param>
            <param index="7">
              <value>
[...]
          <params>
            <param index="0">
              <value>
                <![CDATA[[TestResult name=outgoingimprest status=SUCCESS method=Outgoingimprest.outgoingimprest(java.lang.String,java.lang.String,java.lang.String,java.lang.String,java.lang.String,java.lang.String,java.lang.String,java.lang.String,java.lang.String)[pri:0, instance:strongroom.Outgoingimprest@53aac487] output={null}]]]>
              </value>
            </param>
          </params>
          <reporter-output>
          </reporter-output>
        </test-method> <!-- tearDown -->
        <test-method signature="outgoingimprest(java.lang.String,java.lang.String,java.lang.String,java.lang.String,java.lang.String,java.lang.String,java.lang.String,java.lang.String,java.lang.String)[pri:0, instance:strongroom.Outgoingimprest@53aac487]" started-at="2024-02-06T13:35:10 IST" name="outgoingimprest" data-provider="getTestData" finished-at="2024-02-06T13:35:10 IST" duration-ms="1" status="PASS">
          <params>
            <param index="0">
              <value>
                <![CDATA[Transfer out Imprest]]>
              </value>
            </param>
            <param index="1">
              <value>
                <![CDATA[Facility 3]]>
              </value>
            </param>
            <param index="2">
              <value>
                <![CDATA[(amoxicillin) amoxicillin 500 mg capsule]]>
              </value>
            </param>
            <param index="3">
              <value>
                <![CDATA[40334233-18a9-4ca6-96a8-001718ec55e3]]>
              </value>
            </param>
            <param index="4">
              <value>
                <![CDATA[Windsor Charles]]>
              </value>
            </param>
            <param index="5">
              <value>
                <![CDATA[2.0]]>
              </value>
            </param>
            <param index="6">
              <value>
                <![CDATA[Added Note]]>
              </value>
            </param>
            <param index="7">
              <value>
                <![CDATA[valeshan.naidoo@strongroom.ai]]>
              </value>
            </param>
            <param index="8">
              <value>
                <![CDATA[1111]]>
              </value>
            </param>
          </params>
          <reporter-output>
          </reporter-output>
        </test-method> <!-- outgoingimprest -->
        <test-method is-config="true" signature="tearDown(org.testng.ITestResult)[pri:0, instance:strongroom.Outgoingimprest@53aac487]" started-at="2024-02-06T13:35:10 IST" name="tearDown" finished-at="2024-02-06T13:35:19 IST" duration-ms="8436" status="PASS">
          <params>
            <param index="0">
              <value>
                <![CDATA[[TestResult name=outgoingimprest status=SUCCESS method=Outgoingimprest.outgoingimprest(java.lang.String,java.lang.String,java.lang.String,java.lang.String,java.lang.String,java.lang.String,java.lang.String,java.lang.String,java.lang.String)[pri:0, instance:strongroom.Outgoingimprest@53aac487] output={null}]]]>
              </value>
            </param>
          </params>
          <reporter-output>
          </reporter-output>
        </test-method> <!-- tearDown -->
        <test-method signature="outgoingimprest(java.lang.String,java.lang.String,java.lang.String,java.lang.String,java.lang.String,java.lang.String,java.lang.String,java.lang.String,java.lang.String)[pri:0, instance:strongroom.Outgoingimprest@53aac487]" started-at="2024-02-06T13:35:19 IST" name="outgoingimprest" data-provider="getTestData" finished-at="2024-02-06T13:35:19 IST" duration-ms="2" status="PASS">
          <params>
            <param index="0">
              <value>
                <![CDATA[Transfer in Patient]]>
              </value>
            </param>
            <param index="1">
              <value>
                <![CDATA[External facility]]>
              </value>
            </param>
            <param index="2">
              <value>
                <![CDATA[(bromocriptine) bromocriptine 5 mg capsule]]>
              </value>
            </param>
            <param index="3">
              <value>
                <![CDATA[54eb5c05-efe3-4feb-b599-314ecc93cfb9]]>
              </value>
            </param>
            <param index="4">
              <value>
                <![CDATA[Jerry RAC004]]>
              </value>
            </param>
            <param index="5">
              <value>
                <![CDATA[2.0]]>
              </value>
            </param>
            <param index="6">
              <value>
                <![CDATA[Added Note]]>
              </value>
            </param>
            <param index="7">
              <value>
                <![CDATA[valeshan.naidoo@strongroom.ai]]>
              </value>
            </param>
            <param index="8">
              <value>
                <![CDATA[1111]]>
              </value>
            </param>
          </params>
          <reporter-output>
          </reporter-output>
        </test-method> <!-- outgoingimprest -->
        <test-method is-config="true" signature="tearDown(org.testng.ITestResult)[pri:0, instance:strongroom.Outgoingimprest@53aac487]" started-at="2024-02-06T13:35:19 IST" name="tearDown" finished-at="2024-02-06T13:35:26 IST" duration-ms="7692" status="PASS">
          <params>
            <param index="0">
              <value>
                <![CDATA[[TestResult name=outgoingimprest status=SUCCESS method=Outgoingimprest.outgoingimprest(java.lang.String,java.lang.String,java.lang.String,java.lang.String,java.lang.String,java.lang.String,java.lang.String,java.lang.String,java.lang.String)[pri:0, instance:strongroom.Outgoingimprest@53aac487] output={null}]]]>
              </value>
            </param>
          </params>
          <reporter-output>
          </reporter-output>
        </test-method> <!-- tearDown -->
        <test-method signature="outgoingimprest(java.lang.String,java.lang.String,java.lang.String,java.lang.String,java.lang.String,java.lang.String,java.lang.String,java.lang.String,java.lang.String)[pri:0, instance:strongroom.Outgoingimprest@53aac487]" started-at="2024-02-06T13:35:26 IST" name="outgoingimprest" data-provider="getTestData" finished-at="2024-02-06T13:35:26 IST" duration-ms="3" status="PASS">
          <params>
            <param index="0">
              <value>
                <![CDATA[Destroy imprest]]>
              </value>
            </param>
            <param index="1">
              <value>
                <![CDATA[Imprest]]>
              </value>
            </param>
            <param index="2">
              <value>
                <![CDATA[(methadone) methadone hydrochloride 500 microgram/mL oral liquid]]>
              </value>
            </param>
            <param index="3">
              <value>
                <![CDATA[251f26cf-275f-417b-ac18-be0e8267078e]]>
              </value>
            </param>
            <param index="4">
              <value>
                <![CDATA[Matilda Kerr]]>
              </value>
            </param>
            <param index="5">
              <value>
                <![CDATA[2.0]]>
              </value>
            </param>
            <param index="6">
              <value>
                <![CDATA[Added Note]]>
              </value>
            </param>
            <param index="7">
              <value>
                <![CDATA[valeshan.naidoo@strongroom.ai]]>
              </value>
            </param>
            <param index="8">
              <value>
                <![CDATA[1111]]>
              </value>
            </param>
          </params>
          <reporter-output>
          </reporter-output>
        </test-method> <!-- outgoingimprest -->
        <test-method is-config="true" signature="tearDown(org.testng.ITestResult)[pri:0, instance:strongroom.Outgoingimprest@53aac487]" started-at="2024-02-06T13:35:26 IST" name="tearDown" finished-at="2024-02-06T13:35:33 IST" duration-ms="7272" status="PASS">
          <params>
            <param index="0">
              <value>
                <![CDATA[[TestResult name=outgoingimprest status=SUCCESS method=Outgoingimprest.outgoingimprest(java.lang.String,java.lang.String,java.lang.String,java.lang.String,java.lang.String,java.lang.String,java.lang.String,java.lang.String,java.lang.String)[pri:0, instance:strongroom.Outgoingimprest@53aac487] output={null}]]]>
              </value>
            </param>
          </params>
          <reporter-output>
          </reporter-output>
        </test-method> <!-- tearDown -->
        <test-method signature="outgoingimprest(java.lang.String,java.lang.String,java.lang.String,java.lang.String,java.lang.String,java.lang.String,java.lang.String,java.lang.String,java.lang.String)[pri:0, instance:strongroom.Outgoingimprest@53aac487]" started-at="2024-02-06T13:35:33 IST" name="outgoingimprest" data-provider="getTestData" finished-at="2024-02-06T13:35:33 IST" duration-ms="1" status="PASS">
          <params>
            <param index="0">
              <value>
                <![CDATA[Outgoing Patient]]>
              </value>
            </param>
            <param index="1">
              <value>
                <![CDATA[overall ecase]]>
              </value>
            </param>
            <param index="2">
              <value>
                <![CDATA[(prilocaine) prilocaine hydrochloride 1% (50 mg/5 mL) injection, ampoule]]>
              </value>
            </param>
            <param index="3">
              <value>
                <![CDATA[4ff2a345-b25f-4bdb-843a-3193ef9f70b5]]>
              </value>
            </param>
            <param index="4">
              <value>
                <![CDATA[Robyn Dhar]]>
              </value>
            </param>
            <param index="5">
              <value>
                <![CDATA[2.0]]>
              </value>
            </param>
            <param index="6">
              <value>
                <![CDATA[Added Note]]>
              </value>
            </param>
            <param index="7">
              <value>
                <![CDATA[valeshan.naidoo@strongroom.ai]]>
              </value>
            </param>
            <param index="8">
              <value>
                <![CDATA[1111]]>
              </value>
            </param>
          </params>
          <reporter-output>
          </reporter-output>
        </test-method> <!-- outgoingimprest -->
        <test-method is-config="true" signature="tearDown(org.testng.ITestResult)[pri:0, instance:strongroom.Outgoingimprest@53aac487]" started-at="2024-02-06T13:35:33 IST" name="tearDown" finished-at="2024-02-06T13:35:44 IST" duration-ms="10503" status="PASS">
          <params>
            <param index="0">
              <value>
                <![CDATA[[TestResult name=outgoingimprest status=SUCCESS method=Outgoingimprest.outgoingimprest(java.lang.String,java.lang.String,java.lang.String,java.lang.String,java.lang.String,java.lang.String,java.lang.String,java.lang.String,java.lang.String)[pri:0, instance:strongroom.Outgoingimprest@53aac487] output={null}]]]>
              </value>
            </param>
          </params>
          <reporter-output>
          </reporter-output>
        </test-method> <!-- tearDown -->
        <test-method signature="outgoingimprest(java.lang.String,java.lang.String,java.lang.String,java.lang.String,java.lang.String,java.lang.String,java.lang.String,java.lang.String,java.lang.String)[pri:0, instance:strongroom.Outgoingimprest@53aac487]" started-at="2024-02-06T13:35:44 IST" name="outgoingimprest" data-provider="getTestData" finished-at="2024-02-06T13:36:15 IST" duration-ms="31148" status="PASS">
          <params>
            <param index="0">
              <value>
                <![CDATA[Outgoing imprest]]>
              </value>
            </param>
            <param index="1">
              <value>
                <![CDATA[Pharmacy]]>
              </value>
            </param>
            <param index="2">
              <value>
                <![CDATA[(amoxicillin) Yomax 500 mg capsule]]>
              </value>
            </param>
            <param index="3">
              <value>
                <![CDATA[108f9bc3-ef0d-4936-bcf7-d67034d0531b]]>
              </value>
            </param>
            <param index="4">
              <value>
                <![CDATA[David Springer]]>
              </value>
            </param>
            <param index="5">
              <value>
                <![CDATA[2.0]]>
              </value>
            </param>
            <param index="6">
              <value>
                <![CDATA[Added Note]]>
              </value>
            </param>
            <param index="7">
              <value>
                <![CDATA[valeshan.naidoo@strongroom.ai]]>
              </value>
            </param>
            <param index="8">
              <value>
                <![CDATA[1111]]>
              </value>
            </param>
          </params>
          <reporter-output>
          </reporter-output>
        </test-method> <!-- outgoingimprest -->
        <test-method is-config="true" signature="tearDown(org.testng.ITestResult)[pri:0, instance:strongroom.Outgoingimprest@53aac487]" started-at="2024-02-06T13:36:15 IST" name="tearDown" finished-at="2024-02-06T13:36:23 IST" duration-ms="8358" status="PASS">
          <params>
            <param index="0">
              <value>
                <![CDATA[[TestResult name=outgoingimprest status=SUCCESS method=Outgoingimprest.outgoingimprest(java.lang.String,java.lang.String,java.lang.String,java.lang.String,java.lang.String,java.lang.String,java.lang.String,java.lang.String,java.lang.String)[pri:0, instance:strongroom.Outgoingimprest@53aac487] output={null}]]]>
              </value>
            </param>
          </params>
          <reporter-output>
          </reporter-output>
        </test-method> <!-- tearDown -->
        <test-method signature="outgoingimprest(java.lang.String,java.lang.String,java.lang.String,java.lang.String,java.lang.String,java.lang.String,java.lang.String,java.lang.String,java.lang.String)[pri:0, instance:strongroom.Outgoingimprest@53aac487]" started-at="2024-02-06T13:36:23 IST" name="outgoingimprest" data-provider="getTestData" finished-at="2024-02-06T13:36:23 IST" duration-ms="1" status="PASS">
          <params>
            <param index="0">
              <value>
                <![CDATA[Destroy Patient]]>
              </value>
            </param>
            <param index="1">
              <value>
                <![CDATA[Final Facility]]>
              </value>
            </param>
            <param index="2">
              <value>
                <![CDATA[(gentamicin) gentamicin 40 mg/mL injection, ampoule]]>
              </value>
            </param>
            <param index="3">
              <value>
                <![CDATA[076bdc53-820c-4e06-b7de-bb14bdfba61b]]>
              </value>
            </param>
            <param index="4">
              <value>
                <![CDATA[Perry Grant]]>
              </value>
            </param>
            <param index="5">
              <value>
                <![CDATA[2.0]]>
              </value>
            </param>
            <param index="6">
              <value>
                <![CDATA[Added Note]]>
              </value>
            </param>
            <param index="7">
              <value>
                <![CDATA[valeshan.naidoo@strongroom.ai]]>
              </value>
            </param>
            <param index="8">
              <value>
                <![CDATA[1111]]>
              </value>
            </param>
          </params>
          <reporter-output>
          </reporter-output>
        </test-method> <!-- outgoingimprest -->
        <test-method is-config="true" signature="tearDown(org.testng.ITestResult)[pri:0, instance:strongroom.Outgoingimprest@53aac487]" started-at="2024-02-06T13:36:23 IST" name="tearDown" finished-at="2024-02-06T13:36:31 IST" duration-ms="7651" status="PASS">
          <params>
            <param index="0">
              <value>
                <![CDATA[[TestResult name=outgoingimprest status=SUCCESS method=Outgoingimprest.outgoingimprest(java.lang.String,java.lang.String,java.lang.String,java.lang.String,java.lang.String,java.lang.String,java.lang.String,java.lang.String,java.lang.String)[pri:0, instance:strongroom.Outgoingimprest@53aac487] output={null}]]]>
              </value>
            </param>
          </params>
          <reporter-output>
          </reporter-output>
        </test-method> <!-- tearDown -->
        <test-method signature="outgoingimprest(java.lang.String,java.lang.String,java.lang.String,java.lang.String,java.lang.String,java.lang.String,java.lang.String,java.lang.String,java.lang.String)[pri:0, instance:strongroom.Outgoingimprest@53aac487]" started-at="2024-02-06T13:36:31 IST" name="outgoingimprest" data-provider="getTestData" finished-at="2024-02-06T13:36:31 IST" duration-ms="1" status="PASS">
          <params>
            <param index="0">
              <value>
                <![CDATA[Transfer out Patient]]>
              </value>
            </param>
            <param index="1">
              <value>
                <![CDATA[Loc-1]]>
              </value>
            </param>
            <param index="2">
              <value>
                <![CDATA[(lidocaine) lidocaine hydrochloride 4% cream]]>
              </value>
            </param>
            <param index="3">
              <value>
                <![CDATA[f7f38e97-83e8-49d4-ba47-fb184baa8675]]>
              </value>
            </param>
            <param index="4">
              <value>
                <![CDATA[Pamela Butler]]>
              </value>
            </param>
            <param index="5">
              <value>
                <![CDATA[2.0]]>
              </value>
            </param>
            <param index="6">
              <value>
                <![CDATA[Added Note]]>
              </value>
            </param>
            <param index="7">
              <value>
                <![CDATA[valeshan.naidoo@strongroom.ai]]>
              </value>
            </param>
            <param index="8">
              <value>
                <![CDATA[1111]]>
              </value>
            </param>
          </params>
          <reporter-output>
          </reporter-output>
        </test-method> <!-- outgoingimprest -->
        <test-method is-config="true" signature="tearDown(org.testng.ITestResult)[pri:0, instance:strongroom.Outgoingimprest@53aac487]" started-at="2024-02-06T13:36:31 IST" name="tearDown" finished-at="2024-02-06T13:36:39 IST" duration-ms="8270" status="PASS">
          <params>
            <param index="0">
              <value>
                <![CDATA[[TestResult name=outgoingimprest status=SUCCESS method=Outgoingimprest.outgoingimprest(java.lang.String,java.lang.String,java.lang.String,java.lang.String,java.lang.String,java.lang.String,java.lang.String,java.lang.String,java.lang.String)[pri:0, instance:strongroom.Outgoingimprest@53aac487] output={null}]]]>
              </value>
            </param>
          </params>
          <reporter-output>
          </reporter-output>
        </test-method> <!-- tearDown -->
        <test-method is-config="true" signature="tearDown()[pri:0, instance:strongroom.Outgoingimprest@53aac487]" started-at="2024-02-06T13:36:39 IST" name="tearDown" finished-at="2024-02-06T13:36:40 IST" duration-ms="147" status="PASS">
          <reporter-output>
          </reporter-output>
        </test-method> <!-- tearDown -->
      </class> <!-- strongroom.Outgoingimprest -->
    </test> <!-- Agedcare -->
  </suite> <!-- Suite -->
</testng-results>
