<?xml version="1.0" encoding="UTF-8"?>
<testng-results ignored="10" total="11" passed="1" failed="0" skipped="0">
  <reporter-output>
  </reporter-output>
  <suite started-at="2024-01-30T10:58:20 IST" name="Default suite" finished-at="2024-01-30T10:59:27 IST" duration-ms="66592">
    <groups>
    </groups>
    <test started-at="2024-01-30T10:58:20 IST" name="Default test" finished-at="2024-01-30T10:59:27 IST" duration-ms="66592">
      <class name="strongroom.Agedcare">
        <test-method is-config="true" signature="setUp()[pri:0, instance:strongroom.Agedcare@201a4587]" started-at="2024-01-30T10:58:20 IST" name="setUp" finished-at="2024-01-30T10:58:31 IST" duration-ms="10472" status="PASS">
          <reporter-output>
          </reporter-output>
        </test-method> <!-- setUp -->
        <test-method signature="TransferinImprest()[pri:1, instance:strongroom.Agedcare@201a4587]" started-at="2024-01-30T10:58:31 IST" name="TransferinImprest" finished-at="2024-01-30T10:59:17 IST" duration-ms="45873" status="PASS">
          <reporter-output>
          </reporter-output>
        </test-method> <!-- TransferinImprest -->
        <test-method is-config="true" signature="tearDown(org.testng.ITestResult)[pri:0, instance:strongroom.Agedcare@201a4587]" started-at="2024-01-30T10:59:17 IST" name="tearDown" finished-at="2024-01-30T10:59:27 IST" duration-ms="10220" status="PASS">
          <params>
            <param index="0">
              <value>
                <![CDATA[[TestResult name=TransferinImprest status=SUCCESS method=Agedcare.TransferinImprest()[pri:1, instance:strongroom.Agedcare@201a4587] output={null}]]]>
              </value>
            </param>
          </params>
          <reporter-output>
          </reporter-output>
        </test-method> <!-- tearDown -->
        <test-method is-config="true" signature="tearDown()[pri:0, instance:strongroom.Agedcare@201a4587]" started-at="2024-01-30T10:59:27 IST" name="tearDown" finished-at="2024-01-30T10:59:27 IST" duration-ms="0" status="PASS">
          <reporter-output>
          </reporter-output>
        </test-method> <!-- tearDown -->
      </class> <!-- strongroom.Agedcare -->
    </test> <!-- Default test -->
  </suite> <!-- Default suite -->
</testng-results>
