<?xml version="1.0" encoding="UTF-8"?>
<testng-results ignored="0" total="7" passed="7" failed="0" skipped="0">
  <reporter-output>
  </reporter-output>
  <suite started-at="2024-01-03T13:09:38 IST" name="Default suite" finished-at="2024-01-03T13:12:06 IST" duration-ms="148501">
    <groups>
    </groups>
    <test started-at="2024-01-03T13:09:38 IST" name="Default test" finished-at="2024-01-03T13:12:06 IST" duration-ms="148501">
      <class name="testsuite.TestScript">
        <test-method is-config="true" signature="setUp()[pri:0, instance:testsuite.TestScript@bae7dc0]" started-at="2024-01-03T13:09:38 IST" name="setUp" finished-at="2024-01-03T13:09:40 IST" duration-ms="2307" status="PASS">
          <reporter-output>
          </reporter-output>
        </test-method> <!-- setUp -->
        <test-method signature="Login()[pri:0, instance:testsuite.TestScript@bae7dc0]" started-at="2024-01-03T13:09:40 IST" name="Login" finished-at="2024-01-03T13:09:52 IST" duration-ms="11945" status="PASS">
          <reporter-output>
          </reporter-output>
        </test-method> <!-- Login -->
        <test-method signature="stocktake()[pri:1, instance:testsuite.TestScript@bae7dc0]" started-at="2024-01-03T13:09:52 IST" name="stocktake" finished-at="2024-01-03T13:09:59 IST" duration-ms="6537" status="PASS">
          <reporter-output>
          </reporter-output>
        </test-method> <!-- stocktake -->
        <test-method signature="Transferin()[pri:2, instance:testsuite.TestScript@bae7dc0]" started-at="2024-01-03T13:09:59 IST" name="Transferin" finished-at="2024-01-03T13:10:24 IST" duration-ms="25510" status="PASS">
          <reporter-output>
          </reporter-output>
        </test-method> <!-- Transferin -->
        <test-method signature="Transferin()[pri:2, instance:testsuite.TestScript@bae7dc0]" started-at="2024-01-03T13:10:24 IST" name="Transferin" finished-at="2024-01-03T13:10:50 IST" duration-ms="25552" status="PASS">
          <reporter-output>
          </reporter-output>
        </test-method> <!-- Transferin -->
        <test-method signature="Transferin()[pri:2, instance:testsuite.TestScript@bae7dc0]" started-at="2024-01-03T13:10:50 IST" name="Transferin" finished-at="2024-01-03T13:11:15 IST" duration-ms="25407" status="PASS">
          <reporter-output>
          </reporter-output>
        </test-method> <!-- Transferin -->
        <test-method signature="Transferin()[pri:2, instance:testsuite.TestScript@bae7dc0]" started-at="2024-01-03T13:11:15 IST" name="Transferin" finished-at="2024-01-03T13:11:41 IST" duration-ms="25562" status="PASS">
          <reporter-output>
          </reporter-output>
        </test-method> <!-- Transferin -->
        <test-method signature="Transferin()[pri:2, instance:testsuite.TestScript@bae7dc0]" started-at="2024-01-03T13:11:41 IST" name="Transferin" finished-at="2024-01-03T13:12:06 IST" duration-ms="25527" status="PASS">
          <reporter-output>
          </reporter-output>
        </test-method> <!-- Transferin -->
        <test-method is-config="true" signature="tearDown()[pri:0, instance:testsuite.TestScript@bae7dc0]" started-at="2024-01-03T13:12:06 IST" name="tearDown" finished-at="2024-01-03T13:12:06 IST" duration-ms="110" status="PASS">
          <reporter-output>
          </reporter-output>
        </test-method> <!-- tearDown -->
      </class> <!-- testsuite.TestScript -->
    </test> <!-- Default test -->
  </suite> <!-- Default suite -->
</testng-results>
