<?xml version="1.0" encoding="UTF-8"?>
<testng-results ignored="0" total="18" passed="18" failed="0" skipped="0">
  <reporter-output>
  </reporter-output>
  <suite started-at="2024-01-04T12:41:12 IST" name="Default suite" finished-at="2024-01-04T12:53:21 IST" duration-ms="728319">
    <groups>
    </groups>
    <test started-at="2024-01-04T12:41:12 IST" name="Default test" finished-at="2024-01-04T12:53:21 IST" duration-ms="728319">
      <class name="testsuite.TestScript">
        <test-method is-config="true" signature="setUp()[pri:0, instance:testsuite.TestScript@bae7dc0]" started-at="2024-01-04T12:41:12 IST" name="setUp" finished-at="2024-01-04T12:41:16 IST" duration-ms="3334" status="PASS">
          <reporter-output>
          </reporter-output>
        </test-method> <!-- setUp -->
        <test-method signature="Login()[pri:0, instance:testsuite.TestScript@bae7dc0]" started-at="2024-01-04T12:41:16 IST" name="Login" finished-at="2024-01-04T12:41:31 IST" duration-ms="15341" status="PASS">
          <reporter-output>
          </reporter-output>
        </test-method> <!-- Login -->
        <test-method signature="stocktakeOpen()[pri:1, instance:testsuite.TestScript@bae7dc0]" started-at="2024-01-04T12:41:31 IST" name="stocktakeOpen" finished-at="2024-01-04T12:44:38 IST" duration-ms="187235" status="PASS">
          <reporter-output>
          </reporter-output>
        </test-method> <!-- stocktakeOpen -->
        <test-method signature="Transferin()[pri:2, instance:testsuite.TestScript@bae7dc0]" started-at="2024-01-04T12:44:38 IST" name="Transferin" finished-at="2024-01-04T12:45:01 IST" duration-ms="22642" status="PASS">
          <reporter-output>
          </reporter-output>
        </test-method> <!-- Transferin -->
        <test-method signature="Transferin()[pri:2, instance:testsuite.TestScript@bae7dc0]" started-at="2024-01-04T12:45:01 IST" name="Transferin" finished-at="2024-01-04T12:45:23 IST" duration-ms="22415" status="PASS">
          <reporter-output>
          </reporter-output>
        </test-method> <!-- Transferin -->
        <test-method signature="Transferin()[pri:2, instance:testsuite.TestScript@bae7dc0]" started-at="2024-01-04T12:45:23 IST" name="Transferin" finished-at="2024-01-04T12:45:46 IST" duration-ms="22345" status="PASS">
          <reporter-output>
          </reporter-output>
        </test-method> <!-- Transferin -->
        <test-method signature="Transferin()[pri:2, instance:testsuite.TestScript@bae7dc0]" started-at="2024-01-04T12:45:46 IST" name="Transferin" finished-at="2024-01-04T12:46:08 IST" duration-ms="22329" status="PASS">
          <reporter-output>
          </reporter-output>
        </test-method> <!-- Transferin -->
        <test-method signature="Transferin()[pri:2, instance:testsuite.TestScript@bae7dc0]" started-at="2024-01-04T12:46:08 IST" name="Transferin" finished-at="2024-01-04T12:46:30 IST" duration-ms="22406" status="PASS">
          <reporter-output>
          </reporter-output>
        </test-method> <!-- Transferin -->
        <test-method signature="Transferin()[pri:2, instance:testsuite.TestScript@bae7dc0]" started-at="2024-01-04T12:46:30 IST" name="Transferin" finished-at="2024-01-04T12:46:53 IST" duration-ms="22357" status="PASS">
          <reporter-output>
          </reporter-output>
        </test-method> <!-- Transferin -->
        <test-method signature="Transferin()[pri:2, instance:testsuite.TestScript@bae7dc0]" started-at="2024-01-04T12:46:53 IST" name="Transferin" finished-at="2024-01-04T12:47:15 IST" duration-ms="22335" status="PASS">
          <reporter-output>
          </reporter-output>
        </test-method> <!-- Transferin -->
        <test-method signature="Transferin()[pri:2, instance:testsuite.TestScript@bae7dc0]" started-at="2024-01-04T12:47:15 IST" name="Transferin" finished-at="2024-01-04T12:47:38 IST" duration-ms="22505" status="PASS">
          <reporter-output>
          </reporter-output>
        </test-method> <!-- Transferin -->
        <test-method signature="Transferin()[pri:2, instance:testsuite.TestScript@bae7dc0]" started-at="2024-01-04T12:47:38 IST" name="Transferin" finished-at="2024-01-04T12:48:00 IST" duration-ms="22294" status="PASS">
          <reporter-output>
          </reporter-output>
        </test-method> <!-- Transferin -->
        <test-method signature="Transferin()[pri:2, instance:testsuite.TestScript@bae7dc0]" started-at="2024-01-04T12:48:00 IST" name="Transferin" finished-at="2024-01-04T12:48:22 IST" duration-ms="22413" status="PASS">
          <reporter-output>
          </reporter-output>
        </test-method> <!-- Transferin -->
        <test-method signature="Transferin()[pri:2, instance:testsuite.TestScript@bae7dc0]" started-at="2024-01-04T12:48:22 IST" name="Transferin" finished-at="2024-01-04T12:48:45 IST" duration-ms="22480" status="PASS">
          <reporter-output>
          </reporter-output>
        </test-method> <!-- Transferin -->
        <test-method signature="Transferin()[pri:2, instance:testsuite.TestScript@bae7dc0]" started-at="2024-01-04T12:48:45 IST" name="Transferin" finished-at="2024-01-04T12:49:07 IST" duration-ms="22283" status="PASS">
          <reporter-output>
          </reporter-output>
        </test-method> <!-- Transferin -->
        <test-method signature="Transferin()[pri:2, instance:testsuite.TestScript@bae7dc0]" started-at="2024-01-04T12:49:07 IST" name="Transferin" finished-at="2024-01-04T12:49:30 IST" duration-ms="22438" status="PASS">
          <reporter-output>
          </reporter-output>
        </test-method> <!-- Transferin -->
        <test-method signature="Transferin()[pri:2, instance:testsuite.TestScript@bae7dc0]" started-at="2024-01-04T12:49:30 IST" name="Transferin" finished-at="2024-01-04T12:49:52 IST" duration-ms="22335" status="PASS">
          <reporter-output>
          </reporter-output>
        </test-method> <!-- Transferin -->
        <test-method signature="Transferin()[pri:2, instance:testsuite.TestScript@bae7dc0]" started-at="2024-01-04T12:49:52 IST" name="Transferin" finished-at="2024-01-04T12:50:14 IST" duration-ms="22362" status="PASS">
          <reporter-output>
          </reporter-output>
        </test-method> <!-- Transferin -->
        <test-method signature="stocktakeclose()[pri:3, instance:testsuite.TestScript@bae7dc0]" started-at="2024-01-04T12:50:14 IST" name="stocktakeclose" finished-at="2024-01-04T12:53:21 IST" duration-ms="186282" status="PASS">
          <reporter-output>
          </reporter-output>
        </test-method> <!-- stocktakeclose -->
        <test-method is-config="true" signature="tearDown()[pri:0, instance:testsuite.TestScript@bae7dc0]" started-at="2024-01-04T12:53:21 IST" name="tearDown" finished-at="2024-01-04T12:53:21 IST" duration-ms="127" status="PASS">
          <reporter-output>
          </reporter-output>
        </test-method> <!-- tearDown -->
      </class> <!-- testsuite.TestScript -->
    </test> <!-- Default test -->
  </suite> <!-- Default suite -->
</testng-results>
