<?xml version="1.0" encoding="UTF-8"?>
<testng-results ignored="0" total="5" passed="5" failed="0" skipped="0">
  <reporter-output>
  </reporter-output>
  <suite started-at="2024-01-02T18:06:42 IST" name="Default suite" finished-at="2024-01-02T18:08:02 IST" duration-ms="79459">
    <groups>
    </groups>
    <test started-at="2024-01-02T18:06:42 IST" name="Default test" finished-at="2024-01-02T18:08:02 IST" duration-ms="79459">
      <class name="testsuite.TestScript">
        <test-method is-config="true" signature="setUp()[pri:0, instance:testsuite.TestScript@4f2b503c]" started-at="2024-01-02T18:06:42 IST" name="setUp" finished-at="2024-01-02T18:06:45 IST" duration-ms="2397" status="PASS">
          <reporter-output>
          </reporter-output>
        </test-method> <!-- setUp -->
        <test-method signature="Login()[pri:0, instance:testsuite.TestScript@4f2b503c]" started-at="2024-01-02T18:06:45 IST" name="Login" finished-at="2024-01-02T18:06:57 IST" duration-ms="11679" status="PASS">
          <reporter-output>
          </reporter-output>
        </test-method> <!-- Login -->
        <test-method signature="stocktake()[pri:1, instance:testsuite.TestScript@4f2b503c]" started-at="2024-01-02T18:06:57 IST" name="stocktake" finished-at="2024-01-02T18:07:03 IST" duration-ms="6562" status="PASS">
          <reporter-output>
          </reporter-output>
        </test-method> <!-- stocktake -->
        <test-method signature="Transferin()[pri:2, instance:testsuite.TestScript@4f2b503c]" started-at="2024-01-02T18:07:03 IST" name="Transferin" finished-at="2024-01-02T18:07:23 IST" duration-ms="19726" status="PASS">
          <reporter-output>
          </reporter-output>
        </test-method> <!-- Transferin -->
        <test-method signature="Transferin()[pri:2, instance:testsuite.TestScript@4f2b503c]" started-at="2024-01-02T18:07:23 IST" name="Transferin" finished-at="2024-01-02T18:07:42 IST" duration-ms="19480" status="PASS">
          <reporter-output>
          </reporter-output>
        </test-method> <!-- Transferin -->
        <test-method signature="Transferin()[pri:2, instance:testsuite.TestScript@4f2b503c]" started-at="2024-01-02T18:07:42 IST" name="Transferin" finished-at="2024-01-02T18:08:02 IST" duration-ms="19480" status="PASS">
          <reporter-output>
          </reporter-output>
        </test-method> <!-- Transferin -->
        <test-method is-config="true" signature="tearDown()[pri:0, instance:testsuite.TestScript@4f2b503c]" started-at="2024-01-02T18:08:02 IST" name="tearDown" finished-at="2024-01-02T18:08:02 IST" duration-ms="94" status="PASS">
          <reporter-output>
          </reporter-output>
        </test-method> <!-- tearDown -->
      </class> <!-- testsuite.TestScript -->
    </test> <!-- Default test -->
  </suite> <!-- Default suite -->
</testng-results>
