<?xml version="1.0" encoding="UTF-8"?>
<testng-results ignored="3" total="6" passed="3" failed="0" skipped="0">
  <reporter-output>
  </reporter-output>
  <suite started-at="2024-01-05T17:11:58 IST" name="Aged care" finished-at="2024-01-05T17:13:04 IST" duration-ms="65625">
    <groups>
    </groups>
    <test started-at="2024-01-05T17:11:58 IST" name="Aged care" finished-at="2024-01-05T17:13:04 IST" duration-ms="65625">
      <class name="strongroom.Agedcare">
        <test-method is-config="true" signature="setUp()[pri:0, instance:strongroom.Agedcare@485966cc]" started-at="2024-01-05T17:11:58 IST" name="setUp" finished-at="2024-01-05T17:12:00 IST" duration-ms="2453" status="PASS">
          <reporter-output>
          </reporter-output>
        </test-method> <!-- setUp -->
        <test-method signature="Login()[pri:0, instance:strongroom.Agedcare@485966cc]" started-at="2024-01-05T17:12:00 IST" name="Login" finished-at="2024-01-05T17:12:14 IST" duration-ms="13408" status="PASS">
          <reporter-output>
          </reporter-output>
        </test-method> <!-- Login -->
        <test-method signature="TransferinPatient()[pri:2, instance:strongroom.Agedcare@485966cc]" started-at="2024-01-05T17:12:14 IST" name="TransferinPatient" finished-at="2024-01-05T17:12:38 IST" duration-ms="24603" status="PASS">
          <reporter-output>
          </reporter-output>
        </test-method> <!-- TransferinPatient -->
        <test-method signature="TransferinPatient()[pri:2, instance:strongroom.Agedcare@485966cc]" started-at="2024-01-05T17:12:38 IST" name="TransferinPatient" finished-at="2024-01-05T17:13:04 IST" duration-ms="25047" status="PASS">
          <reporter-output>
          </reporter-output>
        </test-method> <!-- TransferinPatient -->
        <test-method is-config="true" signature="tearDown()[pri:0, instance:strongroom.Agedcare@485966cc]" started-at="2024-01-05T17:13:04 IST" name="tearDown" finished-at="2024-01-05T17:13:04 IST" duration-ms="85" status="PASS">
          <reporter-output>
          </reporter-output>
        </test-method> <!-- tearDown -->
      </class> <!-- strongroom.Agedcare -->
    </test> <!-- Aged care -->
  </suite> <!-- Aged care -->
</testng-results>
