<?xml version="1.0" encoding="UTF-8"?>
<testng-results ignored="3" total="4" passed="1" failed="0" skipped="0">
  <reporter-output>
  </reporter-output>
  <suite started-at="2024-01-04T18:25:54 IST" name="Default suite" finished-at="2024-01-04T18:26:07 IST" duration-ms="13780">
    <groups>
    </groups>
    <test started-at="2024-01-04T18:25:54 IST" name="Default test" finished-at="2024-01-04T18:26:07 IST" duration-ms="13780">
      <class name="testsuite.TestScript">
        <test-method is-config="true" signature="setUp()[pri:0, instance:testsuite.TestScript@bae7dc0]" started-at="2024-01-04T18:25:54 IST" name="setUp" finished-at="2024-01-04T18:25:56 IST" duration-ms="2095" status="PASS">
          <reporter-output>
          </reporter-output>
        </test-method> <!-- setUp -->
        <test-method signature="Login()[pri:0, instance:testsuite.TestScript@bae7dc0]" started-at="2024-01-04T18:25:56 IST" name="Login" finished-at="2024-01-04T18:26:07 IST" duration-ms="11581" status="PASS">
          <reporter-output>
          </reporter-output>
        </test-method> <!-- Login -->
        <test-method is-config="true" signature="tearDown()[pri:0, instance:testsuite.TestScript@bae7dc0]" started-at="2024-01-04T18:26:07 IST" name="tearDown" finished-at="2024-01-04T18:26:07 IST" duration-ms="79" status="PASS">
          <reporter-output>
          </reporter-output>
        </test-method> <!-- tearDown -->
      </class> <!-- testsuite.TestScript -->
    </test> <!-- Default test -->
  </suite> <!-- Default suite -->
</testng-results>
