<?xml version="1.0" encoding="UTF-8"?>
<testng-results ignored="5" total="7" passed="2" failed="0" skipped="0">
  <reporter-output>
  </reporter-output>
  <suite started-at="2024-01-09T12:45:18 IST" name="Aged care" finished-at="2024-01-09T12:45:44 IST" duration-ms="26826">
    <groups>
    </groups>
    <test started-at="2024-01-09T12:45:18 IST" name="Aged care" finished-at="2024-01-09T12:45:44 IST" duration-ms="26826">
      <class name="strongroom.Agedcare">
        <test-method is-config="true" signature="setUp()[pri:0, instance:strongroom.Agedcare@593aaf41]" started-at="2024-01-09T12:45:18 IST" name="setUp" finished-at="2024-01-09T12:45:20 IST" duration-ms="2428" status="PASS">
          <reporter-output>
          </reporter-output>
        </test-method> <!-- setUp -->
        <test-method signature="Login()[pri:0, instance:strongroom.Agedcare@593aaf41]" started-at="2024-01-09T12:45:20 IST" name="Login" finished-at="2024-01-09T12:45:31 IST" duration-ms="11061" status="PASS">
          <reporter-output>
          </reporter-output>
        </test-method> <!-- Login -->
        <test-method signature="TransferoutPatient()[pri:1, instance:strongroom.Agedcare@593aaf41]" started-at="2024-01-09T12:45:31 IST" name="TransferoutPatient" finished-at="2024-01-09T12:45:44 IST" duration-ms="13307" status="PASS">
          <reporter-output>
          </reporter-output>
        </test-method> <!-- TransferoutPatient -->
        <test-method is-config="true" signature="tearDown()[pri:0, instance:strongroom.Agedcare@593aaf41]" started-at="2024-01-09T12:45:44 IST" name="tearDown" finished-at="2024-01-09T12:45:44 IST" duration-ms="0" status="PASS">
          <reporter-output>
          </reporter-output>
        </test-method> <!-- tearDown -->
      </class> <!-- strongroom.Agedcare -->
    </test> <!-- Aged care -->
  </suite> <!-- Aged care -->
</testng-results>
