<?xml version="1.0" encoding="UTF-8"?>
<testng-results ignored="4" total="7" passed="3" failed="0" skipped="0">
  <reporter-output>
  </reporter-output>
  <suite started-at="2024-01-08T10:51:36 IST" name="Aged care" finished-at="2024-01-08T10:52:40 IST" duration-ms="63908">
    <groups>
    </groups>
    <test started-at="2024-01-08T10:51:36 IST" name="Aged care" finished-at="2024-01-08T10:52:40 IST" duration-ms="63908">
      <class name="strongroom.Agedcare">
        <test-method is-config="true" signature="setUp()[pri:0, instance:strongroom.Agedcare@1de76cc7]" started-at="2024-01-08T10:51:36 IST" name="setUp" finished-at="2024-01-08T10:51:38 IST" duration-ms="2264" status="PASS">
          <reporter-output>
          </reporter-output>
        </test-method> <!-- setUp -->
        <test-method signature="Login()[pri:0, instance:strongroom.Agedcare@1de76cc7]" started-at="2024-01-08T10:51:38 IST" name="Login" finished-at="2024-01-08T10:51:51 IST" duration-ms="12595" status="PASS">
          <reporter-output>
          </reporter-output>
        </test-method> <!-- Login -->
        <test-method signature="TransferoutImprest()[pri:1, instance:strongroom.Agedcare@1de76cc7]" started-at="2024-01-08T10:51:51 IST" name="TransferoutImprest" finished-at="2024-01-08T10:52:15 IST" duration-ms="24366" status="PASS">
          <reporter-output>
          </reporter-output>
        </test-method> <!-- TransferoutImprest -->
        <test-method signature="TransferoutImprest()[pri:1, instance:strongroom.Agedcare@1de76cc7]" started-at="2024-01-08T10:52:15 IST" name="TransferoutImprest" finished-at="2024-01-08T10:52:40 IST" duration-ms="24569" status="PASS">
          <reporter-output>
          </reporter-output>
        </test-method> <!-- TransferoutImprest -->
        <test-method is-config="true" signature="tearDown()[pri:0, instance:strongroom.Agedcare@1de76cc7]" started-at="2024-01-08T10:52:40 IST" name="tearDown" finished-at="2024-01-08T10:52:40 IST" duration-ms="86" status="PASS">
          <reporter-output>
          </reporter-output>
        </test-method> <!-- tearDown -->
      </class> <!-- strongroom.Agedcare -->
    </test> <!-- Aged care -->
  </suite> <!-- Aged care -->
</testng-results>
