<?xml version="1.0" encoding="UTF-8"?>
<testng-results ignored="0" total="1" passed="1" failed="0" skipped="0">
  <reporter-output>
  </reporter-output>
  <suite started-at="2024-02-28T10:01:50 IST" name="Default suite" finished-at="2024-02-28T10:03:21 IST" duration-ms="90566">
    <groups>
    </groups>
    <test started-at="2024-02-28T10:01:50 IST" name="Default test" finished-at="2024-02-28T10:03:21 IST" duration-ms="90566">
      <class name="strongroom.Testing">
        <test-method is-config="true" signature="setUp()[pri:0, instance:strongroom.Testing@537f60bf]" started-at="2024-02-28T10:01:50 IST" name="setUp" finished-at="2024-02-28T10:01:51 IST" duration-ms="1357" status="PASS">
          <reporter-output>
          </reporter-output>
        </test-method> <!-- setUp -->
        <test-method is-config="true" signature="login()[pri:0, instance:strongroom.Testing@537f60bf]" started-at="2024-02-28T10:01:52 IST" name="login" finished-at="2024-02-28T10:02:14 IST" duration-ms="22073" status="PASS">
          <reporter-output>
          </reporter-output>
        </test-method> <!-- login -->
        <test-method signature="automation(java.lang.String,java.lang.String,java.lang.String,java.lang.String,java.lang.String,java.lang.String,java.lang.String,java.lang.String,java.lang.String)[pri:0, instance:strongroom.Testing@537f60bf]" started-at="2024-02-28T10:02:14 IST" name="automation" data-provider="getTestData" finished-at="2024-02-28T10:03:06 IST" duration-ms="52372" status="PASS">
          <params>
            <param index="0">
              <value>
                <![CDATA[Transfer out Patient]]>
              </value>
            </param>
            <param index="1">
              <value>
                <![CDATA[Facility 3]]>
              </value>
            </param>
            <param index="2">
              <value>
                <![CDATA[(chloroxylenol) chloroxylenol 4.8% solution]]>
              </value>
            </param>
            <param index="3">
              <value>
                <![CDATA[]]>
              </value>
            </param>
            <param index="4">
              <value>
                <![CDATA[Nancy Holt]]>
              </value>
            </param>
            <param index="5">
              <value>
                <![CDATA[40.0]]>
              </value>
            </param>
            <param index="6">
              <value>
                <![CDATA[Added Note]]>
              </value>
            </param>
            <param index="7">
              <value>
                <![CDATA[valeshan.naidoo@strongroom.ai]]>
              </value>
            </param>
            <param index="8">
              <value>
                <![CDATA[1111.0]]>
              </value>
            </param>
          </params>
          <reporter-output>
          </reporter-output>
        </test-method> <!-- automation -->
        <test-method is-config="true" signature="tearDown(org.testng.ITestResult)[pri:0, instance:strongroom.Testing@537f60bf]" started-at="2024-02-28T10:03:06 IST" name="tearDown" finished-at="2024-02-28T10:03:20 IST" duration-ms="14052" status="PASS">
          <params>
            <param index="0">
              <value>
                <![CDATA[[TestResult name=automation status=SUCCESS method=Testing.automation(java.lang.String,java.lang.String,java.lang.String,java.lang.String,java.lang.String,java.lang.String,java.lang.String,java.lang.String,java.lang.String)[pri:0, instance:strongroom.Testing@537f60bf] output={null}]]]>
              </value>
            </param>
          </params>
          <reporter-output>
          </reporter-output>
        </test-method> <!-- tearDown -->
        <test-method is-config="true" signature="tearDown()[pri:0, instance:strongroom.Testing@537f60bf]" started-at="2024-02-28T10:03:20 IST" name="tearDown" finished-at="2024-02-28T10:03:21 IST" duration-ms="112" status="PASS">
          <reporter-output>
          </reporter-output>
        </test-method> <!-- tearDown -->
      </class> <!-- strongroom.Testing -->
    </test> <!-- Default test -->
  </suite> <!-- Default suite -->
</testng-results>
