<?xml version="1.0" encoding="UTF-8"?>
<testng-results ignored="0" total="2" passed="2" failed="0" skipped="0">
  <reporter-output>
  </reporter-output>
  <suite started-at="2023-12-27T16:57:49 IST" name="Suite" finished-at="2023-12-27T17:05:41 IST" duration-ms="471576">
    <groups>
    </groups>
    <test started-at="2023-12-27T16:57:49 IST" name="Test" finished-at="2023-12-27T17:05:41 IST" duration-ms="471576">
      <class name="launchbrowser.BalanceTest">
        <test-method is-config="true" signature="setup()[pri:0, instance:launchbrowser.BalanceTest@485966cc]" started-at="2023-12-27T16:57:49 IST" name="setup" finished-at="2023-12-27T16:57:50 IST" duration-ms="1296" status="PASS">
          <reporter-output>
          </reporter-output>
        </test-method> <!-- setup -->
        <test-method signature="topMethodTest()[pri:0, instance:launchbrowser.BalanceTest@485966cc]" started-at="2023-12-27T16:57:50 IST" name="topMethodTest" finished-at="2023-12-27T16:58:13 IST" duration-ms="23063" status="PASS">
          <reporter-output>
          </reporter-output>
        </test-method> <!-- topMethodTest -->
        <test-method signature="runTest()[pri:0, instance:launchbrowser.BalanceTest@485966cc]" started-at="2023-12-27T16:58:13 IST" name="runTest" finished-at="2023-12-27T17:05:40 IST" depends-on-methods="launchbrowser.BalanceTest.topMethodTest" duration-ms="447082" status="PASS">
          <reporter-output>
          </reporter-output>
        </test-method> <!-- runTest -->
        <test-method is-config="true" signature="teardown()[pri:0, instance:launchbrowser.BalanceTest@485966cc]" started-at="2023-12-27T17:05:40 IST" name="teardown" finished-at="2023-12-27T17:05:41 IST" duration-ms="105" status="PASS">
          <reporter-output>
          </reporter-output>
        </test-method> <!-- teardown -->
      </class> <!-- launchbrowser.BalanceTest -->
    </test> <!-- Test -->
  </suite> <!-- Suite -->
</testng-results>
