<?xml version="1.0" encoding="UTF-8"?>
<testng-results ignored="2" total="4" passed="2" failed="0" skipped="0">
  <reporter-output>
  </reporter-output>
  <suite started-at="2024-01-04T14:43:53 IST" name="Default suite" finished-at="2024-01-04T14:48:00 IST" duration-ms="247214">
    <groups>
    </groups>
    <test started-at="2024-01-04T14:43:53 IST" name="Default test" finished-at="2024-01-04T14:48:00 IST" duration-ms="247214">
      <class name="testsuite.TestScript">
        <test-method is-config="true" signature="setUp()[pri:0, instance:testsuite.TestScript@209da20d]" started-at="2024-01-04T14:43:53 IST" name="setUp" finished-at="2024-01-04T14:43:55 IST" duration-ms="1988" status="PASS">
          <reporter-output>
          </reporter-output>
        </test-method> <!-- setUp -->
        <test-method signature="Login()[pri:0, instance:testsuite.TestScript@209da20d]" started-at="2024-01-04T14:43:55 IST" name="Login" finished-at="2024-01-04T14:44:08 IST" duration-ms="12846" status="PASS">
          <reporter-output>
          </reporter-output>
        </test-method> <!-- Login -->
        <test-method signature="stocktakeOpen()[pri:1, instance:testsuite.TestScript@209da20d]" started-at="2024-01-04T14:44:08 IST" name="stocktakeOpen" finished-at="2024-01-04T14:48:00 IST" duration-ms="232258" status="PASS">
          <reporter-output>
          </reporter-output>
        </test-method> <!-- stocktakeOpen -->
        <test-method is-config="true" signature="tearDown()[pri:0, instance:testsuite.TestScript@209da20d]" started-at="2024-01-04T14:48:00 IST" name="tearDown" finished-at="2024-01-04T14:48:00 IST" duration-ms="99" status="PASS">
          <reporter-output>
          </reporter-output>
        </test-method> <!-- tearDown -->
      </class> <!-- testsuite.TestScript -->
    </test> <!-- Default test -->
  </suite> <!-- Default suite -->
</testng-results>
