<?xml version="1.0" encoding="UTF-8"?>
<testng-results ignored="3" total="19" passed="16" failed="0" skipped="0">
  <reporter-output>
  </reporter-output>
  <suite started-at="2024-01-05T16:37:00 IST" name="Aged care" finished-at="2024-01-05T16:43:23 IST" duration-ms="383301">
    <groups>
    </groups>
    <test started-at="2024-01-05T16:37:00 IST" name="Aged care" finished-at="2024-01-05T16:43:23 IST" duration-ms="383301">
      <class name="testsuite.TestScript">
        <test-method is-config="true" signature="setUp()[pri:0, instance:testsuite.TestScript@485966cc]" started-at="2024-01-05T16:37:00 IST" name="setUp" finished-at="2024-01-05T16:37:02 IST" duration-ms="2331" status="PASS">
          <reporter-output>
          </reporter-output>
        </test-method> <!-- setUp -->
        <test-method signature="Login()[pri:0, instance:testsuite.TestScript@485966cc]" started-at="2024-01-05T16:37:02 IST" name="Login" finished-at="2024-01-05T16:37:16 IST" duration-ms="13492" status="PASS">
          <reporter-output>
          </reporter-output>
        </test-method> <!-- Login -->
        <test-method signature="TransferinPatient()[pri:2, instance:testsuite.TestScript@485966cc]" started-at="2024-01-05T16:37:16 IST" name="TransferinPatient" finished-at="2024-01-05T16:37:40 IST" duration-ms="24532" status="PASS">
          <reporter-output>
          </reporter-output>
        </test-method> <!-- TransferinPatient -->
        <test-method signature="TransferinPatient()[pri:2, instance:testsuite.TestScript@485966cc]" started-at="2024-01-05T16:37:40 IST" name="TransferinPatient" finished-at="2024-01-05T16:38:06 IST" duration-ms="25125" status="PASS">
          <reporter-output>
          </reporter-output>
        </test-method> <!-- TransferinPatient -->
        <test-method signature="TransferinPatient()[pri:2, instance:testsuite.TestScript@485966cc]" started-at="2024-01-05T16:38:06 IST" name="TransferinPatient" finished-at="2024-01-05T16:38:30 IST" duration-ms="24164" status="PASS">
          <reporter-output>
          </reporter-output>
        </test-method> <!-- TransferinPatient -->
        <test-method signature="TransferinPatient()[pri:2, instance:testsuite.TestScript@485966cc]" started-at="2024-01-05T16:38:30 IST" name="TransferinPatient" finished-at="2024-01-05T16:38:54 IST" duration-ms="24409" status="PASS">
          <reporter-output>
          </reporter-output>
        </test-method> <!-- TransferinPatient -->
        <test-method signature="TransferinPatient()[pri:2, instance:testsuite.TestScript@485966cc]" started-at="2024-01-05T16:38:54 IST" name="TransferinPatient" finished-at="2024-01-05T16:39:19 IST" duration-ms="24954" status="PASS">
          <reporter-output>
          </reporter-output>
        </test-method> <!-- TransferinPatient -->
        <test-method signature="TransferinPatient()[pri:2, instance:testsuite.TestScript@485966cc]" started-at="2024-01-05T16:39:19 IST" name="TransferinPatient" finished-at="2024-01-05T16:39:44 IST" duration-ms="24850" status="PASS">
          <reporter-output>
          </reporter-output>
        </test-method> <!-- TransferinPatient -->
        <test-method signature="TransferinPatient()[pri:2, instance:testsuite.TestScript@485966cc]" started-at="2024-01-05T16:39:44 IST" name="TransferinPatient" finished-at="2024-01-05T16:40:08 IST" duration-ms="24370" status="PASS">
          <reporter-output>
          </reporter-output>
        </test-method> <!-- TransferinPatient -->
        <test-method signature="TransferinPatient()[pri:2, instance:testsuite.TestScript@485966cc]" started-at="2024-01-05T16:40:08 IST" name="TransferinPatient" finished-at="2024-01-05T16:40:32 IST" duration-ms="24127" status="PASS">
          <reporter-output>
          </reporter-output>
        </test-method> <!-- TransferinPatient -->
        <test-method signature="TransferinPatient()[pri:2, instance:testsuite.TestScript@485966cc]" started-at="2024-01-05T16:40:32 IST" name="TransferinPatient" finished-at="2024-01-05T16:40:57 IST" duration-ms="24196" status="PASS">
          <reporter-output>
          </reporter-output>
        </test-method> <!-- TransferinPatient -->
        <test-method signature="TransferinPatient()[pri:2, instance:testsuite.TestScript@485966cc]" started-at="2024-01-05T16:40:57 IST" name="TransferinPatient" finished-at="2024-01-05T16:41:21 IST" duration-ms="24424" status="PASS">
          <reporter-output>
          </reporter-output>
        </test-method> <!-- TransferinPatient -->
        <test-method signature="TransferinPatient()[pri:2, instance:testsuite.TestScript@485966cc]" started-at="2024-01-05T16:41:21 IST" name="TransferinPatient" finished-at="2024-01-05T16:41:46 IST" duration-ms="24455" status="PASS">
          <reporter-output>
          </reporter-output>
        </test-method> <!-- TransferinPatient -->
        <test-method signature="TransferinPatient()[pri:2, instance:testsuite.TestScript@485966cc]" started-at="2024-01-05T16:41:46 IST" name="TransferinPatient" finished-at="2024-01-05T16:42:10 IST" duration-ms="24660" status="PASS">
          <reporter-output>
          </reporter-output>
        </test-method> <!-- TransferinPatient -->
        <test-method signature="TransferinPatient()[pri:2, instance:testsuite.TestScript@485966cc]" started-at="2024-01-05T16:42:10 IST" name="TransferinPatient" finished-at="2024-01-05T16:42:35 IST" duration-ms="24346" status="PASS">
          <reporter-output>
          </reporter-output>
        </test-method> <!-- TransferinPatient -->
        <test-method signature="TransferinPatient()[pri:2, instance:testsuite.TestScript@485966cc]" started-at="2024-01-05T16:42:35 IST" name="TransferinPatient" finished-at="2024-01-05T16:42:59 IST" duration-ms="24560" status="PASS">
          <reporter-output>
          </reporter-output>
        </test-method> <!-- TransferinPatient -->
        <test-method signature="TransferinPatient()[pri:2, instance:testsuite.TestScript@485966cc]" started-at="2024-01-05T16:42:59 IST" name="TransferinPatient" finished-at="2024-01-05T16:43:23 IST" duration-ms="24153" status="PASS">
          <reporter-output>
          </reporter-output>
        </test-method> <!-- TransferinPatient -->
        <test-method is-config="true" signature="tearDown()[pri:0, instance:testsuite.TestScript@485966cc]" started-at="2024-01-05T16:43:23 IST" name="tearDown" finished-at="2024-01-05T16:43:23 IST" duration-ms="96" status="PASS">
          <reporter-output>
          </reporter-output>
        </test-method> <!-- tearDown -->
      </class> <!-- testsuite.TestScript -->
    </test> <!-- Aged care -->
  </suite> <!-- Aged care -->
</testng-results>
